[2025-06-05T14:41:32.972-0400] {taskinstance.py:1956} INFO - Dependencies all met for dep_context=non-requeueable deps ti=<TaskInstance: netflix_retention_dag.generate_mock_data manual__2025-06-05T18:41:30.817381+00:00 [queued]>
[2025-06-05T14:41:32.974-0400] {taskinstance.py:1956} INFO - Dependencies all met for dep_context=requeueable deps ti=<TaskInstance: netflix_retention_dag.generate_mock_data manual__2025-06-05T18:41:30.817381+00:00 [queued]>
[2025-06-05T14:41:32.974-0400] {taskinstance.py:2170} INFO - Starting attempt 1 of 1
[2025-06-05T14:41:32.978-0400] {taskinstance.py:2191} INFO - Executing <Task(BashOperator): generate_mock_data> on 2025-06-05 18:41:30.817381+00:00
[2025-06-05T14:41:32.980-0400] {standard_task_runner.py:60} INFO - Started process 61461 to run task
[2025-06-05T14:41:32.985-0400] {standard_task_runner.py:87} INFO - Running: ['airflow', 'tasks', 'run', 'netflix_retention_dag', 'generate_mock_data', 'manual__2025-06-05T18:41:30.817381+00:00', '--job-id', '10', '--raw', '--subdir', 'DAGS_FOLDER/netflix_retention_dag.py', '--cfg-path', '/var/folders/h9/p5fdhb7n7s964d6sg7dxh0rw0000gn/T/tmpv9nuns8y']
[2025-06-05T14:41:32.989-0400] {standard_task_runner.py:88} INFO - Job 10: Subtask generate_mock_data
[2025-06-05T14:41:33.004-0400] {task_command.py:423} INFO - Running <TaskInstance: netflix_retention_dag.generate_mock_data manual__2025-06-05T18:41:30.817381+00:00 [running]> on host mac.lan1
[2025-06-05T14:41:33.024-0400] {taskinstance.py:2480} INFO - Exporting env vars: AIRFLOW_CTX_DAG_OWNER='airflow' AIRFLOW_CTX_DAG_ID='netflix_retention_dag' AIRFLOW_CTX_TASK_ID='generate_mock_data' AIRFLOW_CTX_EXECUTION_DATE='2025-06-05T18:41:30.817381+00:00' AIRFLOW_CTX_TRY_NUMBER='1' AIRFLOW_CTX_DAG_RUN_ID='manual__2025-06-05T18:41:30.817381+00:00'
[2025-06-05T14:41:33.024-0400] {subprocess.py:63} INFO - Tmp dir root location: /var/folders/h9/p5fdhb7n7s964d6sg7dxh0rw0000gn/T
[2025-06-05T14:41:33.025-0400] {subprocess.py:75} INFO - Running command: ['/bin/bash', '-c', 'echo "PWD=$(pwd)"; ls -la; cd /Users/vionasanda/Projects/netflix-retention-project && python etl/generate_data.py']
[2025-06-05T14:41:33.027-0400] {subprocess.py:86} INFO - Output:
[2025-06-05T14:41:33.031-0400] {subprocess.py:93} INFO - PWD=/private/var/folders/h9/p5fdhb7n7s964d6sg7dxh0rw0000gn/T/airflowtmplh33vlik
[2025-06-05T14:41:33.035-0400] {subprocess.py:93} INFO - total 0
[2025-06-05T14:41:33.036-0400] {subprocess.py:93} INFO - drwx------@   2 vionasanda  staff    64 Jun  5 14:41 .
[2025-06-05T14:41:33.036-0400] {subprocess.py:93} INFO - drwx------@ 253 vionasanda  staff  8096 Jun  5 14:41 ..
[2025-06-05T14:41:33.541-0400] {subprocess.py:93} INFO - Data generation complete. Files saved in 'data/raw/' directory.
[2025-06-05T14:41:33.541-0400] {subprocess.py:93} INFO - Users, videos, viewing history, subscriptions, support tickets, and churn labels generated successfully.
[2025-06-05T14:41:33.542-0400] {subprocess.py:93} INFO - You can now proceed with the ETL pipeline to process this data.
[2025-06-05T14:41:33.561-0400] {subprocess.py:97} INFO - Command exited with return code 0
[2025-06-05T14:41:33.569-0400] {taskinstance.py:1138} INFO - Marking task as SUCCESS. dag_id=netflix_retention_dag, task_id=generate_mock_data, execution_date=20250605T184130, start_date=20250605T184132, end_date=20250605T184133
[2025-06-05T14:41:33.611-0400] {local_task_job_runner.py:234} INFO - Task exited with return code 0
[2025-06-05T14:41:33.621-0400] {taskinstance.py:3280} INFO - 1 downstream tasks scheduled from follow-on schedule check
