[2025-06-05T14:02:43.717-0400] {processor.py:161} INFO - Started process (PID=49494) to work on /Users/vionasanda/Projects/netflix-retention-project/airflow_home/dags/netflix_retention_dag.py
[2025-06-05T14:02:43.718-0400] {processor.py:830} INFO - Processing file /Users/vionasanda/Projects/netflix-retention-project/airflow_home/dags/netflix_retention_dag.py for tasks to queue
[2025-06-05T14:02:43.718-0400] {logging_mixin.py:188} INFO - [2025-06-05T14:02:43.718-0400] {dagbag.py:538} INFO - Filling up the DagBag from /Users/vionasanda/Projects/netflix-retention-project/airflow_home/dags/netflix_retention_dag.py
[2025-06-05T14:02:43.725-0400] {processor.py:840} INFO - DAG(s) 'netflix_retention_dag' retrieved from /Users/vionasanda/Projects/netflix-retention-project/airflow_home/dags/netflix_retention_dag.py
[2025-06-05T14:02:43.829-0400] {logging_mixin.py:188} INFO - [2025-06-05T14:02:43.829-0400] {dag.py:3036} INFO - Sync 1 DAGs
[2025-06-05T14:02:43.836-0400] {logging_mixin.py:188} INFO - [2025-06-05T14:02:43.836-0400] {dag.py:3823} INFO - Setting next_dagrun for netflix_retention_dag to 2025-06-04 00:00:00+00:00, run_after=2025-06-05 00:00:00+00:00
[2025-06-05T14:02:43.843-0400] {processor.py:183} INFO - Processing /Users/vionasanda/Projects/netflix-retention-project/airflow_home/dags/netflix_retention_dag.py took 0.127 seconds
[2025-06-05T14:31:42.074-0400] {processor.py:161} INFO - Started process (PID=58882) to work on /Users/vionasanda/Projects/netflix-retention-project/airflow_home/dags/netflix_retention_dag.py
[2025-06-05T14:31:42.075-0400] {processor.py:830} INFO - Processing file /Users/vionasanda/Projects/netflix-retention-project/airflow_home/dags/netflix_retention_dag.py for tasks to queue
[2025-06-05T14:31:42.075-0400] {logging_mixin.py:188} INFO - [2025-06-05T14:31:42.075-0400] {dagbag.py:538} INFO - Filling up the DagBag from /Users/vionasanda/Projects/netflix-retention-project/airflow_home/dags/netflix_retention_dag.py
[2025-06-05T14:31:42.080-0400] {processor.py:840} INFO - DAG(s) 'netflix_retention_dag' retrieved from /Users/vionasanda/Projects/netflix-retention-project/airflow_home/dags/netflix_retention_dag.py
[2025-06-05T14:31:42.129-0400] {logging_mixin.py:188} INFO - [2025-06-05T14:31:42.129-0400] {dag.py:3036} INFO - Sync 1 DAGs
[2025-06-05T14:31:42.137-0400] {logging_mixin.py:188} INFO - [2025-06-05T14:31:42.137-0400] {dag.py:3823} INFO - Setting next_dagrun for netflix_retention_dag to 2025-06-04 00:00:00+00:00, run_after=2025-06-05 00:00:00+00:00
[2025-06-05T14:31:42.144-0400] {processor.py:183} INFO - Processing /Users/vionasanda/Projects/netflix-retention-project/airflow_home/dags/netflix_retention_dag.py took 0.071 seconds
[2025-06-05T14:32:14.311-0400] {processor.py:161} INFO - Started process (PID=59061) to work on /Users/vionasanda/Projects/netflix-retention-project/airflow_home/dags/netflix_retention_dag.py
[2025-06-05T14:32:14.313-0400] {processor.py:830} INFO - Processing file /Users/vionasanda/Projects/netflix-retention-project/airflow_home/dags/netflix_retention_dag.py for tasks to queue
[2025-06-05T14:32:14.313-0400] {logging_mixin.py:188} INFO - [2025-06-05T14:32:14.313-0400] {dagbag.py:538} INFO - Filling up the DagBag from /Users/vionasanda/Projects/netflix-retention-project/airflow_home/dags/netflix_retention_dag.py
[2025-06-05T14:32:14.319-0400] {processor.py:840} INFO - DAG(s) 'netflix_retention_dag' retrieved from /Users/vionasanda/Projects/netflix-retention-project/airflow_home/dags/netflix_retention_dag.py
[2025-06-05T14:32:14.373-0400] {logging_mixin.py:188} INFO - [2025-06-05T14:32:14.373-0400] {dag.py:3036} INFO - Sync 1 DAGs
[2025-06-05T14:32:14.381-0400] {logging_mixin.py:188} INFO - [2025-06-05T14:32:14.381-0400] {dag.py:3823} INFO - Setting next_dagrun for netflix_retention_dag to 2025-06-05 00:00:00+00:00, run_after=2025-06-06 00:00:00+00:00
[2025-06-05T14:32:14.387-0400] {processor.py:183} INFO - Processing /Users/vionasanda/Projects/netflix-retention-project/airflow_home/dags/netflix_retention_dag.py took 0.077 seconds
[2025-06-05T14:32:46.288-0400] {processor.py:161} INFO - Started process (PID=59151) to work on /Users/vionasanda/Projects/netflix-retention-project/airflow_home/dags/netflix_retention_dag.py
[2025-06-05T14:32:46.290-0400] {processor.py:830} INFO - Processing file /Users/vionasanda/Projects/netflix-retention-project/airflow_home/dags/netflix_retention_dag.py for tasks to queue
[2025-06-05T14:32:46.290-0400] {logging_mixin.py:188} INFO - [2025-06-05T14:32:46.290-0400] {dagbag.py:538} INFO - Filling up the DagBag from /Users/vionasanda/Projects/netflix-retention-project/airflow_home/dags/netflix_retention_dag.py
[2025-06-05T14:32:46.296-0400] {processor.py:840} INFO - DAG(s) 'netflix_retention_dag' retrieved from /Users/vionasanda/Projects/netflix-retention-project/airflow_home/dags/netflix_retention_dag.py
[2025-06-05T14:32:46.347-0400] {logging_mixin.py:188} INFO - [2025-06-05T14:32:46.347-0400] {dag.py:3036} INFO - Sync 1 DAGs
[2025-06-05T14:32:46.354-0400] {logging_mixin.py:188} INFO - [2025-06-05T14:32:46.354-0400] {dag.py:3823} INFO - Setting next_dagrun for netflix_retention_dag to 2025-06-05 00:00:00+00:00, run_after=2025-06-06 00:00:00+00:00
[2025-06-05T14:32:46.360-0400] {processor.py:183} INFO - Processing /Users/vionasanda/Projects/netflix-retention-project/airflow_home/dags/netflix_retention_dag.py took 0.073 seconds
[2025-06-05T14:33:17.420-0400] {processor.py:161} INFO - Started process (PID=59217) to work on /Users/vionasanda/Projects/netflix-retention-project/airflow_home/dags/netflix_retention_dag.py
[2025-06-05T14:33:17.422-0400] {processor.py:830} INFO - Processing file /Users/vionasanda/Projects/netflix-retention-project/airflow_home/dags/netflix_retention_dag.py for tasks to queue
[2025-06-05T14:33:17.422-0400] {logging_mixin.py:188} INFO - [2025-06-05T14:33:17.422-0400] {dagbag.py:538} INFO - Filling up the DagBag from /Users/vionasanda/Projects/netflix-retention-project/airflow_home/dags/netflix_retention_dag.py
[2025-06-05T14:33:17.427-0400] {processor.py:840} INFO - DAG(s) 'netflix_retention_dag' retrieved from /Users/vionasanda/Projects/netflix-retention-project/airflow_home/dags/netflix_retention_dag.py
[2025-06-05T14:33:17.477-0400] {logging_mixin.py:188} INFO - [2025-06-05T14:33:17.477-0400] {dag.py:3036} INFO - Sync 1 DAGs
[2025-06-05T14:33:17.485-0400] {logging_mixin.py:188} INFO - [2025-06-05T14:33:17.484-0400] {dag.py:3823} INFO - Setting next_dagrun for netflix_retention_dag to 2025-06-05 00:00:00+00:00, run_after=2025-06-06 00:00:00+00:00
[2025-06-05T14:33:17.491-0400] {processor.py:183} INFO - Processing /Users/vionasanda/Projects/netflix-retention-project/airflow_home/dags/netflix_retention_dag.py took 0.072 seconds
[2025-06-05T14:33:48.677-0400] {processor.py:161} INFO - Started process (PID=59476) to work on /Users/vionasanda/Projects/netflix-retention-project/airflow_home/dags/netflix_retention_dag.py
[2025-06-05T14:33:48.679-0400] {processor.py:830} INFO - Processing file /Users/vionasanda/Projects/netflix-retention-project/airflow_home/dags/netflix_retention_dag.py for tasks to queue
[2025-06-05T14:33:48.679-0400] {logging_mixin.py:188} INFO - [2025-06-05T14:33:48.679-0400] {dagbag.py:538} INFO - Filling up the DagBag from /Users/vionasanda/Projects/netflix-retention-project/airflow_home/dags/netflix_retention_dag.py
[2025-06-05T14:33:48.685-0400] {processor.py:840} INFO - DAG(s) 'netflix_retention_dag' retrieved from /Users/vionasanda/Projects/netflix-retention-project/airflow_home/dags/netflix_retention_dag.py
[2025-06-05T14:33:48.735-0400] {logging_mixin.py:188} INFO - [2025-06-05T14:33:48.735-0400] {dag.py:3036} INFO - Sync 1 DAGs
[2025-06-05T14:33:48.742-0400] {logging_mixin.py:188} INFO - [2025-06-05T14:33:48.742-0400] {dag.py:3823} INFO - Setting next_dagrun for netflix_retention_dag to 2025-06-05 00:00:00+00:00, run_after=2025-06-06 00:00:00+00:00
[2025-06-05T14:33:48.748-0400] {processor.py:183} INFO - Processing /Users/vionasanda/Projects/netflix-retention-project/airflow_home/dags/netflix_retention_dag.py took 0.072 seconds
[2025-06-05T14:34:01.385-0400] {processor.py:161} INFO - Started process (PID=59510) to work on /Users/vionasanda/Projects/netflix-retention-project/airflow_home/dags/netflix_retention_dag.py
[2025-06-05T14:34:01.387-0400] {processor.py:830} INFO - Processing file /Users/vionasanda/Projects/netflix-retention-project/airflow_home/dags/netflix_retention_dag.py for tasks to queue
[2025-06-05T14:34:01.387-0400] {logging_mixin.py:188} INFO - [2025-06-05T14:34:01.387-0400] {dagbag.py:538} INFO - Filling up the DagBag from /Users/vionasanda/Projects/netflix-retention-project/airflow_home/dags/netflix_retention_dag.py
[2025-06-05T14:34:01.393-0400] {processor.py:840} INFO - DAG(s) 'netflix_retention_dag' retrieved from /Users/vionasanda/Projects/netflix-retention-project/airflow_home/dags/netflix_retention_dag.py
[2025-06-05T14:34:01.495-0400] {logging_mixin.py:188} INFO - [2025-06-05T14:34:01.495-0400] {dag.py:3036} INFO - Sync 1 DAGs
[2025-06-05T14:34:01.502-0400] {logging_mixin.py:188} INFO - [2025-06-05T14:34:01.502-0400] {dag.py:3823} INFO - Setting next_dagrun for netflix_retention_dag to 2025-06-05 00:00:00+00:00, run_after=2025-06-06 00:00:00+00:00
[2025-06-05T14:34:01.509-0400] {processor.py:183} INFO - Processing /Users/vionasanda/Projects/netflix-retention-project/airflow_home/dags/netflix_retention_dag.py took 0.125 seconds
[2025-06-05T14:34:06.959-0400] {processor.py:161} INFO - Started process (PID=59532) to work on /Users/vionasanda/Projects/netflix-retention-project/airflow_home/dags/netflix_retention_dag.py
[2025-06-05T14:34:06.961-0400] {processor.py:830} INFO - Processing file /Users/vionasanda/Projects/netflix-retention-project/airflow_home/dags/netflix_retention_dag.py for tasks to queue
[2025-06-05T14:34:06.961-0400] {logging_mixin.py:188} INFO - [2025-06-05T14:34:06.961-0400] {dagbag.py:538} INFO - Filling up the DagBag from /Users/vionasanda/Projects/netflix-retention-project/airflow_home/dags/netflix_retention_dag.py
[2025-06-05T14:34:06.966-0400] {processor.py:840} INFO - DAG(s) 'netflix_retention_dag' retrieved from /Users/vionasanda/Projects/netflix-retention-project/airflow_home/dags/netflix_retention_dag.py
[2025-06-05T14:34:06.981-0400] {logging_mixin.py:188} INFO - [2025-06-05T14:34:06.981-0400] {dag.py:3036} INFO - Sync 1 DAGs
[2025-06-05T14:34:07.019-0400] {logging_mixin.py:188} INFO - [2025-06-05T14:34:07.019-0400] {dag.py:3823} INFO - Setting next_dagrun for netflix_retention_dag to 2025-06-05 00:00:00+00:00, run_after=2025-06-06 00:00:00+00:00
[2025-06-05T14:34:07.027-0400] {processor.py:183} INFO - Processing /Users/vionasanda/Projects/netflix-retention-project/airflow_home/dags/netflix_retention_dag.py took 0.068 seconds
[2025-06-05T14:34:38.148-0400] {processor.py:161} INFO - Started process (PID=59597) to work on /Users/vionasanda/Projects/netflix-retention-project/airflow_home/dags/netflix_retention_dag.py
[2025-06-05T14:34:38.150-0400] {processor.py:830} INFO - Processing file /Users/vionasanda/Projects/netflix-retention-project/airflow_home/dags/netflix_retention_dag.py for tasks to queue
[2025-06-05T14:34:38.150-0400] {logging_mixin.py:188} INFO - [2025-06-05T14:34:38.150-0400] {dagbag.py:538} INFO - Filling up the DagBag from /Users/vionasanda/Projects/netflix-retention-project/airflow_home/dags/netflix_retention_dag.py
[2025-06-05T14:34:38.156-0400] {processor.py:840} INFO - DAG(s) 'netflix_retention_dag' retrieved from /Users/vionasanda/Projects/netflix-retention-project/airflow_home/dags/netflix_retention_dag.py
[2025-06-05T14:34:38.249-0400] {logging_mixin.py:188} INFO - [2025-06-05T14:34:38.249-0400] {dag.py:3036} INFO - Sync 1 DAGs
[2025-06-05T14:34:38.256-0400] {logging_mixin.py:188} INFO - [2025-06-05T14:34:38.256-0400] {dag.py:3823} INFO - Setting next_dagrun for netflix_retention_dag to 2025-06-05 00:00:00+00:00, run_after=2025-06-06 00:00:00+00:00
[2025-06-05T14:34:38.263-0400] {processor.py:183} INFO - Processing /Users/vionasanda/Projects/netflix-retention-project/airflow_home/dags/netflix_retention_dag.py took 0.116 seconds
[2025-06-05T14:35:09.477-0400] {processor.py:161} INFO - Started process (PID=59662) to work on /Users/vionasanda/Projects/netflix-retention-project/airflow_home/dags/netflix_retention_dag.py
[2025-06-05T14:35:09.479-0400] {processor.py:830} INFO - Processing file /Users/vionasanda/Projects/netflix-retention-project/airflow_home/dags/netflix_retention_dag.py for tasks to queue
[2025-06-05T14:35:09.480-0400] {logging_mixin.py:188} INFO - [2025-06-05T14:35:09.479-0400] {dagbag.py:538} INFO - Filling up the DagBag from /Users/vionasanda/Projects/netflix-retention-project/airflow_home/dags/netflix_retention_dag.py
[2025-06-05T14:35:09.486-0400] {processor.py:840} INFO - DAG(s) 'netflix_retention_dag' retrieved from /Users/vionasanda/Projects/netflix-retention-project/airflow_home/dags/netflix_retention_dag.py
[2025-06-05T14:35:09.540-0400] {logging_mixin.py:188} INFO - [2025-06-05T14:35:09.539-0400] {dag.py:3036} INFO - Sync 1 DAGs
[2025-06-05T14:35:09.547-0400] {logging_mixin.py:188} INFO - [2025-06-05T14:35:09.547-0400] {dag.py:3823} INFO - Setting next_dagrun for netflix_retention_dag to 2025-06-05 00:00:00+00:00, run_after=2025-06-06 00:00:00+00:00
[2025-06-05T14:35:09.554-0400] {processor.py:183} INFO - Processing /Users/vionasanda/Projects/netflix-retention-project/airflow_home/dags/netflix_retention_dag.py took 0.077 seconds
[2025-06-05T14:35:40.770-0400] {processor.py:161} INFO - Started process (PID=59730) to work on /Users/vionasanda/Projects/netflix-retention-project/airflow_home/dags/netflix_retention_dag.py
[2025-06-05T14:35:40.772-0400] {processor.py:830} INFO - Processing file /Users/vionasanda/Projects/netflix-retention-project/airflow_home/dags/netflix_retention_dag.py for tasks to queue
[2025-06-05T14:35:40.772-0400] {logging_mixin.py:188} INFO - [2025-06-05T14:35:40.772-0400] {dagbag.py:538} INFO - Filling up the DagBag from /Users/vionasanda/Projects/netflix-retention-project/airflow_home/dags/netflix_retention_dag.py
[2025-06-05T14:35:40.778-0400] {processor.py:840} INFO - DAG(s) 'netflix_retention_dag' retrieved from /Users/vionasanda/Projects/netflix-retention-project/airflow_home/dags/netflix_retention_dag.py
[2025-06-05T14:35:40.831-0400] {logging_mixin.py:188} INFO - [2025-06-05T14:35:40.831-0400] {dag.py:3036} INFO - Sync 1 DAGs
[2025-06-05T14:35:40.839-0400] {logging_mixin.py:188} INFO - [2025-06-05T14:35:40.838-0400] {dag.py:3823} INFO - Setting next_dagrun for netflix_retention_dag to 2025-06-05 00:00:00+00:00, run_after=2025-06-06 00:00:00+00:00
[2025-06-05T14:35:40.845-0400] {processor.py:183} INFO - Processing /Users/vionasanda/Projects/netflix-retention-project/airflow_home/dags/netflix_retention_dag.py took 0.075 seconds
[2025-06-05T14:36:11.948-0400] {processor.py:161} INFO - Started process (PID=59799) to work on /Users/vionasanda/Projects/netflix-retention-project/airflow_home/dags/netflix_retention_dag.py
[2025-06-05T14:36:11.950-0400] {processor.py:830} INFO - Processing file /Users/vionasanda/Projects/netflix-retention-project/airflow_home/dags/netflix_retention_dag.py for tasks to queue
[2025-06-05T14:36:11.950-0400] {logging_mixin.py:188} INFO - [2025-06-05T14:36:11.950-0400] {dagbag.py:538} INFO - Filling up the DagBag from /Users/vionasanda/Projects/netflix-retention-project/airflow_home/dags/netflix_retention_dag.py
[2025-06-05T14:36:11.956-0400] {processor.py:840} INFO - DAG(s) 'netflix_retention_dag' retrieved from /Users/vionasanda/Projects/netflix-retention-project/airflow_home/dags/netflix_retention_dag.py
[2025-06-05T14:36:12.008-0400] {logging_mixin.py:188} INFO - [2025-06-05T14:36:12.008-0400] {dag.py:3036} INFO - Sync 1 DAGs
[2025-06-05T14:36:12.015-0400] {logging_mixin.py:188} INFO - [2025-06-05T14:36:12.015-0400] {dag.py:3823} INFO - Setting next_dagrun for netflix_retention_dag to 2025-06-05 00:00:00+00:00, run_after=2025-06-06 00:00:00+00:00
[2025-06-05T14:36:12.021-0400] {processor.py:183} INFO - Processing /Users/vionasanda/Projects/netflix-retention-project/airflow_home/dags/netflix_retention_dag.py took 0.073 seconds
[2025-06-05T14:36:13.831-0400] {processor.py:161} INFO - Started process (PID=59805) to work on /Users/vionasanda/Projects/netflix-retention-project/airflow_home/dags/netflix_retention_dag.py
[2025-06-05T14:36:13.832-0400] {processor.py:830} INFO - Processing file /Users/vionasanda/Projects/netflix-retention-project/airflow_home/dags/netflix_retention_dag.py for tasks to queue
[2025-06-05T14:36:13.832-0400] {logging_mixin.py:188} INFO - [2025-06-05T14:36:13.832-0400] {dagbag.py:538} INFO - Filling up the DagBag from /Users/vionasanda/Projects/netflix-retention-project/airflow_home/dags/netflix_retention_dag.py
[2025-06-05T14:36:13.837-0400] {processor.py:840} INFO - DAG(s) 'netflix_retention_dag' retrieved from /Users/vionasanda/Projects/netflix-retention-project/airflow_home/dags/netflix_retention_dag.py
[2025-06-05T14:36:13.944-0400] {logging_mixin.py:188} INFO - [2025-06-05T14:36:13.944-0400] {dag.py:3036} INFO - Sync 1 DAGs
[2025-06-05T14:36:13.952-0400] {logging_mixin.py:188} INFO - [2025-06-05T14:36:13.952-0400] {dag.py:3823} INFO - Setting next_dagrun for netflix_retention_dag to 2025-06-05 00:00:00+00:00, run_after=2025-06-06 00:00:00+00:00
[2025-06-05T14:36:13.960-0400] {processor.py:183} INFO - Processing /Users/vionasanda/Projects/netflix-retention-project/airflow_home/dags/netflix_retention_dag.py took 0.129 seconds
[2025-06-05T14:36:45.208-0400] {processor.py:161} INFO - Started process (PID=59884) to work on /Users/vionasanda/Projects/netflix-retention-project/airflow_home/dags/netflix_retention_dag.py
[2025-06-05T14:36:45.210-0400] {processor.py:830} INFO - Processing file /Users/vionasanda/Projects/netflix-retention-project/airflow_home/dags/netflix_retention_dag.py for tasks to queue
[2025-06-05T14:36:45.210-0400] {logging_mixin.py:188} INFO - [2025-06-05T14:36:45.210-0400] {dagbag.py:538} INFO - Filling up the DagBag from /Users/vionasanda/Projects/netflix-retention-project/airflow_home/dags/netflix_retention_dag.py
[2025-06-05T14:36:45.216-0400] {processor.py:840} INFO - DAG(s) 'netflix_retention_dag' retrieved from /Users/vionasanda/Projects/netflix-retention-project/airflow_home/dags/netflix_retention_dag.py
[2025-06-05T14:36:45.265-0400] {logging_mixin.py:188} INFO - [2025-06-05T14:36:45.265-0400] {dag.py:3036} INFO - Sync 1 DAGs
[2025-06-05T14:36:45.273-0400] {logging_mixin.py:188} INFO - [2025-06-05T14:36:45.273-0400] {dag.py:3823} INFO - Setting next_dagrun for netflix_retention_dag to 2025-06-05 00:00:00+00:00, run_after=2025-06-06 00:00:00+00:00
[2025-06-05T14:36:45.279-0400] {processor.py:183} INFO - Processing /Users/vionasanda/Projects/netflix-retention-project/airflow_home/dags/netflix_retention_dag.py took 0.071 seconds
[2025-06-05T14:37:16.479-0400] {processor.py:161} INFO - Started process (PID=59962) to work on /Users/vionasanda/Projects/netflix-retention-project/airflow_home/dags/netflix_retention_dag.py
[2025-06-05T14:37:16.481-0400] {processor.py:830} INFO - Processing file /Users/vionasanda/Projects/netflix-retention-project/airflow_home/dags/netflix_retention_dag.py for tasks to queue
[2025-06-05T14:37:16.482-0400] {logging_mixin.py:188} INFO - [2025-06-05T14:37:16.482-0400] {dagbag.py:538} INFO - Filling up the DagBag from /Users/vionasanda/Projects/netflix-retention-project/airflow_home/dags/netflix_retention_dag.py
[2025-06-05T14:37:16.488-0400] {processor.py:840} INFO - DAG(s) 'netflix_retention_dag' retrieved from /Users/vionasanda/Projects/netflix-retention-project/airflow_home/dags/netflix_retention_dag.py
[2025-06-05T14:37:16.537-0400] {logging_mixin.py:188} INFO - [2025-06-05T14:37:16.537-0400] {dag.py:3036} INFO - Sync 1 DAGs
[2025-06-05T14:37:16.545-0400] {logging_mixin.py:188} INFO - [2025-06-05T14:37:16.545-0400] {dag.py:3823} INFO - Setting next_dagrun for netflix_retention_dag to 2025-06-05 00:00:00+00:00, run_after=2025-06-06 00:00:00+00:00
[2025-06-05T14:37:16.551-0400] {processor.py:183} INFO - Processing /Users/vionasanda/Projects/netflix-retention-project/airflow_home/dags/netflix_retention_dag.py took 0.072 seconds
[2025-06-05T14:37:47.588-0400] {processor.py:161} INFO - Started process (PID=60046) to work on /Users/vionasanda/Projects/netflix-retention-project/airflow_home/dags/netflix_retention_dag.py
[2025-06-05T14:37:47.590-0400] {processor.py:830} INFO - Processing file /Users/vionasanda/Projects/netflix-retention-project/airflow_home/dags/netflix_retention_dag.py for tasks to queue
[2025-06-05T14:37:47.590-0400] {logging_mixin.py:188} INFO - [2025-06-05T14:37:47.590-0400] {dagbag.py:538} INFO - Filling up the DagBag from /Users/vionasanda/Projects/netflix-retention-project/airflow_home/dags/netflix_retention_dag.py
[2025-06-05T14:37:47.596-0400] {processor.py:840} INFO - DAG(s) 'netflix_retention_dag' retrieved from /Users/vionasanda/Projects/netflix-retention-project/airflow_home/dags/netflix_retention_dag.py
[2025-06-05T14:37:47.649-0400] {logging_mixin.py:188} INFO - [2025-06-05T14:37:47.648-0400] {dag.py:3036} INFO - Sync 1 DAGs
[2025-06-05T14:37:47.656-0400] {logging_mixin.py:188} INFO - [2025-06-05T14:37:47.656-0400] {dag.py:3823} INFO - Setting next_dagrun for netflix_retention_dag to 2025-06-05 00:00:00+00:00, run_after=2025-06-06 00:00:00+00:00
[2025-06-05T14:37:47.662-0400] {processor.py:183} INFO - Processing /Users/vionasanda/Projects/netflix-retention-project/airflow_home/dags/netflix_retention_dag.py took 0.075 seconds
[2025-06-05T14:38:18.853-0400] {processor.py:161} INFO - Started process (PID=60123) to work on /Users/vionasanda/Projects/netflix-retention-project/airflow_home/dags/netflix_retention_dag.py
[2025-06-05T14:38:18.855-0400] {processor.py:830} INFO - Processing file /Users/vionasanda/Projects/netflix-retention-project/airflow_home/dags/netflix_retention_dag.py for tasks to queue
[2025-06-05T14:38:18.855-0400] {logging_mixin.py:188} INFO - [2025-06-05T14:38:18.855-0400] {dagbag.py:538} INFO - Filling up the DagBag from /Users/vionasanda/Projects/netflix-retention-project/airflow_home/dags/netflix_retention_dag.py
[2025-06-05T14:38:18.861-0400] {processor.py:840} INFO - DAG(s) 'netflix_retention_dag' retrieved from /Users/vionasanda/Projects/netflix-retention-project/airflow_home/dags/netflix_retention_dag.py
[2025-06-05T14:38:18.914-0400] {logging_mixin.py:188} INFO - [2025-06-05T14:38:18.914-0400] {dag.py:3036} INFO - Sync 1 DAGs
[2025-06-05T14:38:18.922-0400] {logging_mixin.py:188} INFO - [2025-06-05T14:38:18.922-0400] {dag.py:3823} INFO - Setting next_dagrun for netflix_retention_dag to 2025-06-05 00:00:00+00:00, run_after=2025-06-06 00:00:00+00:00
[2025-06-05T14:38:18.930-0400] {processor.py:183} INFO - Processing /Users/vionasanda/Projects/netflix-retention-project/airflow_home/dags/netflix_retention_dag.py took 0.078 seconds
[2025-06-05T14:38:24.925-0400] {processor.py:161} INFO - Started process (PID=60142) to work on /Users/vionasanda/Projects/netflix-retention-project/airflow_home/dags/netflix_retention_dag.py
[2025-06-05T14:38:24.926-0400] {processor.py:830} INFO - Processing file /Users/vionasanda/Projects/netflix-retention-project/airflow_home/dags/netflix_retention_dag.py for tasks to queue
[2025-06-05T14:38:24.927-0400] {logging_mixin.py:188} INFO - [2025-06-05T14:38:24.927-0400] {dagbag.py:538} INFO - Filling up the DagBag from /Users/vionasanda/Projects/netflix-retention-project/airflow_home/dags/netflix_retention_dag.py
[2025-06-05T14:38:24.932-0400] {processor.py:840} INFO - DAG(s) 'netflix_retention_dag' retrieved from /Users/vionasanda/Projects/netflix-retention-project/airflow_home/dags/netflix_retention_dag.py
[2025-06-05T14:38:25.026-0400] {logging_mixin.py:188} INFO - [2025-06-05T14:38:25.026-0400] {dag.py:3036} INFO - Sync 1 DAGs
[2025-06-05T14:38:25.033-0400] {logging_mixin.py:188} INFO - [2025-06-05T14:38:25.033-0400] {dag.py:3823} INFO - Setting next_dagrun for netflix_retention_dag to 2025-06-05 00:00:00+00:00, run_after=2025-06-06 00:00:00+00:00
[2025-06-05T14:38:25.041-0400] {processor.py:183} INFO - Processing /Users/vionasanda/Projects/netflix-retention-project/airflow_home/dags/netflix_retention_dag.py took 0.117 seconds
[2025-06-05T14:38:56.320-0400] {processor.py:161} INFO - Started process (PID=60216) to work on /Users/vionasanda/Projects/netflix-retention-project/airflow_home/dags/netflix_retention_dag.py
[2025-06-05T14:38:56.322-0400] {processor.py:830} INFO - Processing file /Users/vionasanda/Projects/netflix-retention-project/airflow_home/dags/netflix_retention_dag.py for tasks to queue
[2025-06-05T14:38:56.323-0400] {logging_mixin.py:188} INFO - [2025-06-05T14:38:56.322-0400] {dagbag.py:538} INFO - Filling up the DagBag from /Users/vionasanda/Projects/netflix-retention-project/airflow_home/dags/netflix_retention_dag.py
[2025-06-05T14:38:56.328-0400] {processor.py:840} INFO - DAG(s) 'netflix_retention_dag' retrieved from /Users/vionasanda/Projects/netflix-retention-project/airflow_home/dags/netflix_retention_dag.py
[2025-06-05T14:38:56.379-0400] {logging_mixin.py:188} INFO - [2025-06-05T14:38:56.379-0400] {dag.py:3036} INFO - Sync 1 DAGs
[2025-06-05T14:38:56.386-0400] {logging_mixin.py:188} INFO - [2025-06-05T14:38:56.386-0400] {dag.py:3823} INFO - Setting next_dagrun for netflix_retention_dag to 2025-06-05 00:00:00+00:00, run_after=2025-06-06 00:00:00+00:00
[2025-06-05T14:38:56.392-0400] {processor.py:183} INFO - Processing /Users/vionasanda/Projects/netflix-retention-project/airflow_home/dags/netflix_retention_dag.py took 0.072 seconds
[2025-06-05T14:39:27.615-0400] {processor.py:161} INFO - Started process (PID=60287) to work on /Users/vionasanda/Projects/netflix-retention-project/airflow_home/dags/netflix_retention_dag.py
[2025-06-05T14:39:27.617-0400] {processor.py:830} INFO - Processing file /Users/vionasanda/Projects/netflix-retention-project/airflow_home/dags/netflix_retention_dag.py for tasks to queue
[2025-06-05T14:39:27.617-0400] {logging_mixin.py:188} INFO - [2025-06-05T14:39:27.617-0400] {dagbag.py:538} INFO - Filling up the DagBag from /Users/vionasanda/Projects/netflix-retention-project/airflow_home/dags/netflix_retention_dag.py
[2025-06-05T14:39:27.622-0400] {processor.py:840} INFO - DAG(s) 'netflix_retention_dag' retrieved from /Users/vionasanda/Projects/netflix-retention-project/airflow_home/dags/netflix_retention_dag.py
[2025-06-05T14:39:27.671-0400] {logging_mixin.py:188} INFO - [2025-06-05T14:39:27.671-0400] {dag.py:3036} INFO - Sync 1 DAGs
[2025-06-05T14:39:27.678-0400] {logging_mixin.py:188} INFO - [2025-06-05T14:39:27.678-0400] {dag.py:3823} INFO - Setting next_dagrun for netflix_retention_dag to 2025-06-05 00:00:00+00:00, run_after=2025-06-06 00:00:00+00:00
[2025-06-05T14:39:27.684-0400] {processor.py:183} INFO - Processing /Users/vionasanda/Projects/netflix-retention-project/airflow_home/dags/netflix_retention_dag.py took 0.069 seconds
[2025-06-05T14:39:58.717-0400] {processor.py:161} INFO - Started process (PID=60597) to work on /Users/vionasanda/Projects/netflix-retention-project/airflow_home/dags/netflix_retention_dag.py
[2025-06-05T14:39:58.719-0400] {processor.py:830} INFO - Processing file /Users/vionasanda/Projects/netflix-retention-project/airflow_home/dags/netflix_retention_dag.py for tasks to queue
[2025-06-05T14:39:58.719-0400] {logging_mixin.py:188} INFO - [2025-06-05T14:39:58.719-0400] {dagbag.py:538} INFO - Filling up the DagBag from /Users/vionasanda/Projects/netflix-retention-project/airflow_home/dags/netflix_retention_dag.py
[2025-06-05T14:39:58.725-0400] {processor.py:840} INFO - DAG(s) 'netflix_retention_dag' retrieved from /Users/vionasanda/Projects/netflix-retention-project/airflow_home/dags/netflix_retention_dag.py
[2025-06-05T14:39:58.775-0400] {logging_mixin.py:188} INFO - [2025-06-05T14:39:58.775-0400] {dag.py:3036} INFO - Sync 1 DAGs
[2025-06-05T14:39:58.782-0400] {logging_mixin.py:188} INFO - [2025-06-05T14:39:58.782-0400] {dag.py:3823} INFO - Setting next_dagrun for netflix_retention_dag to 2025-06-05 00:00:00+00:00, run_after=2025-06-06 00:00:00+00:00
[2025-06-05T14:39:58.788-0400] {processor.py:183} INFO - Processing /Users/vionasanda/Projects/netflix-retention-project/airflow_home/dags/netflix_retention_dag.py took 0.072 seconds
[2025-06-05T14:40:20.973-0400] {processor.py:161} INFO - Started process (PID=60716) to work on /Users/vionasanda/Projects/netflix-retention-project/airflow_home/dags/netflix_retention_dag.py
[2025-06-05T14:40:20.975-0400] {processor.py:830} INFO - Processing file /Users/vionasanda/Projects/netflix-retention-project/airflow_home/dags/netflix_retention_dag.py for tasks to queue
[2025-06-05T14:40:20.975-0400] {logging_mixin.py:188} INFO - [2025-06-05T14:40:20.975-0400] {dagbag.py:538} INFO - Filling up the DagBag from /Users/vionasanda/Projects/netflix-retention-project/airflow_home/dags/netflix_retention_dag.py
[2025-06-05T14:40:20.983-0400] {logging_mixin.py:188} INFO - [2025-06-05T14:40:20.976-0400] {dagbag.py:348} ERROR - Failed to import: /Users/vionasanda/Projects/netflix-retention-project/airflow_home/dags/netflix_retention_dag.py
Traceback (most recent call last):
  File "/Users/vionasanda/Projects/netflix-retention-project/venv/lib/python3.9/site-packages/airflow/models/dagbag.py", line 344, in parse
    loader.exec_module(new_module)
  File "<frozen importlib._bootstrap_external>", line 846, in exec_module
  File "<frozen importlib._bootstrap_external>", line 983, in get_code
  File "<frozen importlib._bootstrap_external>", line 913, in source_to_code
  File "<frozen importlib._bootstrap>", line 228, in _call_with_frames_removed
  File "/Users/vionasanda/Projects/netflix-retention-project/airflow_home/dags/netflix_retention_dag.py", line 63
    project_root=/Users/vionasanda/Projects/netflix-retention-project
                 ^
SyntaxError: invalid syntax
[2025-06-05T14:40:20.986-0400] {processor.py:842} WARNING - No viable dags retrieved from /Users/vionasanda/Projects/netflix-retention-project/airflow_home/dags/netflix_retention_dag.py
[2025-06-05T14:40:21.020-0400] {processor.py:183} INFO - Processing /Users/vionasanda/Projects/netflix-retention-project/airflow_home/dags/netflix_retention_dag.py took 0.048 seconds
[2025-06-05T14:40:23.628-0400] {processor.py:161} INFO - Started process (PID=60729) to work on /Users/vionasanda/Projects/netflix-retention-project/airflow_home/dags/netflix_retention_dag.py
[2025-06-05T14:40:23.629-0400] {processor.py:830} INFO - Processing file /Users/vionasanda/Projects/netflix-retention-project/airflow_home/dags/netflix_retention_dag.py for tasks to queue
[2025-06-05T14:40:23.629-0400] {logging_mixin.py:188} INFO - [2025-06-05T14:40:23.629-0400] {dagbag.py:538} INFO - Filling up the DagBag from /Users/vionasanda/Projects/netflix-retention-project/airflow_home/dags/netflix_retention_dag.py
[2025-06-05T14:40:23.637-0400] {logging_mixin.py:188} INFO - [2025-06-05T14:40:23.630-0400] {dagbag.py:348} ERROR - Failed to import: /Users/vionasanda/Projects/netflix-retention-project/airflow_home/dags/netflix_retention_dag.py
Traceback (most recent call last):
  File "/Users/vionasanda/Projects/netflix-retention-project/venv/lib/python3.9/site-packages/airflow/models/dagbag.py", line 344, in parse
    loader.exec_module(new_module)
  File "<frozen importlib._bootstrap_external>", line 846, in exec_module
  File "<frozen importlib._bootstrap_external>", line 983, in get_code
  File "<frozen importlib._bootstrap_external>", line 913, in source_to_code
  File "<frozen importlib._bootstrap>", line 228, in _call_with_frames_removed
  File "/Users/vionasanda/Projects/netflix-retention-project/airflow_home/dags/netflix_retention_dag.py", line 63
    project_root=/Users/vionasanda/Projects/netflix-retention-project
                 ^
SyntaxError: invalid syntax
[2025-06-05T14:40:23.640-0400] {processor.py:842} WARNING - No viable dags retrieved from /Users/vionasanda/Projects/netflix-retention-project/airflow_home/dags/netflix_retention_dag.py
[2025-06-05T14:40:23.675-0400] {processor.py:183} INFO - Processing /Users/vionasanda/Projects/netflix-retention-project/airflow_home/dags/netflix_retention_dag.py took 0.048 seconds
[2025-06-05T14:40:28.910-0400] {processor.py:161} INFO - Started process (PID=60744) to work on /Users/vionasanda/Projects/netflix-retention-project/airflow_home/dags/netflix_retention_dag.py
[2025-06-05T14:40:28.911-0400] {processor.py:830} INFO - Processing file /Users/vionasanda/Projects/netflix-retention-project/airflow_home/dags/netflix_retention_dag.py for tasks to queue
[2025-06-05T14:40:28.911-0400] {logging_mixin.py:188} INFO - [2025-06-05T14:40:28.911-0400] {dagbag.py:538} INFO - Filling up the DagBag from /Users/vionasanda/Projects/netflix-retention-project/airflow_home/dags/netflix_retention_dag.py
[2025-06-05T14:40:28.919-0400] {logging_mixin.py:188} INFO - [2025-06-05T14:40:28.912-0400] {dagbag.py:348} ERROR - Failed to import: /Users/vionasanda/Projects/netflix-retention-project/airflow_home/dags/netflix_retention_dag.py
Traceback (most recent call last):
  File "/Users/vionasanda/Projects/netflix-retention-project/venv/lib/python3.9/site-packages/airflow/models/dagbag.py", line 344, in parse
    loader.exec_module(new_module)
  File "<frozen importlib._bootstrap_external>", line 846, in exec_module
  File "<frozen importlib._bootstrap_external>", line 983, in get_code
  File "<frozen importlib._bootstrap_external>", line 913, in source_to_code
  File "<frozen importlib._bootstrap>", line 228, in _call_with_frames_removed
  File "/Users/vionasanda/Projects/netflix-retention-project/airflow_home/dags/netflix_retention_dag.py", line 63
    project_root=/Users/vionasanda/Projects/netflix-retention-project
                 ^
SyntaxError: invalid syntax
[2025-06-05T14:40:28.923-0400] {processor.py:842} WARNING - No viable dags retrieved from /Users/vionasanda/Projects/netflix-retention-project/airflow_home/dags/netflix_retention_dag.py
[2025-06-05T14:40:28.960-0400] {processor.py:183} INFO - Processing /Users/vionasanda/Projects/netflix-retention-project/airflow_home/dags/netflix_retention_dag.py took 0.050 seconds
[2025-06-05T14:40:34.458-0400] {processor.py:161} INFO - Started process (PID=60761) to work on /Users/vionasanda/Projects/netflix-retention-project/airflow_home/dags/netflix_retention_dag.py
[2025-06-05T14:40:34.459-0400] {processor.py:830} INFO - Processing file /Users/vionasanda/Projects/netflix-retention-project/airflow_home/dags/netflix_retention_dag.py for tasks to queue
[2025-06-05T14:40:34.459-0400] {logging_mixin.py:188} INFO - [2025-06-05T14:40:34.459-0400] {dagbag.py:538} INFO - Filling up the DagBag from /Users/vionasanda/Projects/netflix-retention-project/airflow_home/dags/netflix_retention_dag.py
[2025-06-05T14:40:34.466-0400] {processor.py:840} INFO - DAG(s) 'netflix_retention_dag' retrieved from /Users/vionasanda/Projects/netflix-retention-project/airflow_home/dags/netflix_retention_dag.py
[2025-06-05T14:40:34.517-0400] {logging_mixin.py:188} INFO - [2025-06-05T14:40:34.517-0400] {dag.py:3036} INFO - Sync 1 DAGs
[2025-06-05T14:40:34.525-0400] {logging_mixin.py:188} INFO - [2025-06-05T14:40:34.525-0400] {dag.py:3823} INFO - Setting next_dagrun for netflix_retention_dag to 2025-06-05 00:00:00+00:00, run_after=2025-06-06 00:00:00+00:00
[2025-06-05T14:40:34.532-0400] {processor.py:183} INFO - Processing /Users/vionasanda/Projects/netflix-retention-project/airflow_home/dags/netflix_retention_dag.py took 0.075 seconds
[2025-06-05T14:41:05.575-0400] {processor.py:161} INFO - Started process (PID=61292) to work on /Users/vionasanda/Projects/netflix-retention-project/airflow_home/dags/netflix_retention_dag.py
[2025-06-05T14:41:05.577-0400] {processor.py:830} INFO - Processing file /Users/vionasanda/Projects/netflix-retention-project/airflow_home/dags/netflix_retention_dag.py for tasks to queue
[2025-06-05T14:41:05.578-0400] {logging_mixin.py:188} INFO - [2025-06-05T14:41:05.578-0400] {dagbag.py:538} INFO - Filling up the DagBag from /Users/vionasanda/Projects/netflix-retention-project/airflow_home/dags/netflix_retention_dag.py
[2025-06-05T14:41:05.584-0400] {processor.py:840} INFO - DAG(s) 'netflix_retention_dag' retrieved from /Users/vionasanda/Projects/netflix-retention-project/airflow_home/dags/netflix_retention_dag.py
[2025-06-05T14:41:05.646-0400] {logging_mixin.py:188} INFO - [2025-06-05T14:41:05.645-0400] {dag.py:3036} INFO - Sync 1 DAGs
[2025-06-05T14:41:05.654-0400] {logging_mixin.py:188} INFO - [2025-06-05T14:41:05.654-0400] {dag.py:3823} INFO - Setting next_dagrun for netflix_retention_dag to 2025-06-05 00:00:00+00:00, run_after=2025-06-06 00:00:00+00:00
[2025-06-05T14:41:05.662-0400] {processor.py:183} INFO - Processing /Users/vionasanda/Projects/netflix-retention-project/airflow_home/dags/netflix_retention_dag.py took 0.087 seconds
[2025-06-05T14:41:36.575-0400] {processor.py:161} INFO - Started process (PID=61482) to work on /Users/vionasanda/Projects/netflix-retention-project/airflow_home/dags/netflix_retention_dag.py
[2025-06-05T14:41:36.576-0400] {processor.py:830} INFO - Processing file /Users/vionasanda/Projects/netflix-retention-project/airflow_home/dags/netflix_retention_dag.py for tasks to queue
[2025-06-05T14:41:36.577-0400] {logging_mixin.py:188} INFO - [2025-06-05T14:41:36.576-0400] {dagbag.py:538} INFO - Filling up the DagBag from /Users/vionasanda/Projects/netflix-retention-project/airflow_home/dags/netflix_retention_dag.py
[2025-06-05T14:41:36.580-0400] {processor.py:840} INFO - DAG(s) 'netflix_retention_dag' retrieved from /Users/vionasanda/Projects/netflix-retention-project/airflow_home/dags/netflix_retention_dag.py
[2025-06-05T14:41:36.625-0400] {logging_mixin.py:188} INFO - [2025-06-05T14:41:36.625-0400] {dag.py:3036} INFO - Sync 1 DAGs
[2025-06-05T14:41:36.632-0400] {logging_mixin.py:188} INFO - [2025-06-05T14:41:36.632-0400] {dag.py:3823} INFO - Setting next_dagrun for netflix_retention_dag to 2025-06-05 00:00:00+00:00, run_after=2025-06-06 00:00:00+00:00
[2025-06-05T14:41:36.638-0400] {processor.py:183} INFO - Processing /Users/vionasanda/Projects/netflix-retention-project/airflow_home/dags/netflix_retention_dag.py took 0.063 seconds
[2025-06-05T14:42:07.704-0400] {processor.py:161} INFO - Started process (PID=61552) to work on /Users/vionasanda/Projects/netflix-retention-project/airflow_home/dags/netflix_retention_dag.py
[2025-06-05T14:42:07.706-0400] {processor.py:830} INFO - Processing file /Users/vionasanda/Projects/netflix-retention-project/airflow_home/dags/netflix_retention_dag.py for tasks to queue
[2025-06-05T14:42:07.706-0400] {logging_mixin.py:188} INFO - [2025-06-05T14:42:07.706-0400] {dagbag.py:538} INFO - Filling up the DagBag from /Users/vionasanda/Projects/netflix-retention-project/airflow_home/dags/netflix_retention_dag.py
[2025-06-05T14:42:07.711-0400] {processor.py:840} INFO - DAG(s) 'netflix_retention_dag' retrieved from /Users/vionasanda/Projects/netflix-retention-project/airflow_home/dags/netflix_retention_dag.py
[2025-06-05T14:42:07.760-0400] {logging_mixin.py:188} INFO - [2025-06-05T14:42:07.760-0400] {dag.py:3036} INFO - Sync 1 DAGs
[2025-06-05T14:42:07.767-0400] {logging_mixin.py:188} INFO - [2025-06-05T14:42:07.767-0400] {dag.py:3823} INFO - Setting next_dagrun for netflix_retention_dag to 2025-06-05 00:00:00+00:00, run_after=2025-06-06 00:00:00+00:00
[2025-06-05T14:42:07.773-0400] {processor.py:183} INFO - Processing /Users/vionasanda/Projects/netflix-retention-project/airflow_home/dags/netflix_retention_dag.py took 0.070 seconds
[2025-06-05T14:42:38.898-0400] {processor.py:161} INFO - Started process (PID=61627) to work on /Users/vionasanda/Projects/netflix-retention-project/airflow_home/dags/netflix_retention_dag.py
[2025-06-05T14:42:38.900-0400] {processor.py:830} INFO - Processing file /Users/vionasanda/Projects/netflix-retention-project/airflow_home/dags/netflix_retention_dag.py for tasks to queue
[2025-06-05T14:42:38.900-0400] {logging_mixin.py:188} INFO - [2025-06-05T14:42:38.900-0400] {dagbag.py:538} INFO - Filling up the DagBag from /Users/vionasanda/Projects/netflix-retention-project/airflow_home/dags/netflix_retention_dag.py
[2025-06-05T14:42:38.906-0400] {processor.py:840} INFO - DAG(s) 'netflix_retention_dag' retrieved from /Users/vionasanda/Projects/netflix-retention-project/airflow_home/dags/netflix_retention_dag.py
[2025-06-05T14:42:38.958-0400] {logging_mixin.py:188} INFO - [2025-06-05T14:42:38.958-0400] {dag.py:3036} INFO - Sync 1 DAGs
[2025-06-05T14:42:38.965-0400] {logging_mixin.py:188} INFO - [2025-06-05T14:42:38.965-0400] {dag.py:3823} INFO - Setting next_dagrun for netflix_retention_dag to 2025-06-05 00:00:00+00:00, run_after=2025-06-06 00:00:00+00:00
[2025-06-05T14:42:38.971-0400] {processor.py:183} INFO - Processing /Users/vionasanda/Projects/netflix-retention-project/airflow_home/dags/netflix_retention_dag.py took 0.073 seconds
[2025-06-05T14:43:10.009-0400] {processor.py:161} INFO - Started process (PID=61705) to work on /Users/vionasanda/Projects/netflix-retention-project/airflow_home/dags/netflix_retention_dag.py
[2025-06-05T14:43:10.011-0400] {processor.py:830} INFO - Processing file /Users/vionasanda/Projects/netflix-retention-project/airflow_home/dags/netflix_retention_dag.py for tasks to queue
[2025-06-05T14:43:10.011-0400] {logging_mixin.py:188} INFO - [2025-06-05T14:43:10.011-0400] {dagbag.py:538} INFO - Filling up the DagBag from /Users/vionasanda/Projects/netflix-retention-project/airflow_home/dags/netflix_retention_dag.py
[2025-06-05T14:43:10.016-0400] {processor.py:840} INFO - DAG(s) 'netflix_retention_dag' retrieved from /Users/vionasanda/Projects/netflix-retention-project/airflow_home/dags/netflix_retention_dag.py
[2025-06-05T14:43:10.065-0400] {logging_mixin.py:188} INFO - [2025-06-05T14:43:10.065-0400] {dag.py:3036} INFO - Sync 1 DAGs
[2025-06-05T14:43:10.072-0400] {logging_mixin.py:188} INFO - [2025-06-05T14:43:10.072-0400] {dag.py:3823} INFO - Setting next_dagrun for netflix_retention_dag to 2025-06-05 00:00:00+00:00, run_after=2025-06-06 00:00:00+00:00
[2025-06-05T14:43:10.079-0400] {processor.py:183} INFO - Processing /Users/vionasanda/Projects/netflix-retention-project/airflow_home/dags/netflix_retention_dag.py took 0.070 seconds
[2025-06-05T14:43:41.160-0400] {processor.py:161} INFO - Started process (PID=62001) to work on /Users/vionasanda/Projects/netflix-retention-project/airflow_home/dags/netflix_retention_dag.py
[2025-06-05T14:43:41.162-0400] {processor.py:830} INFO - Processing file /Users/vionasanda/Projects/netflix-retention-project/airflow_home/dags/netflix_retention_dag.py for tasks to queue
[2025-06-05T14:43:41.162-0400] {logging_mixin.py:188} INFO - [2025-06-05T14:43:41.162-0400] {dagbag.py:538} INFO - Filling up the DagBag from /Users/vionasanda/Projects/netflix-retention-project/airflow_home/dags/netflix_retention_dag.py
[2025-06-05T14:43:41.169-0400] {processor.py:840} INFO - DAG(s) 'netflix_retention_dag' retrieved from /Users/vionasanda/Projects/netflix-retention-project/airflow_home/dags/netflix_retention_dag.py
[2025-06-05T14:43:41.221-0400] {logging_mixin.py:188} INFO - [2025-06-05T14:43:41.221-0400] {dag.py:3036} INFO - Sync 1 DAGs
[2025-06-05T14:43:41.228-0400] {logging_mixin.py:188} INFO - [2025-06-05T14:43:41.228-0400] {dag.py:3823} INFO - Setting next_dagrun for netflix_retention_dag to 2025-06-05 00:00:00+00:00, run_after=2025-06-06 00:00:00+00:00
[2025-06-05T14:43:41.234-0400] {processor.py:183} INFO - Processing /Users/vionasanda/Projects/netflix-retention-project/airflow_home/dags/netflix_retention_dag.py took 0.075 seconds
[2025-06-05T14:44:12.382-0400] {processor.py:161} INFO - Started process (PID=62084) to work on /Users/vionasanda/Projects/netflix-retention-project/airflow_home/dags/netflix_retention_dag.py
[2025-06-05T14:44:12.384-0400] {processor.py:830} INFO - Processing file /Users/vionasanda/Projects/netflix-retention-project/airflow_home/dags/netflix_retention_dag.py for tasks to queue
[2025-06-05T14:44:12.384-0400] {logging_mixin.py:188} INFO - [2025-06-05T14:44:12.384-0400] {dagbag.py:538} INFO - Filling up the DagBag from /Users/vionasanda/Projects/netflix-retention-project/airflow_home/dags/netflix_retention_dag.py
[2025-06-05T14:44:12.391-0400] {processor.py:840} INFO - DAG(s) 'netflix_retention_dag' retrieved from /Users/vionasanda/Projects/netflix-retention-project/airflow_home/dags/netflix_retention_dag.py
[2025-06-05T14:44:12.447-0400] {logging_mixin.py:188} INFO - [2025-06-05T14:44:12.447-0400] {dag.py:3036} INFO - Sync 1 DAGs
[2025-06-05T14:44:12.455-0400] {logging_mixin.py:188} INFO - [2025-06-05T14:44:12.455-0400] {dag.py:3823} INFO - Setting next_dagrun for netflix_retention_dag to 2025-06-05 00:00:00+00:00, run_after=2025-06-06 00:00:00+00:00
[2025-06-05T14:44:12.462-0400] {processor.py:183} INFO - Processing /Users/vionasanda/Projects/netflix-retention-project/airflow_home/dags/netflix_retention_dag.py took 0.080 seconds
[2025-06-05T14:44:43.625-0400] {processor.py:161} INFO - Started process (PID=62172) to work on /Users/vionasanda/Projects/netflix-retention-project/airflow_home/dags/netflix_retention_dag.py
[2025-06-05T14:44:43.627-0400] {processor.py:830} INFO - Processing file /Users/vionasanda/Projects/netflix-retention-project/airflow_home/dags/netflix_retention_dag.py for tasks to queue
[2025-06-05T14:44:43.627-0400] {logging_mixin.py:188} INFO - [2025-06-05T14:44:43.627-0400] {dagbag.py:538} INFO - Filling up the DagBag from /Users/vionasanda/Projects/netflix-retention-project/airflow_home/dags/netflix_retention_dag.py
[2025-06-05T14:44:43.633-0400] {processor.py:840} INFO - DAG(s) 'netflix_retention_dag' retrieved from /Users/vionasanda/Projects/netflix-retention-project/airflow_home/dags/netflix_retention_dag.py
[2025-06-05T14:44:43.686-0400] {logging_mixin.py:188} INFO - [2025-06-05T14:44:43.686-0400] {dag.py:3036} INFO - Sync 1 DAGs
[2025-06-05T14:44:43.694-0400] {logging_mixin.py:188} INFO - [2025-06-05T14:44:43.693-0400] {dag.py:3823} INFO - Setting next_dagrun for netflix_retention_dag to 2025-06-05 00:00:00+00:00, run_after=2025-06-06 00:00:00+00:00
[2025-06-05T14:44:43.700-0400] {processor.py:183} INFO - Processing /Users/vionasanda/Projects/netflix-retention-project/airflow_home/dags/netflix_retention_dag.py took 0.076 seconds
[2025-06-05T14:45:14.716-0400] {processor.py:161} INFO - Started process (PID=62265) to work on /Users/vionasanda/Projects/netflix-retention-project/airflow_home/dags/netflix_retention_dag.py
[2025-06-05T14:45:14.718-0400] {processor.py:830} INFO - Processing file /Users/vionasanda/Projects/netflix-retention-project/airflow_home/dags/netflix_retention_dag.py for tasks to queue
[2025-06-05T14:45:14.718-0400] {logging_mixin.py:188} INFO - [2025-06-05T14:45:14.718-0400] {dagbag.py:538} INFO - Filling up the DagBag from /Users/vionasanda/Projects/netflix-retention-project/airflow_home/dags/netflix_retention_dag.py
[2025-06-05T14:45:14.723-0400] {processor.py:840} INFO - DAG(s) 'netflix_retention_dag' retrieved from /Users/vionasanda/Projects/netflix-retention-project/airflow_home/dags/netflix_retention_dag.py
[2025-06-05T14:45:14.775-0400] {logging_mixin.py:188} INFO - [2025-06-05T14:45:14.775-0400] {dag.py:3036} INFO - Sync 1 DAGs
[2025-06-05T14:45:14.782-0400] {logging_mixin.py:188} INFO - [2025-06-05T14:45:14.782-0400] {dag.py:3823} INFO - Setting next_dagrun for netflix_retention_dag to 2025-06-05 00:00:00+00:00, run_after=2025-06-06 00:00:00+00:00
[2025-06-05T14:45:14.788-0400] {processor.py:183} INFO - Processing /Users/vionasanda/Projects/netflix-retention-project/airflow_home/dags/netflix_retention_dag.py took 0.073 seconds
[2025-06-05T14:45:45.786-0400] {processor.py:161} INFO - Started process (PID=62703) to work on /Users/vionasanda/Projects/netflix-retention-project/airflow_home/dags/netflix_retention_dag.py
[2025-06-05T14:45:45.788-0400] {processor.py:830} INFO - Processing file /Users/vionasanda/Projects/netflix-retention-project/airflow_home/dags/netflix_retention_dag.py for tasks to queue
[2025-06-05T14:45:45.788-0400] {logging_mixin.py:188} INFO - [2025-06-05T14:45:45.788-0400] {dagbag.py:538} INFO - Filling up the DagBag from /Users/vionasanda/Projects/netflix-retention-project/airflow_home/dags/netflix_retention_dag.py
[2025-06-05T14:45:45.794-0400] {processor.py:840} INFO - DAG(s) 'netflix_retention_dag' retrieved from /Users/vionasanda/Projects/netflix-retention-project/airflow_home/dags/netflix_retention_dag.py
[2025-06-05T14:45:45.848-0400] {logging_mixin.py:188} INFO - [2025-06-05T14:45:45.848-0400] {dag.py:3036} INFO - Sync 1 DAGs
[2025-06-05T14:45:45.856-0400] {logging_mixin.py:188} INFO - [2025-06-05T14:45:45.856-0400] {dag.py:3823} INFO - Setting next_dagrun for netflix_retention_dag to 2025-06-05 00:00:00+00:00, run_after=2025-06-06 00:00:00+00:00
[2025-06-05T14:45:45.862-0400] {processor.py:183} INFO - Processing /Users/vionasanda/Projects/netflix-retention-project/airflow_home/dags/netflix_retention_dag.py took 0.077 seconds
[2025-06-05T14:46:16.928-0400] {processor.py:161} INFO - Started process (PID=62775) to work on /Users/vionasanda/Projects/netflix-retention-project/airflow_home/dags/netflix_retention_dag.py
[2025-06-05T14:46:16.930-0400] {processor.py:830} INFO - Processing file /Users/vionasanda/Projects/netflix-retention-project/airflow_home/dags/netflix_retention_dag.py for tasks to queue
[2025-06-05T14:46:16.931-0400] {logging_mixin.py:188} INFO - [2025-06-05T14:46:16.931-0400] {dagbag.py:538} INFO - Filling up the DagBag from /Users/vionasanda/Projects/netflix-retention-project/airflow_home/dags/netflix_retention_dag.py
[2025-06-05T14:46:16.937-0400] {processor.py:840} INFO - DAG(s) 'netflix_retention_dag' retrieved from /Users/vionasanda/Projects/netflix-retention-project/airflow_home/dags/netflix_retention_dag.py
[2025-06-05T14:46:16.992-0400] {logging_mixin.py:188} INFO - [2025-06-05T14:46:16.992-0400] {dag.py:3036} INFO - Sync 1 DAGs
[2025-06-05T14:46:17.000-0400] {logging_mixin.py:188} INFO - [2025-06-05T14:46:17.000-0400] {dag.py:3823} INFO - Setting next_dagrun for netflix_retention_dag to 2025-06-05 00:00:00+00:00, run_after=2025-06-06 00:00:00+00:00
[2025-06-05T14:46:17.006-0400] {processor.py:183} INFO - Processing /Users/vionasanda/Projects/netflix-retention-project/airflow_home/dags/netflix_retention_dag.py took 0.078 seconds
[2025-06-05T14:46:48.093-0400] {processor.py:161} INFO - Started process (PID=62863) to work on /Users/vionasanda/Projects/netflix-retention-project/airflow_home/dags/netflix_retention_dag.py
[2025-06-05T14:46:48.095-0400] {processor.py:830} INFO - Processing file /Users/vionasanda/Projects/netflix-retention-project/airflow_home/dags/netflix_retention_dag.py for tasks to queue
[2025-06-05T14:46:48.095-0400] {logging_mixin.py:188} INFO - [2025-06-05T14:46:48.095-0400] {dagbag.py:538} INFO - Filling up the DagBag from /Users/vionasanda/Projects/netflix-retention-project/airflow_home/dags/netflix_retention_dag.py
[2025-06-05T14:46:48.101-0400] {processor.py:840} INFO - DAG(s) 'netflix_retention_dag' retrieved from /Users/vionasanda/Projects/netflix-retention-project/airflow_home/dags/netflix_retention_dag.py
[2025-06-05T14:46:48.156-0400] {logging_mixin.py:188} INFO - [2025-06-05T14:46:48.156-0400] {dag.py:3036} INFO - Sync 1 DAGs
[2025-06-05T14:46:48.163-0400] {logging_mixin.py:188} INFO - [2025-06-05T14:46:48.163-0400] {dag.py:3823} INFO - Setting next_dagrun for netflix_retention_dag to 2025-06-05 00:00:00+00:00, run_after=2025-06-06 00:00:00+00:00
[2025-06-05T14:46:48.170-0400] {processor.py:183} INFO - Processing /Users/vionasanda/Projects/netflix-retention-project/airflow_home/dags/netflix_retention_dag.py took 0.078 seconds
[2025-06-05T14:47:19.167-0400] {processor.py:161} INFO - Started process (PID=63279) to work on /Users/vionasanda/Projects/netflix-retention-project/airflow_home/dags/netflix_retention_dag.py
[2025-06-05T14:47:19.169-0400] {processor.py:830} INFO - Processing file /Users/vionasanda/Projects/netflix-retention-project/airflow_home/dags/netflix_retention_dag.py for tasks to queue
[2025-06-05T14:47:19.169-0400] {logging_mixin.py:188} INFO - [2025-06-05T14:47:19.169-0400] {dagbag.py:538} INFO - Filling up the DagBag from /Users/vionasanda/Projects/netflix-retention-project/airflow_home/dags/netflix_retention_dag.py
[2025-06-05T14:47:19.175-0400] {processor.py:840} INFO - DAG(s) 'netflix_retention_dag' retrieved from /Users/vionasanda/Projects/netflix-retention-project/airflow_home/dags/netflix_retention_dag.py
[2025-06-05T14:47:19.225-0400] {logging_mixin.py:188} INFO - [2025-06-05T14:47:19.225-0400] {dag.py:3036} INFO - Sync 1 DAGs
[2025-06-05T14:47:19.233-0400] {logging_mixin.py:188} INFO - [2025-06-05T14:47:19.233-0400] {dag.py:3823} INFO - Setting next_dagrun for netflix_retention_dag to 2025-06-05 00:00:00+00:00, run_after=2025-06-06 00:00:00+00:00
[2025-06-05T14:47:19.240-0400] {processor.py:183} INFO - Processing /Users/vionasanda/Projects/netflix-retention-project/airflow_home/dags/netflix_retention_dag.py took 0.073 seconds
