[2025-06-05T13:47:15.002-0400] {processor.py:161} INFO - Started process (PID=46699) to work on /Users/vionasanda/Projects/netflix-retention-project/venv/lib/python3.9/site-packages/airflow/example_dags/example_setup_teardown_taskflow.py
[2025-06-05T13:47:15.004-0400] {processor.py:830} INFO - Processing file /Users/vionasanda/Projects/netflix-retention-project/venv/lib/python3.9/site-packages/airflow/example_dags/example_setup_teardown_taskflow.py for tasks to queue
[2025-06-05T13:47:15.004-0400] {logging_mixin.py:188} INFO - [2025-06-05T13:47:15.004-0400] {dagbag.py:538} INFO - Filling up the DagBag from /Users/vionasanda/Projects/netflix-retention-project/venv/lib/python3.9/site-packages/airflow/example_dags/example_setup_teardown_taskflow.py
[2025-06-05T13:47:15.022-0400] {processor.py:840} INFO - DAG(s) 'example_setup_teardown_taskflow' retrieved from /Users/vionasanda/Projects/netflix-retention-project/venv/lib/python3.9/site-packages/airflow/example_dags/example_setup_teardown_taskflow.py
[2025-06-05T13:47:15.099-0400] {logging_mixin.py:188} INFO - [2025-06-05T13:47:15.099-0400] {override.py:1769} INFO - Created Permission View: can read on DAG:example_setup_teardown_taskflow
[2025-06-05T13:47:15.102-0400] {logging_mixin.py:188} INFO - [2025-06-05T13:47:15.102-0400] {override.py:1769} INFO - Created Permission View: can edit on DAG:example_setup_teardown_taskflow
[2025-06-05T13:47:15.105-0400] {logging_mixin.py:188} INFO - [2025-06-05T13:47:15.104-0400] {override.py:1769} INFO - Created Permission View: can delete on DAG:example_setup_teardown_taskflow
[2025-06-05T13:47:15.105-0400] {logging_mixin.py:188} INFO - [2025-06-05T13:47:15.105-0400] {dag.py:3036} INFO - Sync 1 DAGs
[2025-06-05T13:47:15.108-0400] {logging_mixin.py:188} INFO - [2025-06-05T13:47:15.108-0400] {dag.py:3058} INFO - Creating ORM DAG for example_setup_teardown_taskflow
[2025-06-05T13:47:15.113-0400] {logging_mixin.py:188} INFO - [2025-06-05T13:47:15.113-0400] {dag.py:3823} INFO - Setting next_dagrun for example_setup_teardown_taskflow to 2025-06-04 00:00:00+00:00, run_after=2025-06-05 00:00:00+00:00
[2025-06-05T13:47:15.119-0400] {processor.py:183} INFO - Processing /Users/vionasanda/Projects/netflix-retention-project/venv/lib/python3.9/site-packages/airflow/example_dags/example_setup_teardown_taskflow.py took 0.117 seconds
[2025-06-05T13:48:40.187-0400] {processor.py:161} INFO - Started process (PID=46755) to work on /Users/vionasanda/Projects/netflix-retention-project/venv/lib/python3.9/site-packages/airflow/example_dags/example_setup_teardown_taskflow.py
[2025-06-05T13:48:40.189-0400] {processor.py:830} INFO - Processing file /Users/vionasanda/Projects/netflix-retention-project/venv/lib/python3.9/site-packages/airflow/example_dags/example_setup_teardown_taskflow.py for tasks to queue
[2025-06-05T13:48:40.189-0400] {logging_mixin.py:188} INFO - [2025-06-05T13:48:40.189-0400] {dagbag.py:538} INFO - Filling up the DagBag from /Users/vionasanda/Projects/netflix-retention-project/venv/lib/python3.9/site-packages/airflow/example_dags/example_setup_teardown_taskflow.py
[2025-06-05T13:48:40.205-0400] {processor.py:840} INFO - DAG(s) 'example_setup_teardown_taskflow' retrieved from /Users/vionasanda/Projects/netflix-retention-project/venv/lib/python3.9/site-packages/airflow/example_dags/example_setup_teardown_taskflow.py
[2025-06-05T13:48:40.247-0400] {logging_mixin.py:188} INFO - [2025-06-05T13:48:40.247-0400] {dag.py:3036} INFO - Sync 1 DAGs
[2025-06-05T13:48:40.255-0400] {logging_mixin.py:188} INFO - [2025-06-05T13:48:40.254-0400] {dag.py:3823} INFO - Setting next_dagrun for example_setup_teardown_taskflow to 2025-06-04 00:00:00+00:00, run_after=2025-06-05 00:00:00+00:00
[2025-06-05T13:48:40.261-0400] {processor.py:183} INFO - Processing /Users/vionasanda/Projects/netflix-retention-project/venv/lib/python3.9/site-packages/airflow/example_dags/example_setup_teardown_taskflow.py took 0.075 seconds
[2025-06-05T13:50:28.989-0400] {processor.py:161} INFO - Started process (PID=46872) to work on /Users/vionasanda/Projects/netflix-retention-project/venv/lib/python3.9/site-packages/airflow/example_dags/example_setup_teardown_taskflow.py
[2025-06-05T13:50:28.991-0400] {processor.py:830} INFO - Processing file /Users/vionasanda/Projects/netflix-retention-project/venv/lib/python3.9/site-packages/airflow/example_dags/example_setup_teardown_taskflow.py for tasks to queue
[2025-06-05T13:50:28.991-0400] {logging_mixin.py:188} INFO - [2025-06-05T13:50:28.991-0400] {dagbag.py:538} INFO - Filling up the DagBag from /Users/vionasanda/Projects/netflix-retention-project/venv/lib/python3.9/site-packages/airflow/example_dags/example_setup_teardown_taskflow.py
[2025-06-05T13:50:29.009-0400] {processor.py:840} INFO - DAG(s) 'example_setup_teardown_taskflow' retrieved from /Users/vionasanda/Projects/netflix-retention-project/venv/lib/python3.9/site-packages/airflow/example_dags/example_setup_teardown_taskflow.py
[2025-06-05T13:50:29.051-0400] {logging_mixin.py:188} INFO - [2025-06-05T13:50:29.051-0400] {dag.py:3036} INFO - Sync 1 DAGs
[2025-06-05T13:50:29.059-0400] {logging_mixin.py:188} INFO - [2025-06-05T13:50:29.059-0400] {dag.py:3823} INFO - Setting next_dagrun for example_setup_teardown_taskflow to 2025-06-04 00:00:00+00:00, run_after=2025-06-05 00:00:00+00:00
[2025-06-05T13:50:29.066-0400] {processor.py:183} INFO - Processing /Users/vionasanda/Projects/netflix-retention-project/venv/lib/python3.9/site-packages/airflow/example_dags/example_setup_teardown_taskflow.py took 0.077 seconds
[2025-06-05T14:03:24.887-0400] {processor.py:161} INFO - Started process (PID=49549) to work on /Users/vionasanda/Projects/netflix-retention-project/venv/lib/python3.9/site-packages/airflow/example_dags/example_setup_teardown_taskflow.py
[2025-06-05T14:03:24.889-0400] {processor.py:830} INFO - Processing file /Users/vionasanda/Projects/netflix-retention-project/venv/lib/python3.9/site-packages/airflow/example_dags/example_setup_teardown_taskflow.py for tasks to queue
[2025-06-05T14:03:24.889-0400] {logging_mixin.py:188} INFO - [2025-06-05T14:03:24.889-0400] {dagbag.py:538} INFO - Filling up the DagBag from /Users/vionasanda/Projects/netflix-retention-project/venv/lib/python3.9/site-packages/airflow/example_dags/example_setup_teardown_taskflow.py
[2025-06-05T14:03:24.907-0400] {processor.py:840} INFO - DAG(s) 'example_setup_teardown_taskflow' retrieved from /Users/vionasanda/Projects/netflix-retention-project/venv/lib/python3.9/site-packages/airflow/example_dags/example_setup_teardown_taskflow.py
[2025-06-05T14:03:24.986-0400] {logging_mixin.py:188} INFO - [2025-06-05T14:03:24.986-0400] {dag.py:3036} INFO - Sync 1 DAGs
[2025-06-05T14:03:24.995-0400] {logging_mixin.py:188} INFO - [2025-06-05T14:03:24.994-0400] {dag.py:3823} INFO - Setting next_dagrun for example_setup_teardown_taskflow to 2025-06-04 00:00:00+00:00, run_after=2025-06-05 00:00:00+00:00
[2025-06-05T14:03:25.002-0400] {processor.py:183} INFO - Processing /Users/vionasanda/Projects/netflix-retention-project/venv/lib/python3.9/site-packages/airflow/example_dags/example_setup_teardown_taskflow.py took 0.115 seconds
