[2025-06-05T13:47:23.908-0400] {processor.py:161} INFO - Started process (PID=46707) to work on /Users/vionasanda/Projects/netflix-retention-project/venv/lib/python3.9/site-packages/airflow/example_dags/example_python_decorator.py
[2025-06-05T13:47:23.909-0400] {processor.py:830} INFO - Processing file /Users/vionasanda/Projects/netflix-retention-project/venv/lib/python3.9/site-packages/airflow/example_dags/example_python_decorator.py for tasks to queue
[2025-06-05T13:47:23.909-0400] {logging_mixin.py:188} INFO - [2025-06-05T13:47:23.909-0400] {dagbag.py:538} INFO - Filling up the DagBag from /Users/vionasanda/Projects/netflix-retention-project/venv/lib/python3.9/site-packages/airflow/example_dags/example_python_decorator.py
[2025-06-05T13:47:23.924-0400] {logging_mixin.py:188} INFO - [2025-06-05T13:47:23.924-0400] {example_python_decorator.py:79} WARNING - The virtalenv_python example task requires virtualenv, please install it.
[2025-06-05T13:47:23.925-0400] {processor.py:840} INFO - DAG(s) 'example_python_decorator' retrieved from /Users/vionasanda/Projects/netflix-retention-project/venv/lib/python3.9/site-packages/airflow/example_dags/example_python_decorator.py
[2025-06-05T13:47:24.001-0400] {logging_mixin.py:188} INFO - [2025-06-05T13:47:24.000-0400] {override.py:1769} INFO - Created Permission View: can read on DAG:example_python_decorator
[2025-06-05T13:47:24.004-0400] {logging_mixin.py:188} INFO - [2025-06-05T13:47:24.004-0400] {override.py:1769} INFO - Created Permission View: can edit on DAG:example_python_decorator
[2025-06-05T13:47:24.006-0400] {logging_mixin.py:188} INFO - [2025-06-05T13:47:24.006-0400] {override.py:1769} INFO - Created Permission View: can delete on DAG:example_python_decorator
[2025-06-05T13:47:24.007-0400] {logging_mixin.py:188} INFO - [2025-06-05T13:47:24.006-0400] {dag.py:3036} INFO - Sync 1 DAGs
[2025-06-05T13:47:24.010-0400] {logging_mixin.py:188} INFO - [2025-06-05T13:47:24.010-0400] {dag.py:3058} INFO - Creating ORM DAG for example_python_decorator
[2025-06-05T13:47:24.010-0400] {logging_mixin.py:188} INFO - [2025-06-05T13:47:24.010-0400] {dag.py:3823} INFO - Setting next_dagrun for example_python_decorator to None, run_after=None
[2025-06-05T13:47:24.016-0400] {processor.py:183} INFO - Processing /Users/vionasanda/Projects/netflix-retention-project/venv/lib/python3.9/site-packages/airflow/example_dags/example_python_decorator.py took 0.109 seconds
[2025-06-05T13:48:47.159-0400] {processor.py:161} INFO - Started process (PID=46766) to work on /Users/vionasanda/Projects/netflix-retention-project/venv/lib/python3.9/site-packages/airflow/example_dags/example_python_decorator.py
[2025-06-05T13:48:47.160-0400] {processor.py:830} INFO - Processing file /Users/vionasanda/Projects/netflix-retention-project/venv/lib/python3.9/site-packages/airflow/example_dags/example_python_decorator.py for tasks to queue
[2025-06-05T13:48:47.160-0400] {logging_mixin.py:188} INFO - [2025-06-05T13:48:47.160-0400] {dagbag.py:538} INFO - Filling up the DagBag from /Users/vionasanda/Projects/netflix-retention-project/venv/lib/python3.9/site-packages/airflow/example_dags/example_python_decorator.py
[2025-06-05T13:48:47.177-0400] {logging_mixin.py:188} INFO - [2025-06-05T13:48:47.177-0400] {example_python_decorator.py:79} WARNING - The virtalenv_python example task requires virtualenv, please install it.
[2025-06-05T13:48:47.178-0400] {processor.py:840} INFO - DAG(s) 'example_python_decorator' retrieved from /Users/vionasanda/Projects/netflix-retention-project/venv/lib/python3.9/site-packages/airflow/example_dags/example_python_decorator.py
[2025-06-05T13:48:47.222-0400] {logging_mixin.py:188} INFO - [2025-06-05T13:48:47.222-0400] {dag.py:3036} INFO - Sync 1 DAGs
[2025-06-05T13:48:47.226-0400] {logging_mixin.py:188} INFO - [2025-06-05T13:48:47.226-0400] {dag.py:3823} INFO - Setting next_dagrun for example_python_decorator to None, run_after=None
[2025-06-05T13:48:47.233-0400] {processor.py:183} INFO - Processing /Users/vionasanda/Projects/netflix-retention-project/venv/lib/python3.9/site-packages/airflow/example_dags/example_python_decorator.py took 0.075 seconds
[2025-06-05T13:50:36.745-0400] {processor.py:161} INFO - Started process (PID=47036) to work on /Users/vionasanda/Projects/netflix-retention-project/venv/lib/python3.9/site-packages/airflow/example_dags/example_python_decorator.py
[2025-06-05T13:50:36.747-0400] {processor.py:830} INFO - Processing file /Users/vionasanda/Projects/netflix-retention-project/venv/lib/python3.9/site-packages/airflow/example_dags/example_python_decorator.py for tasks to queue
[2025-06-05T13:50:36.747-0400] {logging_mixin.py:188} INFO - [2025-06-05T13:50:36.747-0400] {dagbag.py:538} INFO - Filling up the DagBag from /Users/vionasanda/Projects/netflix-retention-project/venv/lib/python3.9/site-packages/airflow/example_dags/example_python_decorator.py
[2025-06-05T13:50:36.762-0400] {logging_mixin.py:188} INFO - [2025-06-05T13:50:36.762-0400] {example_python_decorator.py:79} WARNING - The virtalenv_python example task requires virtualenv, please install it.
[2025-06-05T13:50:36.763-0400] {processor.py:840} INFO - DAG(s) 'example_python_decorator' retrieved from /Users/vionasanda/Projects/netflix-retention-project/venv/lib/python3.9/site-packages/airflow/example_dags/example_python_decorator.py
[2025-06-05T13:50:36.805-0400] {logging_mixin.py:188} INFO - [2025-06-05T13:50:36.805-0400] {dag.py:3036} INFO - Sync 1 DAGs
[2025-06-05T13:50:36.808-0400] {logging_mixin.py:188} INFO - [2025-06-05T13:50:36.808-0400] {dag.py:3823} INFO - Setting next_dagrun for example_python_decorator to None, run_after=None
[2025-06-05T13:50:36.815-0400] {processor.py:183} INFO - Processing /Users/vionasanda/Projects/netflix-retention-project/venv/lib/python3.9/site-packages/airflow/example_dags/example_python_decorator.py took 0.070 seconds
[2025-06-05T14:03:34.544-0400] {processor.py:161} INFO - Started process (PID=49555) to work on /Users/vionasanda/Projects/netflix-retention-project/venv/lib/python3.9/site-packages/airflow/example_dags/example_python_decorator.py
[2025-06-05T14:03:34.546-0400] {processor.py:830} INFO - Processing file /Users/vionasanda/Projects/netflix-retention-project/venv/lib/python3.9/site-packages/airflow/example_dags/example_python_decorator.py for tasks to queue
[2025-06-05T14:03:34.546-0400] {logging_mixin.py:188} INFO - [2025-06-05T14:03:34.546-0400] {dagbag.py:538} INFO - Filling up the DagBag from /Users/vionasanda/Projects/netflix-retention-project/venv/lib/python3.9/site-packages/airflow/example_dags/example_python_decorator.py
[2025-06-05T14:03:34.561-0400] {logging_mixin.py:188} INFO - [2025-06-05T14:03:34.561-0400] {example_python_decorator.py:79} WARNING - The virtalenv_python example task requires virtualenv, please install it.
[2025-06-05T14:03:34.562-0400] {processor.py:840} INFO - DAG(s) 'example_python_decorator' retrieved from /Users/vionasanda/Projects/netflix-retention-project/venv/lib/python3.9/site-packages/airflow/example_dags/example_python_decorator.py
[2025-06-05T14:03:34.636-0400] {logging_mixin.py:188} INFO - [2025-06-05T14:03:34.636-0400] {dag.py:3036} INFO - Sync 1 DAGs
[2025-06-05T14:03:34.640-0400] {logging_mixin.py:188} INFO - [2025-06-05T14:03:34.640-0400] {dag.py:3823} INFO - Setting next_dagrun for example_python_decorator to None, run_after=None
[2025-06-05T14:03:34.647-0400] {processor.py:183} INFO - Processing /Users/vionasanda/Projects/netflix-retention-project/venv/lib/python3.9/site-packages/airflow/example_dags/example_python_decorator.py took 0.103 seconds
