[2025-06-05T13:47:20.119-0400] {processor.py:161} INFO - Started process (PID=46704) to work on /Users/vionasanda/Projects/netflix-retention-project/venv/lib/python3.9/site-packages/airflow/example_dags/example_sensor_decorator.py
[2025-06-05T13:47:20.120-0400] {processor.py:830} INFO - Processing file /Users/vionasanda/Projects/netflix-retention-project/venv/lib/python3.9/site-packages/airflow/example_dags/example_sensor_decorator.py for tasks to queue
[2025-06-05T13:47:20.120-0400] {logging_mixin.py:188} INFO - [2025-06-05T13:47:20.120-0400] {dagbag.py:538} INFO - Filling up the DagBag from /Users/vionasanda/Projects/netflix-retention-project/venv/lib/python3.9/site-packages/airflow/example_dags/example_sensor_decorator.py
[2025-06-05T13:47:20.135-0400] {processor.py:840} INFO - DAG(s) 'example_sensor_decorator' retrieved from /Users/vionasanda/Projects/netflix-retention-project/venv/lib/python3.9/site-packages/airflow/example_dags/example_sensor_decorator.py
[2025-06-05T13:47:20.215-0400] {logging_mixin.py:188} INFO - [2025-06-05T13:47:20.215-0400] {override.py:1769} INFO - Created Permission View: can delete on DAG:example_sensor_decorator
[2025-06-05T13:47:20.219-0400] {logging_mixin.py:188} INFO - [2025-06-05T13:47:20.219-0400] {override.py:1769} INFO - Created Permission View: can read on DAG:example_sensor_decorator
[2025-06-05T13:47:20.220-0400] {logging_mixin.py:188} INFO - [2025-06-05T13:47:20.220-0400] {override.py:1769} INFO - Created Permission View: can edit on DAG:example_sensor_decorator
[2025-06-05T13:47:20.221-0400] {logging_mixin.py:188} INFO - [2025-06-05T13:47:20.221-0400] {dag.py:3036} INFO - Sync 1 DAGs
[2025-06-05T13:47:20.224-0400] {logging_mixin.py:188} INFO - [2025-06-05T13:47:20.224-0400] {dag.py:3058} INFO - Creating ORM DAG for example_sensor_decorator
[2025-06-05T13:47:20.224-0400] {logging_mixin.py:188} INFO - [2025-06-05T13:47:20.224-0400] {dag.py:3823} INFO - Setting next_dagrun for example_sensor_decorator to None, run_after=None
[2025-06-05T13:47:20.230-0400] {processor.py:183} INFO - Processing /Users/vionasanda/Projects/netflix-retention-project/venv/lib/python3.9/site-packages/airflow/example_dags/example_sensor_decorator.py took 0.112 seconds
[2025-06-05T13:48:45.019-0400] {processor.py:161} INFO - Started process (PID=46764) to work on /Users/vionasanda/Projects/netflix-retention-project/venv/lib/python3.9/site-packages/airflow/example_dags/example_sensor_decorator.py
[2025-06-05T13:48:45.021-0400] {processor.py:830} INFO - Processing file /Users/vionasanda/Projects/netflix-retention-project/venv/lib/python3.9/site-packages/airflow/example_dags/example_sensor_decorator.py for tasks to queue
[2025-06-05T13:48:45.021-0400] {logging_mixin.py:188} INFO - [2025-06-05T13:48:45.021-0400] {dagbag.py:538} INFO - Filling up the DagBag from /Users/vionasanda/Projects/netflix-retention-project/venv/lib/python3.9/site-packages/airflow/example_dags/example_sensor_decorator.py
[2025-06-05T13:48:45.037-0400] {processor.py:840} INFO - DAG(s) 'example_sensor_decorator' retrieved from /Users/vionasanda/Projects/netflix-retention-project/venv/lib/python3.9/site-packages/airflow/example_dags/example_sensor_decorator.py
[2025-06-05T13:48:45.086-0400] {logging_mixin.py:188} INFO - [2025-06-05T13:48:45.086-0400] {dag.py:3036} INFO - Sync 1 DAGs
[2025-06-05T13:48:45.089-0400] {logging_mixin.py:188} INFO - [2025-06-05T13:48:45.089-0400] {dag.py:3823} INFO - Setting next_dagrun for example_sensor_decorator to None, run_after=None
[2025-06-05T13:48:45.096-0400] {processor.py:183} INFO - Processing /Users/vionasanda/Projects/netflix-retention-project/venv/lib/python3.9/site-packages/airflow/example_dags/example_sensor_decorator.py took 0.077 seconds
[2025-06-05T13:50:33.909-0400] {processor.py:161} INFO - Started process (PID=46941) to work on /Users/vionasanda/Projects/netflix-retention-project/venv/lib/python3.9/site-packages/airflow/example_dags/example_sensor_decorator.py
[2025-06-05T13:50:33.910-0400] {processor.py:830} INFO - Processing file /Users/vionasanda/Projects/netflix-retention-project/venv/lib/python3.9/site-packages/airflow/example_dags/example_sensor_decorator.py for tasks to queue
[2025-06-05T13:50:33.910-0400] {logging_mixin.py:188} INFO - [2025-06-05T13:50:33.910-0400] {dagbag.py:538} INFO - Filling up the DagBag from /Users/vionasanda/Projects/netflix-retention-project/venv/lib/python3.9/site-packages/airflow/example_dags/example_sensor_decorator.py
[2025-06-05T13:50:33.925-0400] {processor.py:840} INFO - DAG(s) 'example_sensor_decorator' retrieved from /Users/vionasanda/Projects/netflix-retention-project/venv/lib/python3.9/site-packages/airflow/example_dags/example_sensor_decorator.py
[2025-06-05T13:50:33.973-0400] {logging_mixin.py:188} INFO - [2025-06-05T13:50:33.973-0400] {dag.py:3036} INFO - Sync 1 DAGs
[2025-06-05T13:50:33.976-0400] {logging_mixin.py:188} INFO - [2025-06-05T13:50:33.976-0400] {dag.py:3823} INFO - Setting next_dagrun for example_sensor_decorator to None, run_after=None
[2025-06-05T13:50:33.983-0400] {processor.py:183} INFO - Processing /Users/vionasanda/Projects/netflix-retention-project/venv/lib/python3.9/site-packages/airflow/example_dags/example_sensor_decorator.py took 0.075 seconds
[2025-06-05T14:03:30.731-0400] {processor.py:161} INFO - Started process (PID=49552) to work on /Users/vionasanda/Projects/netflix-retention-project/venv/lib/python3.9/site-packages/airflow/example_dags/example_sensor_decorator.py
[2025-06-05T14:03:30.733-0400] {processor.py:830} INFO - Processing file /Users/vionasanda/Projects/netflix-retention-project/venv/lib/python3.9/site-packages/airflow/example_dags/example_sensor_decorator.py for tasks to queue
[2025-06-05T14:03:30.733-0400] {logging_mixin.py:188} INFO - [2025-06-05T14:03:30.733-0400] {dagbag.py:538} INFO - Filling up the DagBag from /Users/vionasanda/Projects/netflix-retention-project/venv/lib/python3.9/site-packages/airflow/example_dags/example_sensor_decorator.py
[2025-06-05T14:03:30.751-0400] {processor.py:840} INFO - DAG(s) 'example_sensor_decorator' retrieved from /Users/vionasanda/Projects/netflix-retention-project/venv/lib/python3.9/site-packages/airflow/example_dags/example_sensor_decorator.py
[2025-06-05T14:03:30.835-0400] {logging_mixin.py:188} INFO - [2025-06-05T14:03:30.835-0400] {dag.py:3036} INFO - Sync 1 DAGs
[2025-06-05T14:03:30.839-0400] {logging_mixin.py:188} INFO - [2025-06-05T14:03:30.839-0400] {dag.py:3823} INFO - Setting next_dagrun for example_sensor_decorator to None, run_after=None
[2025-06-05T14:03:30.846-0400] {processor.py:183} INFO - Processing /Users/vionasanda/Projects/netflix-retention-project/venv/lib/python3.9/site-packages/airflow/example_dags/example_sensor_decorator.py took 0.115 seconds
