[2025-06-05T13:46:59.204-0400] {processor.py:161} INFO - Started process (PID=46683) to work on /Users/vionasanda/Projects/netflix-retention-project/venv/lib/python3.9/site-packages/airflow/example_dags/example_trigger_controller_dag.py
[2025-06-05T13:46:59.206-0400] {processor.py:830} INFO - Processing file /Users/vionasanda/Projects/netflix-retention-project/venv/lib/python3.9/site-packages/airflow/example_dags/example_trigger_controller_dag.py for tasks to queue
[2025-06-05T13:46:59.206-0400] {logging_mixin.py:188} INFO - [2025-06-05T13:46:59.206-0400] {dagbag.py:538} INFO - Filling up the DagBag from /Users/vionasanda/Projects/netflix-retention-project/venv/lib/python3.9/site-packages/airflow/example_dags/example_trigger_controller_dag.py
[2025-06-05T13:46:59.211-0400] {processor.py:840} INFO - DAG(s) 'example_trigger_controller_dag' retrieved from /Users/vionasanda/Projects/netflix-retention-project/venv/lib/python3.9/site-packages/airflow/example_dags/example_trigger_controller_dag.py
[2025-06-05T13:46:59.291-0400] {logging_mixin.py:188} INFO - [2025-06-05T13:46:59.290-0400] {override.py:1769} INFO - Created Permission View: can delete on DAG:example_trigger_controller_dag
[2025-06-05T13:46:59.294-0400] {logging_mixin.py:188} INFO - [2025-06-05T13:46:59.294-0400] {override.py:1769} INFO - Created Permission View: can edit on DAG:example_trigger_controller_dag
[2025-06-05T13:46:59.296-0400] {logging_mixin.py:188} INFO - [2025-06-05T13:46:59.296-0400] {override.py:1769} INFO - Created Permission View: can read on DAG:example_trigger_controller_dag
[2025-06-05T13:46:59.296-0400] {logging_mixin.py:188} INFO - [2025-06-05T13:46:59.296-0400] {dag.py:3036} INFO - Sync 1 DAGs
[2025-06-05T13:46:59.300-0400] {logging_mixin.py:188} INFO - [2025-06-05T13:46:59.300-0400] {dag.py:3058} INFO - Creating ORM DAG for example_trigger_controller_dag
[2025-06-05T13:46:59.303-0400] {logging_mixin.py:188} INFO - [2025-06-05T13:46:59.303-0400] {dag.py:3823} INFO - Setting next_dagrun for example_trigger_controller_dag to 2021-01-01 00:00:00+00:00, run_after=2021-01-01 00:00:00+00:00
[2025-06-05T13:46:59.309-0400] {processor.py:183} INFO - Processing /Users/vionasanda/Projects/netflix-retention-project/venv/lib/python3.9/site-packages/airflow/example_dags/example_trigger_controller_dag.py took 0.105 seconds
[2025-06-05T13:48:24.318-0400] {processor.py:161} INFO - Started process (PID=46746) to work on /Users/vionasanda/Projects/netflix-retention-project/venv/lib/python3.9/site-packages/airflow/example_dags/example_trigger_controller_dag.py
[2025-06-05T13:48:24.320-0400] {processor.py:830} INFO - Processing file /Users/vionasanda/Projects/netflix-retention-project/venv/lib/python3.9/site-packages/airflow/example_dags/example_trigger_controller_dag.py for tasks to queue
[2025-06-05T13:48:24.320-0400] {logging_mixin.py:188} INFO - [2025-06-05T13:48:24.320-0400] {dagbag.py:538} INFO - Filling up the DagBag from /Users/vionasanda/Projects/netflix-retention-project/venv/lib/python3.9/site-packages/airflow/example_dags/example_trigger_controller_dag.py
[2025-06-05T13:48:24.326-0400] {processor.py:840} INFO - DAG(s) 'example_trigger_controller_dag' retrieved from /Users/vionasanda/Projects/netflix-retention-project/venv/lib/python3.9/site-packages/airflow/example_dags/example_trigger_controller_dag.py
[2025-06-05T13:48:24.372-0400] {logging_mixin.py:188} INFO - [2025-06-05T13:48:24.371-0400] {dag.py:3036} INFO - Sync 1 DAGs
[2025-06-05T13:48:24.379-0400] {logging_mixin.py:188} INFO - [2025-06-05T13:48:24.378-0400] {dag.py:3823} INFO - Setting next_dagrun for example_trigger_controller_dag to 2021-01-01 00:00:00+00:00, run_after=2021-01-01 00:00:00+00:00
[2025-06-05T13:48:24.391-0400] {processor.py:183} INFO - Processing /Users/vionasanda/Projects/netflix-retention-project/venv/lib/python3.9/site-packages/airflow/example_dags/example_trigger_controller_dag.py took 0.073 seconds
[2025-06-05T13:49:19.967-0400] {processor.py:161} INFO - Started process (PID=46822) to work on /Users/vionasanda/Projects/netflix-retention-project/venv/lib/python3.9/site-packages/airflow/example_dags/example_trigger_controller_dag.py
[2025-06-05T13:49:19.968-0400] {processor.py:830} INFO - Processing file /Users/vionasanda/Projects/netflix-retention-project/venv/lib/python3.9/site-packages/airflow/example_dags/example_trigger_controller_dag.py for tasks to queue
[2025-06-05T13:49:19.969-0400] {logging_mixin.py:188} INFO - [2025-06-05T13:49:19.969-0400] {dagbag.py:538} INFO - Filling up the DagBag from /Users/vionasanda/Projects/netflix-retention-project/venv/lib/python3.9/site-packages/airflow/example_dags/example_trigger_controller_dag.py
[2025-06-05T13:49:19.973-0400] {processor.py:840} INFO - DAG(s) 'example_trigger_controller_dag' retrieved from /Users/vionasanda/Projects/netflix-retention-project/venv/lib/python3.9/site-packages/airflow/example_dags/example_trigger_controller_dag.py
[2025-06-05T13:49:20.016-0400] {logging_mixin.py:188} INFO - [2025-06-05T13:49:20.016-0400] {dag.py:3036} INFO - Sync 1 DAGs
[2025-06-05T13:49:20.022-0400] {logging_mixin.py:188} INFO - [2025-06-05T13:49:20.022-0400] {dag.py:3823} INFO - Setting next_dagrun for example_trigger_controller_dag to 2021-01-01 00:00:00+00:00, run_after=2021-01-01 00:00:00+00:00
[2025-06-05T13:49:20.029-0400] {processor.py:183} INFO - Processing /Users/vionasanda/Projects/netflix-retention-project/venv/lib/python3.9/site-packages/airflow/example_dags/example_trigger_controller_dag.py took 0.062 seconds
[2025-06-05T13:50:12.588-0400] {processor.py:161} INFO - Started process (PID=46860) to work on /Users/vionasanda/Projects/netflix-retention-project/venv/lib/python3.9/site-packages/airflow/example_dags/example_trigger_controller_dag.py
[2025-06-05T13:50:12.590-0400] {processor.py:830} INFO - Processing file /Users/vionasanda/Projects/netflix-retention-project/venv/lib/python3.9/site-packages/airflow/example_dags/example_trigger_controller_dag.py for tasks to queue
[2025-06-05T13:50:12.590-0400] {logging_mixin.py:188} INFO - [2025-06-05T13:50:12.590-0400] {dagbag.py:538} INFO - Filling up the DagBag from /Users/vionasanda/Projects/netflix-retention-project/venv/lib/python3.9/site-packages/airflow/example_dags/example_trigger_controller_dag.py
[2025-06-05T13:50:12.594-0400] {processor.py:840} INFO - DAG(s) 'example_trigger_controller_dag' retrieved from /Users/vionasanda/Projects/netflix-retention-project/venv/lib/python3.9/site-packages/airflow/example_dags/example_trigger_controller_dag.py
[2025-06-05T13:50:12.635-0400] {logging_mixin.py:188} INFO - [2025-06-05T13:50:12.635-0400] {dag.py:3036} INFO - Sync 1 DAGs
[2025-06-05T13:50:12.641-0400] {logging_mixin.py:188} INFO - [2025-06-05T13:50:12.641-0400] {dag.py:3823} INFO - Setting next_dagrun for example_trigger_controller_dag to 2021-01-01 00:00:00+00:00, run_after=2021-01-01 00:00:00+00:00
[2025-06-05T13:50:12.648-0400] {processor.py:183} INFO - Processing /Users/vionasanda/Projects/netflix-retention-project/venv/lib/python3.9/site-packages/airflow/example_dags/example_trigger_controller_dag.py took 0.060 seconds
[2025-06-05T14:03:07.539-0400] {processor.py:161} INFO - Started process (PID=49525) to work on /Users/vionasanda/Projects/netflix-retention-project/venv/lib/python3.9/site-packages/airflow/example_dags/example_trigger_controller_dag.py
[2025-06-05T14:03:07.540-0400] {processor.py:830} INFO - Processing file /Users/vionasanda/Projects/netflix-retention-project/venv/lib/python3.9/site-packages/airflow/example_dags/example_trigger_controller_dag.py for tasks to queue
[2025-06-05T14:03:07.540-0400] {logging_mixin.py:188} INFO - [2025-06-05T14:03:07.540-0400] {dagbag.py:538} INFO - Filling up the DagBag from /Users/vionasanda/Projects/netflix-retention-project/venv/lib/python3.9/site-packages/airflow/example_dags/example_trigger_controller_dag.py
[2025-06-05T14:03:07.546-0400] {processor.py:840} INFO - DAG(s) 'example_trigger_controller_dag' retrieved from /Users/vionasanda/Projects/netflix-retention-project/venv/lib/python3.9/site-packages/airflow/example_dags/example_trigger_controller_dag.py
[2025-06-05T14:03:07.623-0400] {logging_mixin.py:188} INFO - [2025-06-05T14:03:07.623-0400] {dag.py:3036} INFO - Sync 1 DAGs
[2025-06-05T14:03:07.630-0400] {logging_mixin.py:188} INFO - [2025-06-05T14:03:07.630-0400] {dag.py:3823} INFO - Setting next_dagrun for example_trigger_controller_dag to 2021-01-01 00:00:00+00:00, run_after=2021-01-01 00:00:00+00:00
[2025-06-05T14:03:07.636-0400] {processor.py:183} INFO - Processing /Users/vionasanda/Projects/netflix-retention-project/venv/lib/python3.9/site-packages/airflow/example_dags/example_trigger_controller_dag.py took 0.098 seconds
