[2025-06-05T13:47:52.741-0400] {processor.py:161} INFO - Started process (PID=46725) to work on /Users/vionasanda/Projects/netflix-retention-project/venv/lib/python3.9/site-packages/airflow/example_dags/example_branch_operator_decorator.py
[2025-06-05T13:47:52.742-0400] {processor.py:830} INFO - Processing file /Users/vionasanda/Projects/netflix-retention-project/venv/lib/python3.9/site-packages/airflow/example_dags/example_branch_operator_decorator.py for tasks to queue
[2025-06-05T13:47:52.743-0400] {logging_mixin.py:188} INFO - [2025-06-05T13:47:52.743-0400] {dagbag.py:538} INFO - Filling up the DagBag from /Users/vionasanda/Projects/netflix-retention-project/venv/lib/python3.9/site-packages/airflow/example_dags/example_branch_operator_decorator.py
[2025-06-05T13:47:52.775-0400] {logging_mixin.py:188} INFO - [2025-06-05T13:47:52.761-0400] {dagbag.py:348} ERROR - Failed to import: /Users/vionasanda/Projects/netflix-retention-project/venv/lib/python3.9/site-packages/airflow/example_dags/example_branch_operator_decorator.py
Traceback (most recent call last):
  File "/Users/vionasanda/Projects/netflix-retention-project/venv/lib/python3.9/site-packages/airflow/models/dagbag.py", line 344, in parse
    loader.exec_module(new_module)
  File "<frozen importlib._bootstrap_external>", line 850, in exec_module
  File "<frozen importlib._bootstrap>", line 228, in _call_with_frames_removed
  File "/Users/vionasanda/Projects/netflix-retention-project/venv/lib/python3.9/site-packages/airflow/example_dags/example_branch_operator_decorator.py", line 125, in <module>
    random_choice_venv = branching_virtualenv(choices=options)
  File "/Users/vionasanda/Projects/netflix-retention-project/venv/lib/python3.9/site-packages/airflow/decorators/base.py", line 366, in __call__
    op = self.operator_class(
  File "/Users/vionasanda/Projects/netflix-retention-project/venv/lib/python3.9/site-packages/airflow/models/baseoperator.py", line 437, in apply_defaults
    result = func(self, **kwargs, default_args=default_args)
  File "/Users/vionasanda/Projects/netflix-retention-project/venv/lib/python3.9/site-packages/airflow/models/baseoperator.py", line 437, in apply_defaults
    result = func(self, **kwargs, default_args=default_args)
  File "/Users/vionasanda/Projects/netflix-retention-project/venv/lib/python3.9/site-packages/airflow/decorators/python.py", line 52, in __init__
    super().__init__(
  File "/Users/vionasanda/Projects/netflix-retention-project/venv/lib/python3.9/site-packages/airflow/models/baseoperator.py", line 437, in apply_defaults
    result = func(self, **kwargs, default_args=default_args)
  File "/Users/vionasanda/Projects/netflix-retention-project/venv/lib/python3.9/site-packages/airflow/decorators/base.py", line 233, in __init__
    super().__init__(task_id=task_id, **kwargs_to_upstream, **kwargs)
  File "/Users/vionasanda/Projects/netflix-retention-project/venv/lib/python3.9/site-packages/airflow/models/baseoperator.py", line 437, in apply_defaults
    result = func(self, **kwargs, default_args=default_args)
  File "/Users/vionasanda/Projects/netflix-retention-project/venv/lib/python3.9/site-packages/airflow/models/baseoperator.py", line 437, in apply_defaults
    result = func(self, **kwargs, default_args=default_args)
  File "/Users/vionasanda/Projects/netflix-retention-project/venv/lib/python3.9/site-packages/airflow/operators/python.py", line 584, in __init__
    raise AirflowException("PythonVirtualenvOperator requires virtualenv, please install it.")
airflow.exceptions.AirflowException: PythonVirtualenvOperator requires virtualenv, please install it.
[2025-06-05T13:47:52.775-0400] {processor.py:842} WARNING - No viable dags retrieved from /Users/vionasanda/Projects/netflix-retention-project/venv/lib/python3.9/site-packages/airflow/example_dags/example_branch_operator_decorator.py
[2025-06-05T13:47:52.809-0400] {processor.py:183} INFO - Processing /Users/vionasanda/Projects/netflix-retention-project/venv/lib/python3.9/site-packages/airflow/example_dags/example_branch_operator_decorator.py took 0.068 seconds
[2025-06-05T13:49:40.845-0400] {processor.py:161} INFO - Started process (PID=46839) to work on /Users/vionasanda/Projects/netflix-retention-project/venv/lib/python3.9/site-packages/airflow/example_dags/example_branch_operator_decorator.py
[2025-06-05T13:49:40.848-0400] {processor.py:830} INFO - Processing file /Users/vionasanda/Projects/netflix-retention-project/venv/lib/python3.9/site-packages/airflow/example_dags/example_branch_operator_decorator.py for tasks to queue
[2025-06-05T13:49:40.849-0400] {logging_mixin.py:188} INFO - [2025-06-05T13:49:40.849-0400] {dagbag.py:538} INFO - Filling up the DagBag from /Users/vionasanda/Projects/netflix-retention-project/venv/lib/python3.9/site-packages/airflow/example_dags/example_branch_operator_decorator.py
[2025-06-05T13:49:40.883-0400] {logging_mixin.py:188} INFO - [2025-06-05T13:49:40.868-0400] {dagbag.py:348} ERROR - Failed to import: /Users/vionasanda/Projects/netflix-retention-project/venv/lib/python3.9/site-packages/airflow/example_dags/example_branch_operator_decorator.py
Traceback (most recent call last):
  File "/Users/vionasanda/Projects/netflix-retention-project/venv/lib/python3.9/site-packages/airflow/models/dagbag.py", line 344, in parse
    loader.exec_module(new_module)
  File "<frozen importlib._bootstrap_external>", line 850, in exec_module
  File "<frozen importlib._bootstrap>", line 228, in _call_with_frames_removed
  File "/Users/vionasanda/Projects/netflix-retention-project/venv/lib/python3.9/site-packages/airflow/example_dags/example_branch_operator_decorator.py", line 125, in <module>
    random_choice_venv = branching_virtualenv(choices=options)
  File "/Users/vionasanda/Projects/netflix-retention-project/venv/lib/python3.9/site-packages/airflow/decorators/base.py", line 366, in __call__
    op = self.operator_class(
  File "/Users/vionasanda/Projects/netflix-retention-project/venv/lib/python3.9/site-packages/airflow/models/baseoperator.py", line 437, in apply_defaults
    result = func(self, **kwargs, default_args=default_args)
  File "/Users/vionasanda/Projects/netflix-retention-project/venv/lib/python3.9/site-packages/airflow/models/baseoperator.py", line 437, in apply_defaults
    result = func(self, **kwargs, default_args=default_args)
  File "/Users/vionasanda/Projects/netflix-retention-project/venv/lib/python3.9/site-packages/airflow/decorators/python.py", line 52, in __init__
    super().__init__(
  File "/Users/vionasanda/Projects/netflix-retention-project/venv/lib/python3.9/site-packages/airflow/models/baseoperator.py", line 437, in apply_defaults
    result = func(self, **kwargs, default_args=default_args)
  File "/Users/vionasanda/Projects/netflix-retention-project/venv/lib/python3.9/site-packages/airflow/decorators/base.py", line 233, in __init__
    super().__init__(task_id=task_id, **kwargs_to_upstream, **kwargs)
  File "/Users/vionasanda/Projects/netflix-retention-project/venv/lib/python3.9/site-packages/airflow/models/baseoperator.py", line 437, in apply_defaults
    result = func(self, **kwargs, default_args=default_args)
  File "/Users/vionasanda/Projects/netflix-retention-project/venv/lib/python3.9/site-packages/airflow/models/baseoperator.py", line 437, in apply_defaults
    result = func(self, **kwargs, default_args=default_args)
  File "/Users/vionasanda/Projects/netflix-retention-project/venv/lib/python3.9/site-packages/airflow/operators/python.py", line 584, in __init__
    raise AirflowException("PythonVirtualenvOperator requires virtualenv, please install it.")
airflow.exceptions.AirflowException: PythonVirtualenvOperator requires virtualenv, please install it.
[2025-06-05T13:49:40.883-0400] {processor.py:842} WARNING - No viable dags retrieved from /Users/vionasanda/Projects/netflix-retention-project/venv/lib/python3.9/site-packages/airflow/example_dags/example_branch_operator_decorator.py
[2025-06-05T13:49:40.916-0400] {processor.py:183} INFO - Processing /Users/vionasanda/Projects/netflix-retention-project/venv/lib/python3.9/site-packages/airflow/example_dags/example_branch_operator_decorator.py took 0.071 seconds
