[2025-06-05T13:47:13.077-0400] {processor.py:161} INFO - Started process (PID=46696) to work on /Users/vionasanda/Projects/netflix-retention-project/venv/lib/python3.9/site-packages/airflow/example_dags/example_short_circuit_decorator.py
[2025-06-05T13:47:13.079-0400] {processor.py:830} INFO - Processing file /Users/vionasanda/Projects/netflix-retention-project/venv/lib/python3.9/site-packages/airflow/example_dags/example_short_circuit_decorator.py for tasks to queue
[2025-06-05T13:47:13.079-0400] {logging_mixin.py:188} INFO - [2025-06-05T13:47:13.079-0400] {dagbag.py:538} INFO - Filling up the DagBag from /Users/vionasanda/Projects/netflix-retention-project/venv/lib/python3.9/site-packages/airflow/example_dags/example_short_circuit_decorator.py
[2025-06-05T13:47:13.095-0400] {processor.py:840} INFO - DAG(s) 'example_short_circuit_decorator' retrieved from /Users/vionasanda/Projects/netflix-retention-project/venv/lib/python3.9/site-packages/airflow/example_dags/example_short_circuit_decorator.py
[2025-06-05T13:47:13.172-0400] {logging_mixin.py:188} INFO - [2025-06-05T13:47:13.172-0400] {override.py:1769} INFO - Created Permission View: can read on DAG:example_short_circuit_decorator
[2025-06-05T13:47:13.175-0400] {logging_mixin.py:188} INFO - [2025-06-05T13:47:13.175-0400] {override.py:1769} INFO - Created Permission View: can edit on DAG:example_short_circuit_decorator
[2025-06-05T13:47:13.177-0400] {logging_mixin.py:188} INFO - [2025-06-05T13:47:13.177-0400] {override.py:1769} INFO - Created Permission View: can delete on DAG:example_short_circuit_decorator
[2025-06-05T13:47:13.177-0400] {logging_mixin.py:188} INFO - [2025-06-05T13:47:13.177-0400] {dag.py:3036} INFO - Sync 1 DAGs
[2025-06-05T13:47:13.181-0400] {logging_mixin.py:188} INFO - [2025-06-05T13:47:13.181-0400] {dag.py:3058} INFO - Creating ORM DAG for example_short_circuit_decorator
[2025-06-05T13:47:13.185-0400] {logging_mixin.py:188} INFO - [2025-06-05T13:47:13.185-0400] {dag.py:3823} INFO - Setting next_dagrun for example_short_circuit_decorator to 2025-06-04 00:00:00+00:00, run_after=2025-06-05 00:00:00+00:00
[2025-06-05T13:47:13.191-0400] {processor.py:183} INFO - Processing /Users/vionasanda/Projects/netflix-retention-project/venv/lib/python3.9/site-packages/airflow/example_dags/example_short_circuit_decorator.py took 0.114 seconds
[2025-06-05T13:48:38.288-0400] {processor.py:161} INFO - Started process (PID=46754) to work on /Users/vionasanda/Projects/netflix-retention-project/venv/lib/python3.9/site-packages/airflow/example_dags/example_short_circuit_decorator.py
[2025-06-05T13:48:38.290-0400] {processor.py:830} INFO - Processing file /Users/vionasanda/Projects/netflix-retention-project/venv/lib/python3.9/site-packages/airflow/example_dags/example_short_circuit_decorator.py for tasks to queue
[2025-06-05T13:48:38.290-0400] {logging_mixin.py:188} INFO - [2025-06-05T13:48:38.290-0400] {dagbag.py:538} INFO - Filling up the DagBag from /Users/vionasanda/Projects/netflix-retention-project/venv/lib/python3.9/site-packages/airflow/example_dags/example_short_circuit_decorator.py
[2025-06-05T13:48:38.307-0400] {processor.py:840} INFO - DAG(s) 'example_short_circuit_decorator' retrieved from /Users/vionasanda/Projects/netflix-retention-project/venv/lib/python3.9/site-packages/airflow/example_dags/example_short_circuit_decorator.py
[2025-06-05T13:48:38.349-0400] {logging_mixin.py:188} INFO - [2025-06-05T13:48:38.349-0400] {dag.py:3036} INFO - Sync 1 DAGs
[2025-06-05T13:48:38.357-0400] {logging_mixin.py:188} INFO - [2025-06-05T13:48:38.357-0400] {dag.py:3823} INFO - Setting next_dagrun for example_short_circuit_decorator to 2025-06-04 00:00:00+00:00, run_after=2025-06-05 00:00:00+00:00
[2025-06-05T13:48:38.365-0400] {processor.py:183} INFO - Processing /Users/vionasanda/Projects/netflix-retention-project/venv/lib/python3.9/site-packages/airflow/example_dags/example_short_circuit_decorator.py took 0.077 seconds
[2025-06-05T13:50:27.123-0400] {processor.py:161} INFO - Started process (PID=46871) to work on /Users/vionasanda/Projects/netflix-retention-project/venv/lib/python3.9/site-packages/airflow/example_dags/example_short_circuit_decorator.py
[2025-06-05T13:50:27.124-0400] {processor.py:830} INFO - Processing file /Users/vionasanda/Projects/netflix-retention-project/venv/lib/python3.9/site-packages/airflow/example_dags/example_short_circuit_decorator.py for tasks to queue
[2025-06-05T13:50:27.125-0400] {logging_mixin.py:188} INFO - [2025-06-05T13:50:27.124-0400] {dagbag.py:538} INFO - Filling up the DagBag from /Users/vionasanda/Projects/netflix-retention-project/venv/lib/python3.9/site-packages/airflow/example_dags/example_short_circuit_decorator.py
[2025-06-05T13:50:27.141-0400] {processor.py:840} INFO - DAG(s) 'example_short_circuit_decorator' retrieved from /Users/vionasanda/Projects/netflix-retention-project/venv/lib/python3.9/site-packages/airflow/example_dags/example_short_circuit_decorator.py
[2025-06-05T13:50:27.184-0400] {logging_mixin.py:188} INFO - [2025-06-05T13:50:27.184-0400] {dag.py:3036} INFO - Sync 1 DAGs
[2025-06-05T13:50:27.192-0400] {logging_mixin.py:188} INFO - [2025-06-05T13:50:27.192-0400] {dag.py:3823} INFO - Setting next_dagrun for example_short_circuit_decorator to 2025-06-04 00:00:00+00:00, run_after=2025-06-05 00:00:00+00:00
[2025-06-05T13:50:27.199-0400] {processor.py:183} INFO - Processing /Users/vionasanda/Projects/netflix-retention-project/venv/lib/python3.9/site-packages/airflow/example_dags/example_short_circuit_decorator.py took 0.076 seconds
[2025-06-05T14:03:22.801-0400] {processor.py:161} INFO - Started process (PID=49547) to work on /Users/vionasanda/Projects/netflix-retention-project/venv/lib/python3.9/site-packages/airflow/example_dags/example_short_circuit_decorator.py
[2025-06-05T14:03:22.803-0400] {processor.py:830} INFO - Processing file /Users/vionasanda/Projects/netflix-retention-project/venv/lib/python3.9/site-packages/airflow/example_dags/example_short_circuit_decorator.py for tasks to queue
[2025-06-05T14:03:22.803-0400] {logging_mixin.py:188} INFO - [2025-06-05T14:03:22.803-0400] {dagbag.py:538} INFO - Filling up the DagBag from /Users/vionasanda/Projects/netflix-retention-project/venv/lib/python3.9/site-packages/airflow/example_dags/example_short_circuit_decorator.py
[2025-06-05T14:03:22.821-0400] {processor.py:840} INFO - DAG(s) 'example_short_circuit_decorator' retrieved from /Users/vionasanda/Projects/netflix-retention-project/venv/lib/python3.9/site-packages/airflow/example_dags/example_short_circuit_decorator.py
[2025-06-05T14:03:22.905-0400] {logging_mixin.py:188} INFO - [2025-06-05T14:03:22.905-0400] {dag.py:3036} INFO - Sync 1 DAGs
[2025-06-05T14:03:22.913-0400] {logging_mixin.py:188} INFO - [2025-06-05T14:03:22.913-0400] {dag.py:3823} INFO - Setting next_dagrun for example_short_circuit_decorator to 2025-06-04 00:00:00+00:00, run_after=2025-06-05 00:00:00+00:00
[2025-06-05T14:03:22.921-0400] {processor.py:183} INFO - Processing /Users/vionasanda/Projects/netflix-retention-project/venv/lib/python3.9/site-packages/airflow/example_dags/example_short_circuit_decorator.py took 0.121 seconds
