[2025-06-05T13:47:09.215-0400] {processor.py:161} INFO - Started process (PID=46694) to work on /Users/vionasanda/Projects/netflix-retention-project/venv/lib/python3.9/site-packages/airflow/example_dags/example_skip_dag.py
[2025-06-05T13:47:09.216-0400] {processor.py:830} INFO - Processing file /Users/vionasanda/Projects/netflix-retention-project/venv/lib/python3.9/site-packages/airflow/example_dags/example_skip_dag.py for tasks to queue
[2025-06-05T13:47:09.216-0400] {logging_mixin.py:188} INFO - [2025-06-05T13:47:09.216-0400] {dagbag.py:538} INFO - Filling up the DagBag from /Users/vionasanda/Projects/netflix-retention-project/venv/lib/python3.9/site-packages/airflow/example_dags/example_skip_dag.py
[2025-06-05T13:47:09.220-0400] {processor.py:840} INFO - DAG(s) 'example_skip_dag' retrieved from /Users/vionasanda/Projects/netflix-retention-project/venv/lib/python3.9/site-packages/airflow/example_dags/example_skip_dag.py
[2025-06-05T13:47:09.298-0400] {logging_mixin.py:188} INFO - [2025-06-05T13:47:09.298-0400] {override.py:1769} INFO - Created Permission View: can edit on DAG:example_skip_dag
[2025-06-05T13:47:09.301-0400] {logging_mixin.py:188} INFO - [2025-06-05T13:47:09.301-0400] {override.py:1769} INFO - Created Permission View: can read on DAG:example_skip_dag
[2025-06-05T13:47:09.304-0400] {logging_mixin.py:188} INFO - [2025-06-05T13:47:09.303-0400] {override.py:1769} INFO - Created Permission View: can delete on DAG:example_skip_dag
[2025-06-05T13:47:09.304-0400] {logging_mixin.py:188} INFO - [2025-06-05T13:47:09.304-0400] {dag.py:3036} INFO - Sync 1 DAGs
[2025-06-05T13:47:09.308-0400] {logging_mixin.py:188} INFO - [2025-06-05T13:47:09.307-0400] {dag.py:3058} INFO - Creating ORM DAG for example_skip_dag
[2025-06-05T13:47:09.312-0400] {logging_mixin.py:188} INFO - [2025-06-05T13:47:09.312-0400] {dag.py:3823} INFO - Setting next_dagrun for example_skip_dag to 2025-06-04 00:00:00+00:00, run_after=2025-06-05 00:00:00+00:00
[2025-06-05T13:47:09.318-0400] {processor.py:183} INFO - Processing /Users/vionasanda/Projects/netflix-retention-project/venv/lib/python3.9/site-packages/airflow/example_dags/example_skip_dag.py took 0.104 seconds
[2025-06-05T13:48:35.204-0400] {processor.py:161} INFO - Started process (PID=46752) to work on /Users/vionasanda/Projects/netflix-retention-project/venv/lib/python3.9/site-packages/airflow/example_dags/example_skip_dag.py
[2025-06-05T13:48:35.206-0400] {processor.py:830} INFO - Processing file /Users/vionasanda/Projects/netflix-retention-project/venv/lib/python3.9/site-packages/airflow/example_dags/example_skip_dag.py for tasks to queue
[2025-06-05T13:48:35.206-0400] {logging_mixin.py:188} INFO - [2025-06-05T13:48:35.206-0400] {dagbag.py:538} INFO - Filling up the DagBag from /Users/vionasanda/Projects/netflix-retention-project/venv/lib/python3.9/site-packages/airflow/example_dags/example_skip_dag.py
[2025-06-05T13:48:35.209-0400] {processor.py:840} INFO - DAG(s) 'example_skip_dag' retrieved from /Users/vionasanda/Projects/netflix-retention-project/venv/lib/python3.9/site-packages/airflow/example_dags/example_skip_dag.py
[2025-06-05T13:48:35.252-0400] {logging_mixin.py:188} INFO - [2025-06-05T13:48:35.252-0400] {dag.py:3036} INFO - Sync 1 DAGs
[2025-06-05T13:48:35.259-0400] {logging_mixin.py:188} INFO - [2025-06-05T13:48:35.259-0400] {dag.py:3823} INFO - Setting next_dagrun for example_skip_dag to 2025-06-04 00:00:00+00:00, run_after=2025-06-05 00:00:00+00:00
[2025-06-05T13:48:35.267-0400] {processor.py:183} INFO - Processing /Users/vionasanda/Projects/netflix-retention-project/venv/lib/python3.9/site-packages/airflow/example_dags/example_skip_dag.py took 0.063 seconds
[2025-06-05T13:50:23.433-0400] {processor.py:161} INFO - Started process (PID=46869) to work on /Users/vionasanda/Projects/netflix-retention-project/venv/lib/python3.9/site-packages/airflow/example_dags/example_skip_dag.py
[2025-06-05T13:50:23.434-0400] {processor.py:830} INFO - Processing file /Users/vionasanda/Projects/netflix-retention-project/venv/lib/python3.9/site-packages/airflow/example_dags/example_skip_dag.py for tasks to queue
[2025-06-05T13:50:23.434-0400] {logging_mixin.py:188} INFO - [2025-06-05T13:50:23.434-0400] {dagbag.py:538} INFO - Filling up the DagBag from /Users/vionasanda/Projects/netflix-retention-project/venv/lib/python3.9/site-packages/airflow/example_dags/example_skip_dag.py
[2025-06-05T13:50:23.437-0400] {processor.py:840} INFO - DAG(s) 'example_skip_dag' retrieved from /Users/vionasanda/Projects/netflix-retention-project/venv/lib/python3.9/site-packages/airflow/example_dags/example_skip_dag.py
[2025-06-05T13:50:23.480-0400] {logging_mixin.py:188} INFO - [2025-06-05T13:50:23.480-0400] {dag.py:3036} INFO - Sync 1 DAGs
[2025-06-05T13:50:23.488-0400] {logging_mixin.py:188} INFO - [2025-06-05T13:50:23.488-0400] {dag.py:3823} INFO - Setting next_dagrun for example_skip_dag to 2025-06-04 00:00:00+00:00, run_after=2025-06-05 00:00:00+00:00
[2025-06-05T13:50:23.494-0400] {processor.py:183} INFO - Processing /Users/vionasanda/Projects/netflix-retention-project/venv/lib/python3.9/site-packages/airflow/example_dags/example_skip_dag.py took 0.062 seconds
[2025-06-05T14:03:18.903-0400] {processor.py:161} INFO - Started process (PID=49541) to work on /Users/vionasanda/Projects/netflix-retention-project/venv/lib/python3.9/site-packages/airflow/example_dags/example_skip_dag.py
[2025-06-05T14:03:18.905-0400] {processor.py:830} INFO - Processing file /Users/vionasanda/Projects/netflix-retention-project/venv/lib/python3.9/site-packages/airflow/example_dags/example_skip_dag.py for tasks to queue
[2025-06-05T14:03:18.905-0400] {logging_mixin.py:188} INFO - [2025-06-05T14:03:18.905-0400] {dagbag.py:538} INFO - Filling up the DagBag from /Users/vionasanda/Projects/netflix-retention-project/venv/lib/python3.9/site-packages/airflow/example_dags/example_skip_dag.py
[2025-06-05T14:03:18.908-0400] {processor.py:840} INFO - DAG(s) 'example_skip_dag' retrieved from /Users/vionasanda/Projects/netflix-retention-project/venv/lib/python3.9/site-packages/airflow/example_dags/example_skip_dag.py
[2025-06-05T14:03:18.990-0400] {logging_mixin.py:188} INFO - [2025-06-05T14:03:18.990-0400] {dag.py:3036} INFO - Sync 1 DAGs
[2025-06-05T14:03:18.999-0400] {logging_mixin.py:188} INFO - [2025-06-05T14:03:18.999-0400] {dag.py:3823} INFO - Setting next_dagrun for example_skip_dag to 2025-06-04 00:00:00+00:00, run_after=2025-06-05 00:00:00+00:00
[2025-06-05T14:03:19.007-0400] {processor.py:183} INFO - Processing /Users/vionasanda/Projects/netflix-retention-project/venv/lib/python3.9/site-packages/airflow/example_dags/example_skip_dag.py took 0.104 seconds
