[2025-06-05T13:47:22.016-0400] {processor.py:161} INFO - Started process (PID=46705) to work on /Users/vionasanda/Projects/netflix-retention-project/venv/lib/python3.9/site-packages/airflow/example_dags/example_python_operator.py
[2025-06-05T13:47:22.017-0400] {processor.py:830} INFO - Processing file /Users/vionasanda/Projects/netflix-retention-project/venv/lib/python3.9/site-packages/airflow/example_dags/example_python_operator.py for tasks to queue
[2025-06-05T13:47:22.017-0400] {logging_mixin.py:188} INFO - [2025-06-05T13:47:22.017-0400] {dagbag.py:538} INFO - Filling up the DagBag from /Users/vionasanda/Projects/netflix-retention-project/venv/lib/python3.9/site-packages/airflow/example_dags/example_python_operator.py
[2025-06-05T13:47:22.029-0400] {logging_mixin.py:188} INFO - [2025-06-05T13:47:22.029-0400] {example_python_operator.py:88} WARNING - The virtalenv_python example task requires virtualenv, please install it.
[2025-06-05T13:47:22.031-0400] {processor.py:840} INFO - DAG(s) 'example_python_operator' retrieved from /Users/vionasanda/Projects/netflix-retention-project/venv/lib/python3.9/site-packages/airflow/example_dags/example_python_operator.py
[2025-06-05T13:47:22.105-0400] {logging_mixin.py:188} INFO - [2025-06-05T13:47:22.105-0400] {override.py:1769} INFO - Created Permission View: can edit on DAG:example_python_operator
[2025-06-05T13:47:22.108-0400] {logging_mixin.py:188} INFO - [2025-06-05T13:47:22.108-0400] {override.py:1769} INFO - Created Permission View: can read on DAG:example_python_operator
[2025-06-05T13:47:22.110-0400] {logging_mixin.py:188} INFO - [2025-06-05T13:47:22.110-0400] {override.py:1769} INFO - Created Permission View: can delete on DAG:example_python_operator
[2025-06-05T13:47:22.111-0400] {logging_mixin.py:188} INFO - [2025-06-05T13:47:22.110-0400] {dag.py:3036} INFO - Sync 1 DAGs
[2025-06-05T13:47:22.114-0400] {logging_mixin.py:188} INFO - [2025-06-05T13:47:22.114-0400] {dag.py:3058} INFO - Creating ORM DAG for example_python_operator
[2025-06-05T13:47:22.114-0400] {logging_mixin.py:188} INFO - [2025-06-05T13:47:22.114-0400] {dag.py:3823} INFO - Setting next_dagrun for example_python_operator to None, run_after=None
[2025-06-05T13:47:22.120-0400] {processor.py:183} INFO - Processing /Users/vionasanda/Projects/netflix-retention-project/venv/lib/python3.9/site-packages/airflow/example_dags/example_python_operator.py took 0.105 seconds
[2025-06-05T13:48:46.156-0400] {processor.py:161} INFO - Started process (PID=46765) to work on /Users/vionasanda/Projects/netflix-retention-project/venv/lib/python3.9/site-packages/airflow/example_dags/example_python_operator.py
[2025-06-05T13:48:46.157-0400] {processor.py:830} INFO - Processing file /Users/vionasanda/Projects/netflix-retention-project/venv/lib/python3.9/site-packages/airflow/example_dags/example_python_operator.py for tasks to queue
[2025-06-05T13:48:46.158-0400] {logging_mixin.py:188} INFO - [2025-06-05T13:48:46.158-0400] {dagbag.py:538} INFO - Filling up the DagBag from /Users/vionasanda/Projects/netflix-retention-project/venv/lib/python3.9/site-packages/airflow/example_dags/example_python_operator.py
[2025-06-05T13:48:46.168-0400] {logging_mixin.py:188} INFO - [2025-06-05T13:48:46.168-0400] {example_python_operator.py:88} WARNING - The virtalenv_python example task requires virtualenv, please install it.
[2025-06-05T13:48:46.170-0400] {processor.py:840} INFO - DAG(s) 'example_python_operator' retrieved from /Users/vionasanda/Projects/netflix-retention-project/venv/lib/python3.9/site-packages/airflow/example_dags/example_python_operator.py
[2025-06-05T13:48:46.216-0400] {logging_mixin.py:188} INFO - [2025-06-05T13:48:46.215-0400] {dag.py:3036} INFO - Sync 1 DAGs
[2025-06-05T13:48:46.219-0400] {logging_mixin.py:188} INFO - [2025-06-05T13:48:46.219-0400] {dag.py:3823} INFO - Setting next_dagrun for example_python_operator to None, run_after=None
[2025-06-05T13:48:46.226-0400] {processor.py:183} INFO - Processing /Users/vionasanda/Projects/netflix-retention-project/venv/lib/python3.9/site-packages/airflow/example_dags/example_python_operator.py took 0.071 seconds
[2025-06-05T13:50:34.868-0400] {processor.py:161} INFO - Started process (PID=46943) to work on /Users/vionasanda/Projects/netflix-retention-project/venv/lib/python3.9/site-packages/airflow/example_dags/example_python_operator.py
[2025-06-05T13:50:34.869-0400] {processor.py:830} INFO - Processing file /Users/vionasanda/Projects/netflix-retention-project/venv/lib/python3.9/site-packages/airflow/example_dags/example_python_operator.py for tasks to queue
[2025-06-05T13:50:34.870-0400] {logging_mixin.py:188} INFO - [2025-06-05T13:50:34.870-0400] {dagbag.py:538} INFO - Filling up the DagBag from /Users/vionasanda/Projects/netflix-retention-project/venv/lib/python3.9/site-packages/airflow/example_dags/example_python_operator.py
[2025-06-05T13:50:34.882-0400] {logging_mixin.py:188} INFO - [2025-06-05T13:50:34.882-0400] {example_python_operator.py:88} WARNING - The virtalenv_python example task requires virtualenv, please install it.
[2025-06-05T13:50:34.883-0400] {processor.py:840} INFO - DAG(s) 'example_python_operator' retrieved from /Users/vionasanda/Projects/netflix-retention-project/venv/lib/python3.9/site-packages/airflow/example_dags/example_python_operator.py
[2025-06-05T13:50:34.926-0400] {logging_mixin.py:188} INFO - [2025-06-05T13:50:34.925-0400] {dag.py:3036} INFO - Sync 1 DAGs
[2025-06-05T13:50:34.929-0400] {logging_mixin.py:188} INFO - [2025-06-05T13:50:34.929-0400] {dag.py:3823} INFO - Setting next_dagrun for example_python_operator to None, run_after=None
[2025-06-05T13:50:34.936-0400] {processor.py:183} INFO - Processing /Users/vionasanda/Projects/netflix-retention-project/venv/lib/python3.9/site-packages/airflow/example_dags/example_python_operator.py took 0.068 seconds
[2025-06-05T14:03:32.647-0400] {processor.py:161} INFO - Started process (PID=49554) to work on /Users/vionasanda/Projects/netflix-retention-project/venv/lib/python3.9/site-packages/airflow/example_dags/example_python_operator.py
[2025-06-05T14:03:32.648-0400] {processor.py:830} INFO - Processing file /Users/vionasanda/Projects/netflix-retention-project/venv/lib/python3.9/site-packages/airflow/example_dags/example_python_operator.py for tasks to queue
[2025-06-05T14:03:32.649-0400] {logging_mixin.py:188} INFO - [2025-06-05T14:03:32.648-0400] {dagbag.py:538} INFO - Filling up the DagBag from /Users/vionasanda/Projects/netflix-retention-project/venv/lib/python3.9/site-packages/airflow/example_dags/example_python_operator.py
[2025-06-05T14:03:32.659-0400] {logging_mixin.py:188} INFO - [2025-06-05T14:03:32.659-0400] {example_python_operator.py:88} WARNING - The virtalenv_python example task requires virtualenv, please install it.
[2025-06-05T14:03:32.661-0400] {processor.py:840} INFO - DAG(s) 'example_python_operator' retrieved from /Users/vionasanda/Projects/netflix-retention-project/venv/lib/python3.9/site-packages/airflow/example_dags/example_python_operator.py
[2025-06-05T14:03:32.736-0400] {logging_mixin.py:188} INFO - [2025-06-05T14:03:32.736-0400] {dag.py:3036} INFO - Sync 1 DAGs
[2025-06-05T14:03:32.739-0400] {logging_mixin.py:188} INFO - [2025-06-05T14:03:32.739-0400] {dag.py:3823} INFO - Setting next_dagrun for example_python_operator to None, run_after=None
[2025-06-05T14:03:32.746-0400] {processor.py:183} INFO - Processing /Users/vionasanda/Projects/netflix-retention-project/venv/lib/python3.9/site-packages/airflow/example_dags/example_python_operator.py took 0.099 seconds
