[2025-06-05T13:47:02.010-0400] {processor.py:161} INFO - Started process (PID=46685) to work on /Users/vionasanda/Projects/netflix-retention-project/venv/lib/python3.9/site-packages/airflow/example_dags/example_task_group_decorator.py
[2025-06-05T13:47:02.011-0400] {processor.py:830} INFO - Processing file /Users/vionasanda/Projects/netflix-retention-project/venv/lib/python3.9/site-packages/airflow/example_dags/example_task_group_decorator.py for tasks to queue
[2025-06-05T13:47:02.011-0400] {logging_mixin.py:188} INFO - [2025-06-05T13:47:02.011-0400] {dagbag.py:538} INFO - Filling up the DagBag from /Users/vionasanda/Projects/netflix-retention-project/venv/lib/python3.9/site-packages/airflow/example_dags/example_task_group_decorator.py
[2025-06-05T13:47:02.030-0400] {processor.py:840} INFO - DAG(s) 'example_task_group_decorator' retrieved from /Users/vionasanda/Projects/netflix-retention-project/venv/lib/python3.9/site-packages/airflow/example_dags/example_task_group_decorator.py
[2025-06-05T13:47:02.120-0400] {logging_mixin.py:188} INFO - [2025-06-05T13:47:02.120-0400] {override.py:1769} INFO - Created Permission View: can delete on DAG:example_task_group_decorator
[2025-06-05T13:47:02.124-0400] {logging_mixin.py:188} INFO - [2025-06-05T13:47:02.124-0400] {override.py:1769} INFO - Created Permission View: can read on DAG:example_task_group_decorator
[2025-06-05T13:47:02.126-0400] {logging_mixin.py:188} INFO - [2025-06-05T13:47:02.126-0400] {override.py:1769} INFO - Created Permission View: can edit on DAG:example_task_group_decorator
[2025-06-05T13:47:02.126-0400] {logging_mixin.py:188} INFO - [2025-06-05T13:47:02.126-0400] {dag.py:3036} INFO - Sync 1 DAGs
[2025-06-05T13:47:02.132-0400] {logging_mixin.py:188} INFO - [2025-06-05T13:47:02.132-0400] {dag.py:3058} INFO - Creating ORM DAG for example_task_group_decorator
[2025-06-05T13:47:02.138-0400] {logging_mixin.py:188} INFO - [2025-06-05T13:47:02.138-0400] {dag.py:3823} INFO - Setting next_dagrun for example_task_group_decorator to 2025-06-04 00:00:00+00:00, run_after=2025-06-05 00:00:00+00:00
[2025-06-05T13:47:02.145-0400] {processor.py:183} INFO - Processing /Users/vionasanda/Projects/netflix-retention-project/venv/lib/python3.9/site-packages/airflow/example_dags/example_task_group_decorator.py took 0.136 seconds
[2025-06-05T13:48:28.091-0400] {processor.py:161} INFO - Started process (PID=46748) to work on /Users/vionasanda/Projects/netflix-retention-project/venv/lib/python3.9/site-packages/airflow/example_dags/example_task_group_decorator.py
[2025-06-05T13:48:28.092-0400] {processor.py:830} INFO - Processing file /Users/vionasanda/Projects/netflix-retention-project/venv/lib/python3.9/site-packages/airflow/example_dags/example_task_group_decorator.py for tasks to queue
[2025-06-05T13:48:28.093-0400] {logging_mixin.py:188} INFO - [2025-06-05T13:48:28.092-0400] {dagbag.py:538} INFO - Filling up the DagBag from /Users/vionasanda/Projects/netflix-retention-project/venv/lib/python3.9/site-packages/airflow/example_dags/example_task_group_decorator.py
[2025-06-05T13:48:28.111-0400] {processor.py:840} INFO - DAG(s) 'example_task_group_decorator' retrieved from /Users/vionasanda/Projects/netflix-retention-project/venv/lib/python3.9/site-packages/airflow/example_dags/example_task_group_decorator.py
[2025-06-05T13:48:28.154-0400] {logging_mixin.py:188} INFO - [2025-06-05T13:48:28.154-0400] {dag.py:3036} INFO - Sync 1 DAGs
[2025-06-05T13:48:28.162-0400] {logging_mixin.py:188} INFO - [2025-06-05T13:48:28.162-0400] {dag.py:3823} INFO - Setting next_dagrun for example_task_group_decorator to 2025-06-04 00:00:00+00:00, run_after=2025-06-05 00:00:00+00:00
[2025-06-05T13:48:28.169-0400] {processor.py:183} INFO - Processing /Users/vionasanda/Projects/netflix-retention-project/venv/lib/python3.9/site-packages/airflow/example_dags/example_task_group_decorator.py took 0.078 seconds
[2025-06-05T13:50:16.230-0400] {processor.py:161} INFO - Started process (PID=46862) to work on /Users/vionasanda/Projects/netflix-retention-project/venv/lib/python3.9/site-packages/airflow/example_dags/example_task_group_decorator.py
[2025-06-05T13:50:16.231-0400] {processor.py:830} INFO - Processing file /Users/vionasanda/Projects/netflix-retention-project/venv/lib/python3.9/site-packages/airflow/example_dags/example_task_group_decorator.py for tasks to queue
[2025-06-05T13:50:16.232-0400] {logging_mixin.py:188} INFO - [2025-06-05T13:50:16.232-0400] {dagbag.py:538} INFO - Filling up the DagBag from /Users/vionasanda/Projects/netflix-retention-project/venv/lib/python3.9/site-packages/airflow/example_dags/example_task_group_decorator.py
[2025-06-05T13:50:16.250-0400] {processor.py:840} INFO - DAG(s) 'example_task_group_decorator' retrieved from /Users/vionasanda/Projects/netflix-retention-project/venv/lib/python3.9/site-packages/airflow/example_dags/example_task_group_decorator.py
[2025-06-05T13:50:16.295-0400] {logging_mixin.py:188} INFO - [2025-06-05T13:50:16.295-0400] {dag.py:3036} INFO - Sync 1 DAGs
[2025-06-05T13:50:16.303-0400] {logging_mixin.py:188} INFO - [2025-06-05T13:50:16.303-0400] {dag.py:3823} INFO - Setting next_dagrun for example_task_group_decorator to 2025-06-04 00:00:00+00:00, run_after=2025-06-05 00:00:00+00:00
[2025-06-05T13:50:16.309-0400] {processor.py:183} INFO - Processing /Users/vionasanda/Projects/netflix-retention-project/venv/lib/python3.9/site-packages/airflow/example_dags/example_task_group_decorator.py took 0.079 seconds
[2025-06-05T14:03:11.341-0400] {processor.py:161} INFO - Started process (PID=49529) to work on /Users/vionasanda/Projects/netflix-retention-project/venv/lib/python3.9/site-packages/airflow/example_dags/example_task_group_decorator.py
[2025-06-05T14:03:11.342-0400] {processor.py:830} INFO - Processing file /Users/vionasanda/Projects/netflix-retention-project/venv/lib/python3.9/site-packages/airflow/example_dags/example_task_group_decorator.py for tasks to queue
[2025-06-05T14:03:11.342-0400] {logging_mixin.py:188} INFO - [2025-06-05T14:03:11.342-0400] {dagbag.py:538} INFO - Filling up the DagBag from /Users/vionasanda/Projects/netflix-retention-project/venv/lib/python3.9/site-packages/airflow/example_dags/example_task_group_decorator.py
[2025-06-05T14:03:11.364-0400] {processor.py:840} INFO - DAG(s) 'example_task_group_decorator' retrieved from /Users/vionasanda/Projects/netflix-retention-project/venv/lib/python3.9/site-packages/airflow/example_dags/example_task_group_decorator.py
[2025-06-05T14:03:11.444-0400] {logging_mixin.py:188} INFO - [2025-06-05T14:03:11.444-0400] {dag.py:3036} INFO - Sync 1 DAGs
[2025-06-05T14:03:11.452-0400] {logging_mixin.py:188} INFO - [2025-06-05T14:03:11.452-0400] {dag.py:3823} INFO - Setting next_dagrun for example_task_group_decorator to 2025-06-04 00:00:00+00:00, run_after=2025-06-05 00:00:00+00:00
[2025-06-05T14:03:11.460-0400] {processor.py:183} INFO - Processing /Users/vionasanda/Projects/netflix-retention-project/venv/lib/python3.9/site-packages/airflow/example_dags/example_task_group_decorator.py took 0.120 seconds
