[2025-06-05T13:47:27.053-0400] {processor.py:161} INFO - Started process (PID=46710) to work on /Users/vionasanda/Projects/netflix-retention-project/venv/lib/python3.9/site-packages/airflow/example_dags/example_params_ui_tutorial.py
[2025-06-05T13:47:27.054-0400] {processor.py:830} INFO - Processing file /Users/vionasanda/Projects/netflix-retention-project/venv/lib/python3.9/site-packages/airflow/example_dags/example_params_ui_tutorial.py for tasks to queue
[2025-06-05T13:47:27.054-0400] {logging_mixin.py:188} INFO - [2025-06-05T13:47:27.054-0400] {dagbag.py:538} INFO - Filling up the DagBag from /Users/vionasanda/Projects/netflix-retention-project/venv/lib/python3.9/site-packages/airflow/example_dags/example_params_ui_tutorial.py
[2025-06-05T13:47:27.071-0400] {processor.py:840} INFO - DAG(s) 'example_params_ui_tutorial' retrieved from /Users/vionasanda/Projects/netflix-retention-project/venv/lib/python3.9/site-packages/airflow/example_dags/example_params_ui_tutorial.py
[2025-06-05T13:47:27.157-0400] {logging_mixin.py:188} INFO - [2025-06-05T13:47:27.157-0400] {override.py:1769} INFO - Created Permission View: can read on DAG:example_params_ui_tutorial
[2025-06-05T13:47:27.160-0400] {logging_mixin.py:188} INFO - [2025-06-05T13:47:27.160-0400] {override.py:1769} INFO - Created Permission View: can edit on DAG:example_params_ui_tutorial
[2025-06-05T13:47:27.162-0400] {logging_mixin.py:188} INFO - [2025-06-05T13:47:27.162-0400] {override.py:1769} INFO - Created Permission View: can delete on DAG:example_params_ui_tutorial
[2025-06-05T13:47:27.162-0400] {logging_mixin.py:188} INFO - [2025-06-05T13:47:27.162-0400] {dag.py:3036} INFO - Sync 1 DAGs
[2025-06-05T13:47:27.166-0400] {logging_mixin.py:188} INFO - [2025-06-05T13:47:27.166-0400] {dag.py:3058} INFO - Creating ORM DAG for example_params_ui_tutorial
[2025-06-05T13:47:27.166-0400] {logging_mixin.py:188} INFO - [2025-06-05T13:47:27.166-0400] {dag.py:3823} INFO - Setting next_dagrun for example_params_ui_tutorial to None, run_after=None
[2025-06-05T13:47:27.172-0400] {processor.py:183} INFO - Processing /Users/vionasanda/Projects/netflix-retention-project/venv/lib/python3.9/site-packages/airflow/example_dags/example_params_ui_tutorial.py took 0.119 seconds
[2025-06-05T13:48:50.971-0400] {processor.py:161} INFO - Started process (PID=46768) to work on /Users/vionasanda/Projects/netflix-retention-project/venv/lib/python3.9/site-packages/airflow/example_dags/example_params_ui_tutorial.py
[2025-06-05T13:48:50.973-0400] {processor.py:830} INFO - Processing file /Users/vionasanda/Projects/netflix-retention-project/venv/lib/python3.9/site-packages/airflow/example_dags/example_params_ui_tutorial.py for tasks to queue
[2025-06-05T13:48:50.973-0400] {logging_mixin.py:188} INFO - [2025-06-05T13:48:50.973-0400] {dagbag.py:538} INFO - Filling up the DagBag from /Users/vionasanda/Projects/netflix-retention-project/venv/lib/python3.9/site-packages/airflow/example_dags/example_params_ui_tutorial.py
[2025-06-05T13:48:50.991-0400] {processor.py:840} INFO - DAG(s) 'example_params_ui_tutorial' retrieved from /Users/vionasanda/Projects/netflix-retention-project/venv/lib/python3.9/site-packages/airflow/example_dags/example_params_ui_tutorial.py
[2025-06-05T13:48:51.045-0400] {logging_mixin.py:188} INFO - [2025-06-05T13:48:51.045-0400] {dag.py:3036} INFO - Sync 1 DAGs
[2025-06-05T13:48:51.048-0400] {logging_mixin.py:188} INFO - [2025-06-05T13:48:51.048-0400] {dag.py:3823} INFO - Setting next_dagrun for example_params_ui_tutorial to None, run_after=None
[2025-06-05T13:48:51.055-0400] {processor.py:183} INFO - Processing /Users/vionasanda/Projects/netflix-retention-project/venv/lib/python3.9/site-packages/airflow/example_dags/example_params_ui_tutorial.py took 0.084 seconds
[2025-06-05T13:50:39.817-0400] {processor.py:161} INFO - Started process (PID=47041) to work on /Users/vionasanda/Projects/netflix-retention-project/venv/lib/python3.9/site-packages/airflow/example_dags/example_params_ui_tutorial.py
[2025-06-05T13:50:39.818-0400] {processor.py:830} INFO - Processing file /Users/vionasanda/Projects/netflix-retention-project/venv/lib/python3.9/site-packages/airflow/example_dags/example_params_ui_tutorial.py for tasks to queue
[2025-06-05T13:50:39.819-0400] {logging_mixin.py:188} INFO - [2025-06-05T13:50:39.819-0400] {dagbag.py:538} INFO - Filling up the DagBag from /Users/vionasanda/Projects/netflix-retention-project/venv/lib/python3.9/site-packages/airflow/example_dags/example_params_ui_tutorial.py
[2025-06-05T13:50:39.837-0400] {processor.py:840} INFO - DAG(s) 'example_params_ui_tutorial' retrieved from /Users/vionasanda/Projects/netflix-retention-project/venv/lib/python3.9/site-packages/airflow/example_dags/example_params_ui_tutorial.py
[2025-06-05T13:50:39.893-0400] {logging_mixin.py:188} INFO - [2025-06-05T13:50:39.892-0400] {dag.py:3036} INFO - Sync 1 DAGs
[2025-06-05T13:50:39.897-0400] {logging_mixin.py:188} INFO - [2025-06-05T13:50:39.896-0400] {dag.py:3823} INFO - Setting next_dagrun for example_params_ui_tutorial to None, run_after=None
[2025-06-05T13:50:39.904-0400] {processor.py:183} INFO - Processing /Users/vionasanda/Projects/netflix-retention-project/venv/lib/python3.9/site-packages/airflow/example_dags/example_params_ui_tutorial.py took 0.088 seconds
