[2025-06-05T13:46:58.023-0400] {processor.py:161} INFO - Started process (PID=46682) to work on /Users/vionasanda/Projects/netflix-retention-project/venv/lib/python3.9/site-packages/airflow/example_dags/example_trigger_target_dag.py
[2025-06-05T13:46:58.025-0400] {processor.py:830} INFO - Processing file /Users/vionasanda/Projects/netflix-retention-project/venv/lib/python3.9/site-packages/airflow/example_dags/example_trigger_target_dag.py for tasks to queue
[2025-06-05T13:46:58.025-0400] {logging_mixin.py:188} INFO - [2025-06-05T13:46:58.025-0400] {dagbag.py:538} INFO - Filling up the DagBag from /Users/vionasanda/Projects/netflix-retention-project/venv/lib/python3.9/site-packages/airflow/example_dags/example_trigger_target_dag.py
[2025-06-05T13:46:58.044-0400] {processor.py:840} INFO - DAG(s) 'example_trigger_target_dag' retrieved from /Users/vionasanda/Projects/netflix-retention-project/venv/lib/python3.9/site-packages/airflow/example_dags/example_trigger_target_dag.py
[2025-06-05T13:46:58.118-0400] {logging_mixin.py:188} INFO - [2025-06-05T13:46:58.117-0400] {override.py:1769} INFO - Created Permission View: can edit on DAG:example_trigger_target_dag
[2025-06-05T13:46:58.121-0400] {logging_mixin.py:188} INFO - [2025-06-05T13:46:58.121-0400] {override.py:1769} INFO - Created Permission View: can read on DAG:example_trigger_target_dag
[2025-06-05T13:46:58.123-0400] {logging_mixin.py:188} INFO - [2025-06-05T13:46:58.123-0400] {override.py:1769} INFO - Created Permission View: can delete on DAG:example_trigger_target_dag
[2025-06-05T13:46:58.123-0400] {logging_mixin.py:188} INFO - [2025-06-05T13:46:58.123-0400] {dag.py:3036} INFO - Sync 1 DAGs
[2025-06-05T13:46:58.126-0400] {logging_mixin.py:188} INFO - [2025-06-05T13:46:58.126-0400] {dag.py:3058} INFO - Creating ORM DAG for example_trigger_target_dag
[2025-06-05T13:46:58.127-0400] {logging_mixin.py:188} INFO - [2025-06-05T13:46:58.126-0400] {dag.py:3823} INFO - Setting next_dagrun for example_trigger_target_dag to None, run_after=None
[2025-06-05T13:46:58.132-0400] {processor.py:183} INFO - Processing /Users/vionasanda/Projects/netflix-retention-project/venv/lib/python3.9/site-packages/airflow/example_dags/example_trigger_target_dag.py took 0.109 seconds
[2025-06-05T13:48:22.390-0400] {processor.py:161} INFO - Started process (PID=46744) to work on /Users/vionasanda/Projects/netflix-retention-project/venv/lib/python3.9/site-packages/airflow/example_dags/example_trigger_target_dag.py
[2025-06-05T13:48:22.392-0400] {processor.py:830} INFO - Processing file /Users/vionasanda/Projects/netflix-retention-project/venv/lib/python3.9/site-packages/airflow/example_dags/example_trigger_target_dag.py for tasks to queue
[2025-06-05T13:48:22.392-0400] {logging_mixin.py:188} INFO - [2025-06-05T13:48:22.392-0400] {dagbag.py:538} INFO - Filling up the DagBag from /Users/vionasanda/Projects/netflix-retention-project/venv/lib/python3.9/site-packages/airflow/example_dags/example_trigger_target_dag.py
[2025-06-05T13:48:22.408-0400] {processor.py:840} INFO - DAG(s) 'example_trigger_target_dag' retrieved from /Users/vionasanda/Projects/netflix-retention-project/venv/lib/python3.9/site-packages/airflow/example_dags/example_trigger_target_dag.py
[2025-06-05T13:48:22.450-0400] {logging_mixin.py:188} INFO - [2025-06-05T13:48:22.450-0400] {dag.py:3036} INFO - Sync 1 DAGs
[2025-06-05T13:48:22.453-0400] {logging_mixin.py:188} INFO - [2025-06-05T13:48:22.453-0400] {dag.py:3823} INFO - Setting next_dagrun for example_trigger_target_dag to None, run_after=None
[2025-06-05T13:48:22.460-0400] {processor.py:183} INFO - Processing /Users/vionasanda/Projects/netflix-retention-project/venv/lib/python3.9/site-packages/airflow/example_dags/example_trigger_target_dag.py took 0.071 seconds
[2025-06-05T13:49:18.010-0400] {processor.py:161} INFO - Started process (PID=46817) to work on /Users/vionasanda/Projects/netflix-retention-project/venv/lib/python3.9/site-packages/airflow/example_dags/example_trigger_target_dag.py
[2025-06-05T13:49:18.012-0400] {processor.py:830} INFO - Processing file /Users/vionasanda/Projects/netflix-retention-project/venv/lib/python3.9/site-packages/airflow/example_dags/example_trigger_target_dag.py for tasks to queue
[2025-06-05T13:49:18.012-0400] {logging_mixin.py:188} INFO - [2025-06-05T13:49:18.012-0400] {dagbag.py:538} INFO - Filling up the DagBag from /Users/vionasanda/Projects/netflix-retention-project/venv/lib/python3.9/site-packages/airflow/example_dags/example_trigger_target_dag.py
[2025-06-05T13:49:18.028-0400] {processor.py:840} INFO - DAG(s) 'example_trigger_target_dag' retrieved from /Users/vionasanda/Projects/netflix-retention-project/venv/lib/python3.9/site-packages/airflow/example_dags/example_trigger_target_dag.py
[2025-06-05T13:49:18.070-0400] {logging_mixin.py:188} INFO - [2025-06-05T13:49:18.070-0400] {dag.py:3036} INFO - Sync 1 DAGs
[2025-06-05T13:49:18.073-0400] {logging_mixin.py:188} INFO - [2025-06-05T13:49:18.073-0400] {dag.py:3823} INFO - Setting next_dagrun for example_trigger_target_dag to None, run_after=None
[2025-06-05T13:49:18.080-0400] {processor.py:183} INFO - Processing /Users/vionasanda/Projects/netflix-retention-project/venv/lib/python3.9/site-packages/airflow/example_dags/example_trigger_target_dag.py took 0.071 seconds
[2025-06-05T13:50:10.736-0400] {processor.py:161} INFO - Started process (PID=46859) to work on /Users/vionasanda/Projects/netflix-retention-project/venv/lib/python3.9/site-packages/airflow/example_dags/example_trigger_target_dag.py
[2025-06-05T13:50:10.737-0400] {processor.py:830} INFO - Processing file /Users/vionasanda/Projects/netflix-retention-project/venv/lib/python3.9/site-packages/airflow/example_dags/example_trigger_target_dag.py for tasks to queue
[2025-06-05T13:50:10.737-0400] {logging_mixin.py:188} INFO - [2025-06-05T13:50:10.737-0400] {dagbag.py:538} INFO - Filling up the DagBag from /Users/vionasanda/Projects/netflix-retention-project/venv/lib/python3.9/site-packages/airflow/example_dags/example_trigger_target_dag.py
[2025-06-05T13:50:10.753-0400] {processor.py:840} INFO - DAG(s) 'example_trigger_target_dag' retrieved from /Users/vionasanda/Projects/netflix-retention-project/venv/lib/python3.9/site-packages/airflow/example_dags/example_trigger_target_dag.py
[2025-06-05T13:50:10.796-0400] {logging_mixin.py:188} INFO - [2025-06-05T13:50:10.796-0400] {dag.py:3036} INFO - Sync 1 DAGs
[2025-06-05T13:50:10.799-0400] {logging_mixin.py:188} INFO - [2025-06-05T13:50:10.799-0400] {dag.py:3823} INFO - Setting next_dagrun for example_trigger_target_dag to None, run_after=None
[2025-06-05T13:50:10.806-0400] {processor.py:183} INFO - Processing /Users/vionasanda/Projects/netflix-retention-project/venv/lib/python3.9/site-packages/airflow/example_dags/example_trigger_target_dag.py took 0.071 seconds
[2025-06-05T14:03:05.640-0400] {processor.py:161} INFO - Started process (PID=49524) to work on /Users/vionasanda/Projects/netflix-retention-project/venv/lib/python3.9/site-packages/airflow/example_dags/example_trigger_target_dag.py
[2025-06-05T14:03:05.642-0400] {processor.py:830} INFO - Processing file /Users/vionasanda/Projects/netflix-retention-project/venv/lib/python3.9/site-packages/airflow/example_dags/example_trigger_target_dag.py for tasks to queue
[2025-06-05T14:03:05.643-0400] {logging_mixin.py:188} INFO - [2025-06-05T14:03:05.642-0400] {dagbag.py:538} INFO - Filling up the DagBag from /Users/vionasanda/Projects/netflix-retention-project/venv/lib/python3.9/site-packages/airflow/example_dags/example_trigger_target_dag.py
[2025-06-05T14:03:05.658-0400] {processor.py:840} INFO - DAG(s) 'example_trigger_target_dag' retrieved from /Users/vionasanda/Projects/netflix-retention-project/venv/lib/python3.9/site-packages/airflow/example_dags/example_trigger_target_dag.py
[2025-06-05T14:03:05.732-0400] {logging_mixin.py:188} INFO - [2025-06-05T14:03:05.732-0400] {dag.py:3036} INFO - Sync 1 DAGs
[2025-06-05T14:03:05.735-0400] {logging_mixin.py:188} INFO - [2025-06-05T14:03:05.735-0400] {dag.py:3823} INFO - Setting next_dagrun for example_trigger_target_dag to None, run_after=None
[2025-06-05T14:03:05.742-0400] {processor.py:183} INFO - Processing /Users/vionasanda/Projects/netflix-retention-project/venv/lib/python3.9/site-packages/airflow/example_dags/example_trigger_target_dag.py took 0.102 seconds
