[2025-06-05T13:47:32.796-0400] {processor.py:161} INFO - Started process (PID=46713) to work on /Users/vionasanda/Projects/netflix-retention-project/venv/lib/python3.9/site-packages/airflow/example_dags/example_local_kubernetes_executor.py
[2025-06-05T13:47:32.797-0400] {processor.py:830} INFO - Processing file /Users/vionasanda/Projects/netflix-retention-project/venv/lib/python3.9/site-packages/airflow/example_dags/example_local_kubernetes_executor.py for tasks to queue
[2025-06-05T13:47:32.798-0400] {logging_mixin.py:188} INFO - [2025-06-05T13:47:32.798-0400] {dagbag.py:538} INFO - Filling up the DagBag from /Users/vionasanda/Projects/netflix-retention-project/venv/lib/python3.9/site-packages/airflow/example_dags/example_local_kubernetes_executor.py
[2025-06-05T13:47:32.818-0400] {logging_mixin.py:188} INFO - [2025-06-05T13:47:32.816-0400] {example_local_kubernetes_executor.py:39} WARNING - Could not import DAGs in example_local_kubernetes_executor.py
Traceback (most recent call last):
  File "/Users/vionasanda/Projects/netflix-retention-project/venv/lib/python3.9/site-packages/airflow/example_dags/example_local_kubernetes_executor.py", line 37, in <module>
    from kubernetes.client import models as k8s
ModuleNotFoundError: No module named 'kubernetes'
[2025-06-05T13:47:32.818-0400] {logging_mixin.py:188} INFO - [2025-06-05T13:47:32.818-0400] {example_local_kubernetes_executor.py:40} WARNING - Install Kubernetes dependencies with: pip install apache-airflow[cncf.kubernetes]
[2025-06-05T13:47:32.819-0400] {processor.py:842} WARNING - No viable dags retrieved from /Users/vionasanda/Projects/netflix-retention-project/venv/lib/python3.9/site-packages/airflow/example_dags/example_local_kubernetes_executor.py
[2025-06-05T13:47:32.852-0400] {processor.py:183} INFO - Processing /Users/vionasanda/Projects/netflix-retention-project/venv/lib/python3.9/site-packages/airflow/example_dags/example_local_kubernetes_executor.py took 0.057 seconds
[2025-06-05T13:49:21.845-0400] {processor.py:161} INFO - Started process (PID=46823) to work on /Users/vionasanda/Projects/netflix-retention-project/venv/lib/python3.9/site-packages/airflow/example_dags/example_local_kubernetes_executor.py
[2025-06-05T13:49:21.847-0400] {processor.py:830} INFO - Processing file /Users/vionasanda/Projects/netflix-retention-project/venv/lib/python3.9/site-packages/airflow/example_dags/example_local_kubernetes_executor.py for tasks to queue
[2025-06-05T13:49:21.847-0400] {logging_mixin.py:188} INFO - [2025-06-05T13:49:21.847-0400] {dagbag.py:538} INFO - Filling up the DagBag from /Users/vionasanda/Projects/netflix-retention-project/venv/lib/python3.9/site-packages/airflow/example_dags/example_local_kubernetes_executor.py
[2025-06-05T13:49:21.864-0400] {logging_mixin.py:188} INFO - [2025-06-05T13:49:21.862-0400] {example_local_kubernetes_executor.py:39} WARNING - Could not import DAGs in example_local_kubernetes_executor.py
Traceback (most recent call last):
  File "/Users/vionasanda/Projects/netflix-retention-project/venv/lib/python3.9/site-packages/airflow/example_dags/example_local_kubernetes_executor.py", line 37, in <module>
    from kubernetes.client import models as k8s
ModuleNotFoundError: No module named 'kubernetes'
[2025-06-05T13:49:21.864-0400] {logging_mixin.py:188} INFO - [2025-06-05T13:49:21.864-0400] {example_local_kubernetes_executor.py:40} WARNING - Install Kubernetes dependencies with: pip install apache-airflow[cncf.kubernetes]
[2025-06-05T13:49:21.864-0400] {processor.py:842} WARNING - No viable dags retrieved from /Users/vionasanda/Projects/netflix-retention-project/venv/lib/python3.9/site-packages/airflow/example_dags/example_local_kubernetes_executor.py
[2025-06-05T13:49:21.896-0400] {processor.py:183} INFO - Processing /Users/vionasanda/Projects/netflix-retention-project/venv/lib/python3.9/site-packages/airflow/example_dags/example_local_kubernetes_executor.py took 0.051 seconds
