[2025-06-05T13:47:04.083-0400] {processor.py:161} INFO - Started process (PID=46688) to work on /Users/vionasanda/Projects/netflix-retention-project/venv/lib/python3.9/site-packages/airflow/example_dags/example_task_group.py
[2025-06-05T13:47:04.084-0400] {processor.py:830} INFO - Processing file /Users/vionasanda/Projects/netflix-retention-project/venv/lib/python3.9/site-packages/airflow/example_dags/example_task_group.py for tasks to queue
[2025-06-05T13:47:04.084-0400] {logging_mixin.py:188} INFO - [2025-06-05T13:47:04.084-0400] {dagbag.py:538} INFO - Filling up the DagBag from /Users/vionasanda/Projects/netflix-retention-project/venv/lib/python3.9/site-packages/airflow/example_dags/example_task_group.py
[2025-06-05T13:47:04.088-0400] {processor.py:840} INFO - DAG(s) 'example_task_group' retrieved from /Users/vionasanda/Projects/netflix-retention-project/venv/lib/python3.9/site-packages/airflow/example_dags/example_task_group.py
[2025-06-05T13:47:04.168-0400] {logging_mixin.py:188} INFO - [2025-06-05T13:47:04.168-0400] {override.py:1769} INFO - Created Permission View: can read on DAG:example_task_group
[2025-06-05T13:47:04.171-0400] {logging_mixin.py:188} INFO - [2025-06-05T13:47:04.171-0400] {override.py:1769} INFO - Created Permission View: can edit on DAG:example_task_group
[2025-06-05T13:47:04.173-0400] {logging_mixin.py:188} INFO - [2025-06-05T13:47:04.173-0400] {override.py:1769} INFO - Created Permission View: can delete on DAG:example_task_group
[2025-06-05T13:47:04.174-0400] {logging_mixin.py:188} INFO - [2025-06-05T13:47:04.173-0400] {dag.py:3036} INFO - Sync 1 DAGs
[2025-06-05T13:47:04.178-0400] {logging_mixin.py:188} INFO - [2025-06-05T13:47:04.178-0400] {dag.py:3058} INFO - Creating ORM DAG for example_task_group
[2025-06-05T13:47:04.183-0400] {logging_mixin.py:188} INFO - [2025-06-05T13:47:04.183-0400] {dag.py:3823} INFO - Setting next_dagrun for example_task_group to 2025-06-04 00:00:00+00:00, run_after=2025-06-05 00:00:00+00:00
[2025-06-05T13:47:04.190-0400] {processor.py:183} INFO - Processing /Users/vionasanda/Projects/netflix-retention-project/venv/lib/python3.9/site-packages/airflow/example_dags/example_task_group.py took 0.107 seconds
[2025-06-05T13:48:29.947-0400] {processor.py:161} INFO - Started process (PID=46749) to work on /Users/vionasanda/Projects/netflix-retention-project/venv/lib/python3.9/site-packages/airflow/example_dags/example_task_group.py
[2025-06-05T13:48:29.949-0400] {processor.py:830} INFO - Processing file /Users/vionasanda/Projects/netflix-retention-project/venv/lib/python3.9/site-packages/airflow/example_dags/example_task_group.py for tasks to queue
[2025-06-05T13:48:29.949-0400] {logging_mixin.py:188} INFO - [2025-06-05T13:48:29.949-0400] {dagbag.py:538} INFO - Filling up the DagBag from /Users/vionasanda/Projects/netflix-retention-project/venv/lib/python3.9/site-packages/airflow/example_dags/example_task_group.py
[2025-06-05T13:48:29.953-0400] {processor.py:840} INFO - DAG(s) 'example_task_group' retrieved from /Users/vionasanda/Projects/netflix-retention-project/venv/lib/python3.9/site-packages/airflow/example_dags/example_task_group.py
[2025-06-05T13:48:29.998-0400] {logging_mixin.py:188} INFO - [2025-06-05T13:48:29.997-0400] {dag.py:3036} INFO - Sync 1 DAGs
[2025-06-05T13:48:30.005-0400] {logging_mixin.py:188} INFO - [2025-06-05T13:48:30.005-0400] {dag.py:3823} INFO - Setting next_dagrun for example_task_group to 2025-06-04 00:00:00+00:00, run_after=2025-06-05 00:00:00+00:00
[2025-06-05T13:48:30.012-0400] {processor.py:183} INFO - Processing /Users/vionasanda/Projects/netflix-retention-project/venv/lib/python3.9/site-packages/airflow/example_dags/example_task_group.py took 0.065 seconds
[2025-06-05T13:50:18.088-0400] {processor.py:161} INFO - Started process (PID=46865) to work on /Users/vionasanda/Projects/netflix-retention-project/venv/lib/python3.9/site-packages/airflow/example_dags/example_task_group.py
[2025-06-05T13:50:18.090-0400] {processor.py:830} INFO - Processing file /Users/vionasanda/Projects/netflix-retention-project/venv/lib/python3.9/site-packages/airflow/example_dags/example_task_group.py for tasks to queue
[2025-06-05T13:50:18.090-0400] {logging_mixin.py:188} INFO - [2025-06-05T13:50:18.090-0400] {dagbag.py:538} INFO - Filling up the DagBag from /Users/vionasanda/Projects/netflix-retention-project/venv/lib/python3.9/site-packages/airflow/example_dags/example_task_group.py
[2025-06-05T13:50:18.093-0400] {processor.py:840} INFO - DAG(s) 'example_task_group' retrieved from /Users/vionasanda/Projects/netflix-retention-project/venv/lib/python3.9/site-packages/airflow/example_dags/example_task_group.py
[2025-06-05T13:50:18.139-0400] {logging_mixin.py:188} INFO - [2025-06-05T13:50:18.138-0400] {dag.py:3036} INFO - Sync 1 DAGs
[2025-06-05T13:50:18.147-0400] {logging_mixin.py:188} INFO - [2025-06-05T13:50:18.146-0400] {dag.py:3823} INFO - Setting next_dagrun for example_task_group to 2025-06-04 00:00:00+00:00, run_after=2025-06-05 00:00:00+00:00
[2025-06-05T13:50:18.153-0400] {processor.py:183} INFO - Processing /Users/vionasanda/Projects/netflix-retention-project/venv/lib/python3.9/site-packages/airflow/example_dags/example_task_group.py took 0.065 seconds
[2025-06-05T14:03:13.279-0400] {processor.py:161} INFO - Started process (PID=49530) to work on /Users/vionasanda/Projects/netflix-retention-project/venv/lib/python3.9/site-packages/airflow/example_dags/example_task_group.py
[2025-06-05T14:03:13.281-0400] {processor.py:830} INFO - Processing file /Users/vionasanda/Projects/netflix-retention-project/venv/lib/python3.9/site-packages/airflow/example_dags/example_task_group.py for tasks to queue
[2025-06-05T14:03:13.281-0400] {logging_mixin.py:188} INFO - [2025-06-05T14:03:13.281-0400] {dagbag.py:538} INFO - Filling up the DagBag from /Users/vionasanda/Projects/netflix-retention-project/venv/lib/python3.9/site-packages/airflow/example_dags/example_task_group.py
[2025-06-05T14:03:13.285-0400] {processor.py:840} INFO - DAG(s) 'example_task_group' retrieved from /Users/vionasanda/Projects/netflix-retention-project/venv/lib/python3.9/site-packages/airflow/example_dags/example_task_group.py
[2025-06-05T14:03:13.363-0400] {logging_mixin.py:188} INFO - [2025-06-05T14:03:13.363-0400] {dag.py:3036} INFO - Sync 1 DAGs
[2025-06-05T14:03:13.371-0400] {logging_mixin.py:188} INFO - [2025-06-05T14:03:13.371-0400] {dag.py:3823} INFO - Setting next_dagrun for example_task_group to 2025-06-04 00:00:00+00:00, run_after=2025-06-05 00:00:00+00:00
[2025-06-05T14:03:13.378-0400] {processor.py:183} INFO - Processing /Users/vionasanda/Projects/netflix-retention-project/venv/lib/python3.9/site-packages/airflow/example_dags/example_task_group.py took 0.100 seconds
