[2025-06-05T13:47:16.911-0400] {processor.py:161} INFO - Started process (PID=46702) to work on /Users/vionasanda/Projects/netflix-retention-project/venv/lib/python3.9/site-packages/airflow/example_dags/example_setup_teardown.py
[2025-06-05T13:47:16.912-0400] {processor.py:830} INFO - Processing file /Users/vionasanda/Projects/netflix-retention-project/venv/lib/python3.9/site-packages/airflow/example_dags/example_setup_teardown.py for tasks to queue
[2025-06-05T13:47:16.913-0400] {logging_mixin.py:188} INFO - [2025-06-05T13:47:16.913-0400] {dagbag.py:538} INFO - Filling up the DagBag from /Users/vionasanda/Projects/netflix-retention-project/venv/lib/python3.9/site-packages/airflow/example_dags/example_setup_teardown.py
[2025-06-05T13:47:16.916-0400] {processor.py:840} INFO - DAG(s) 'example_setup_teardown' retrieved from /Users/vionasanda/Projects/netflix-retention-project/venv/lib/python3.9/site-packages/airflow/example_dags/example_setup_teardown.py
[2025-06-05T13:47:16.992-0400] {logging_mixin.py:188} INFO - [2025-06-05T13:47:16.992-0400] {override.py:1769} INFO - Created Permission View: can edit on DAG:example_setup_teardown
[2025-06-05T13:47:16.995-0400] {logging_mixin.py:188} INFO - [2025-06-05T13:47:16.995-0400] {override.py:1769} INFO - Created Permission View: can read on DAG:example_setup_teardown
[2025-06-05T13:47:16.997-0400] {logging_mixin.py:188} INFO - [2025-06-05T13:47:16.997-0400] {override.py:1769} INFO - Created Permission View: can delete on DAG:example_setup_teardown
[2025-06-05T13:47:16.997-0400] {logging_mixin.py:188} INFO - [2025-06-05T13:47:16.997-0400] {dag.py:3036} INFO - Sync 1 DAGs
[2025-06-05T13:47:17.001-0400] {logging_mixin.py:188} INFO - [2025-06-05T13:47:17.001-0400] {dag.py:3058} INFO - Creating ORM DAG for example_setup_teardown
[2025-06-05T13:47:17.006-0400] {logging_mixin.py:188} INFO - [2025-06-05T13:47:17.006-0400] {dag.py:3823} INFO - Setting next_dagrun for example_setup_teardown to 2025-06-04 00:00:00+00:00, run_after=2025-06-05 00:00:00+00:00
[2025-06-05T13:47:17.011-0400] {processor.py:183} INFO - Processing /Users/vionasanda/Projects/netflix-retention-project/venv/lib/python3.9/site-packages/airflow/example_dags/example_setup_teardown.py took 0.101 seconds
[2025-06-05T13:48:41.259-0400] {processor.py:161} INFO - Started process (PID=46756) to work on /Users/vionasanda/Projects/netflix-retention-project/venv/lib/python3.9/site-packages/airflow/example_dags/example_setup_teardown.py
[2025-06-05T13:48:41.260-0400] {processor.py:830} INFO - Processing file /Users/vionasanda/Projects/netflix-retention-project/venv/lib/python3.9/site-packages/airflow/example_dags/example_setup_teardown.py for tasks to queue
[2025-06-05T13:48:41.260-0400] {logging_mixin.py:188} INFO - [2025-06-05T13:48:41.260-0400] {dagbag.py:538} INFO - Filling up the DagBag from /Users/vionasanda/Projects/netflix-retention-project/venv/lib/python3.9/site-packages/airflow/example_dags/example_setup_teardown.py
[2025-06-05T13:48:41.263-0400] {processor.py:840} INFO - DAG(s) 'example_setup_teardown' retrieved from /Users/vionasanda/Projects/netflix-retention-project/venv/lib/python3.9/site-packages/airflow/example_dags/example_setup_teardown.py
[2025-06-05T13:48:41.309-0400] {logging_mixin.py:188} INFO - [2025-06-05T13:48:41.309-0400] {dag.py:3036} INFO - Sync 1 DAGs
[2025-06-05T13:48:41.317-0400] {logging_mixin.py:188} INFO - [2025-06-05T13:48:41.317-0400] {dag.py:3823} INFO - Setting next_dagrun for example_setup_teardown to 2025-06-04 00:00:00+00:00, run_after=2025-06-05 00:00:00+00:00
[2025-06-05T13:48:41.324-0400] {processor.py:183} INFO - Processing /Users/vionasanda/Projects/netflix-retention-project/venv/lib/python3.9/site-packages/airflow/example_dags/example_setup_teardown.py took 0.066 seconds
[2025-06-05T13:50:31.085-0400] {processor.py:161} INFO - Started process (PID=46879) to work on /Users/vionasanda/Projects/netflix-retention-project/venv/lib/python3.9/site-packages/airflow/example_dags/example_setup_teardown.py
[2025-06-05T13:50:31.086-0400] {processor.py:830} INFO - Processing file /Users/vionasanda/Projects/netflix-retention-project/venv/lib/python3.9/site-packages/airflow/example_dags/example_setup_teardown.py for tasks to queue
[2025-06-05T13:50:31.087-0400] {logging_mixin.py:188} INFO - [2025-06-05T13:50:31.087-0400] {dagbag.py:538} INFO - Filling up the DagBag from /Users/vionasanda/Projects/netflix-retention-project/venv/lib/python3.9/site-packages/airflow/example_dags/example_setup_teardown.py
[2025-06-05T13:50:31.090-0400] {processor.py:840} INFO - DAG(s) 'example_setup_teardown' retrieved from /Users/vionasanda/Projects/netflix-retention-project/venv/lib/python3.9/site-packages/airflow/example_dags/example_setup_teardown.py
[2025-06-05T13:50:31.138-0400] {logging_mixin.py:188} INFO - [2025-06-05T13:50:31.138-0400] {dag.py:3036} INFO - Sync 1 DAGs
[2025-06-05T13:50:31.147-0400] {logging_mixin.py:188} INFO - [2025-06-05T13:50:31.147-0400] {dag.py:3823} INFO - Setting next_dagrun for example_setup_teardown to 2025-06-04 00:00:00+00:00, run_after=2025-06-05 00:00:00+00:00
[2025-06-05T13:50:31.154-0400] {processor.py:183} INFO - Processing /Users/vionasanda/Projects/netflix-retention-project/venv/lib/python3.9/site-packages/airflow/example_dags/example_setup_teardown.py took 0.070 seconds
[2025-06-05T14:03:26.819-0400] {processor.py:161} INFO - Started process (PID=49550) to work on /Users/vionasanda/Projects/netflix-retention-project/venv/lib/python3.9/site-packages/airflow/example_dags/example_setup_teardown.py
[2025-06-05T14:03:26.820-0400] {processor.py:830} INFO - Processing file /Users/vionasanda/Projects/netflix-retention-project/venv/lib/python3.9/site-packages/airflow/example_dags/example_setup_teardown.py for tasks to queue
[2025-06-05T14:03:26.820-0400] {logging_mixin.py:188} INFO - [2025-06-05T14:03:26.820-0400] {dagbag.py:538} INFO - Filling up the DagBag from /Users/vionasanda/Projects/netflix-retention-project/venv/lib/python3.9/site-packages/airflow/example_dags/example_setup_teardown.py
[2025-06-05T14:03:26.824-0400] {processor.py:840} INFO - DAG(s) 'example_setup_teardown' retrieved from /Users/vionasanda/Projects/netflix-retention-project/venv/lib/python3.9/site-packages/airflow/example_dags/example_setup_teardown.py
[2025-06-05T14:03:26.899-0400] {logging_mixin.py:188} INFO - [2025-06-05T14:03:26.899-0400] {dag.py:3036} INFO - Sync 1 DAGs
[2025-06-05T14:03:26.907-0400] {logging_mixin.py:188} INFO - [2025-06-05T14:03:26.907-0400] {dag.py:3823} INFO - Setting next_dagrun for example_setup_teardown to 2025-06-04 00:00:00+00:00, run_after=2025-06-05 00:00:00+00:00
[2025-06-05T14:03:26.914-0400] {processor.py:183} INFO - Processing /Users/vionasanda/Projects/netflix-retention-project/venv/lib/python3.9/site-packages/airflow/example_dags/example_setup_teardown.py took 0.096 seconds
