[2025-06-05T13:47:59.260-0400] {processor.py:161} INFO - Started process (PID=46729) to work on /Users/vionasanda/Projects/netflix-retention-project/venv/lib/python3.9/site-packages/airflow/example_dags/example_branch_datetime_operator.py
[2025-06-05T13:47:59.261-0400] {processor.py:830} INFO - Processing file /Users/vionasanda/Projects/netflix-retention-project/venv/lib/python3.9/site-packages/airflow/example_dags/example_branch_datetime_operator.py for tasks to queue
[2025-06-05T13:47:59.262-0400] {logging_mixin.py:188} INFO - [2025-06-05T13:47:59.262-0400] {dagbag.py:538} INFO - Filling up the DagBag from /Users/vionasanda/Projects/netflix-retention-project/venv/lib/python3.9/site-packages/airflow/example_dags/example_branch_datetime_operator.py
[2025-06-05T13:47:59.266-0400] {processor.py:840} INFO - DAG(s) 'example_branch_datetime_operator_3', 'example_branch_datetime_operator', 'example_branch_datetime_operator_2' retrieved from /Users/vionasanda/Projects/netflix-retention-project/venv/lib/python3.9/site-packages/airflow/example_dags/example_branch_datetime_operator.py
[2025-06-05T13:47:59.342-0400] {logging_mixin.py:188} INFO - [2025-06-05T13:47:59.341-0400] {override.py:1769} INFO - Created Permission View: can read on DAG:example_branch_datetime_operator_3
[2025-06-05T13:47:59.345-0400] {logging_mixin.py:188} INFO - [2025-06-05T13:47:59.344-0400] {override.py:1769} INFO - Created Permission View: can delete on DAG:example_branch_datetime_operator_3
[2025-06-05T13:47:59.346-0400] {logging_mixin.py:188} INFO - [2025-06-05T13:47:59.346-0400] {override.py:1769} INFO - Created Permission View: can edit on DAG:example_branch_datetime_operator_3
[2025-06-05T13:47:59.351-0400] {logging_mixin.py:188} INFO - [2025-06-05T13:47:59.351-0400] {override.py:1769} INFO - Created Permission View: can read on DAG:example_branch_datetime_operator
[2025-06-05T13:47:59.353-0400] {logging_mixin.py:188} INFO - [2025-06-05T13:47:59.353-0400] {override.py:1769} INFO - Created Permission View: can delete on DAG:example_branch_datetime_operator
[2025-06-05T13:47:59.355-0400] {logging_mixin.py:188} INFO - [2025-06-05T13:47:59.355-0400] {override.py:1769} INFO - Created Permission View: can edit on DAG:example_branch_datetime_operator
[2025-06-05T13:47:59.359-0400] {logging_mixin.py:188} INFO - [2025-06-05T13:47:59.358-0400] {override.py:1769} INFO - Created Permission View: can read on DAG:example_branch_datetime_operator_2
[2025-06-05T13:47:59.360-0400] {logging_mixin.py:188} INFO - [2025-06-05T13:47:59.360-0400] {override.py:1769} INFO - Created Permission View: can delete on DAG:example_branch_datetime_operator_2
[2025-06-05T13:47:59.362-0400] {logging_mixin.py:188} INFO - [2025-06-05T13:47:59.362-0400] {override.py:1769} INFO - Created Permission View: can edit on DAG:example_branch_datetime_operator_2
[2025-06-05T13:47:59.362-0400] {logging_mixin.py:188} INFO - [2025-06-05T13:47:59.362-0400] {dag.py:3036} INFO - Sync 3 DAGs
[2025-06-05T13:47:59.366-0400] {logging_mixin.py:188} INFO - [2025-06-05T13:47:59.366-0400] {dag.py:3058} INFO - Creating ORM DAG for example_branch_datetime_operator
[2025-06-05T13:47:59.366-0400] {logging_mixin.py:188} INFO - [2025-06-05T13:47:59.366-0400] {dag.py:3058} INFO - Creating ORM DAG for example_branch_datetime_operator_2
[2025-06-05T13:47:59.366-0400] {logging_mixin.py:188} INFO - [2025-06-05T13:47:59.366-0400] {dag.py:3058} INFO - Creating ORM DAG for example_branch_datetime_operator_3
[2025-06-05T13:47:59.370-0400] {logging_mixin.py:188} INFO - [2025-06-05T13:47:59.370-0400] {dag.py:3823} INFO - Setting next_dagrun for example_branch_datetime_operator to 2025-06-04 00:00:00+00:00, run_after=2025-06-05 00:00:00+00:00
[2025-06-05T13:47:59.371-0400] {logging_mixin.py:188} INFO - [2025-06-05T13:47:59.371-0400] {dag.py:3823} INFO - Setting next_dagrun for example_branch_datetime_operator_2 to 2025-06-04 00:00:00+00:00, run_after=2025-06-05 00:00:00+00:00
[2025-06-05T13:47:59.371-0400] {logging_mixin.py:188} INFO - [2025-06-05T13:47:59.371-0400] {dag.py:3823} INFO - Setting next_dagrun for example_branch_datetime_operator_3 to 2025-06-04 00:00:00+00:00, run_after=2025-06-05 00:00:00+00:00
[2025-06-05T13:47:59.378-0400] {processor.py:183} INFO - Processing /Users/vionasanda/Projects/netflix-retention-project/venv/lib/python3.9/site-packages/airflow/example_dags/example_branch_datetime_operator.py took 0.118 seconds
[2025-06-05T13:49:48.221-0400] {processor.py:161} INFO - Started process (PID=46843) to work on /Users/vionasanda/Projects/netflix-retention-project/venv/lib/python3.9/site-packages/airflow/example_dags/example_branch_datetime_operator.py
[2025-06-05T13:49:48.223-0400] {processor.py:830} INFO - Processing file /Users/vionasanda/Projects/netflix-retention-project/venv/lib/python3.9/site-packages/airflow/example_dags/example_branch_datetime_operator.py for tasks to queue
[2025-06-05T13:49:48.224-0400] {logging_mixin.py:188} INFO - [2025-06-05T13:49:48.223-0400] {dagbag.py:538} INFO - Filling up the DagBag from /Users/vionasanda/Projects/netflix-retention-project/venv/lib/python3.9/site-packages/airflow/example_dags/example_branch_datetime_operator.py
[2025-06-05T13:49:48.229-0400] {processor.py:840} INFO - DAG(s) 'example_branch_datetime_operator', 'example_branch_datetime_operator_3', 'example_branch_datetime_operator_2' retrieved from /Users/vionasanda/Projects/netflix-retention-project/venv/lib/python3.9/site-packages/airflow/example_dags/example_branch_datetime_operator.py
[2025-06-05T13:49:48.273-0400] {logging_mixin.py:188} INFO - [2025-06-05T13:49:48.273-0400] {dag.py:3036} INFO - Sync 3 DAGs
[2025-06-05T13:49:48.280-0400] {logging_mixin.py:188} INFO - [2025-06-05T13:49:48.280-0400] {dag.py:3823} INFO - Setting next_dagrun for example_branch_datetime_operator to 2025-06-04 00:00:00+00:00, run_after=2025-06-05 00:00:00+00:00
[2025-06-05T13:49:48.281-0400] {logging_mixin.py:188} INFO - [2025-06-05T13:49:48.281-0400] {dag.py:3823} INFO - Setting next_dagrun for example_branch_datetime_operator_2 to 2025-06-04 00:00:00+00:00, run_after=2025-06-05 00:00:00+00:00
[2025-06-05T13:49:48.282-0400] {logging_mixin.py:188} INFO - [2025-06-05T13:49:48.282-0400] {dag.py:3823} INFO - Setting next_dagrun for example_branch_datetime_operator_3 to 2025-06-04 00:00:00+00:00, run_after=2025-06-05 00:00:00+00:00
[2025-06-05T13:49:48.288-0400] {processor.py:183} INFO - Processing /Users/vionasanda/Projects/netflix-retention-project/venv/lib/python3.9/site-packages/airflow/example_dags/example_branch_datetime_operator.py took 0.067 seconds
