[2025-06-05T13:47:07.996-0400] {processor.py:161} INFO - Started process (PID=46691) to work on /Users/vionasanda/Projects/netflix-retention-project/venv/lib/python3.9/site-packages/airflow/example_dags/example_sla_dag.py
[2025-06-05T13:47:07.998-0400] {processor.py:830} INFO - Processing file /Users/vionasanda/Projects/netflix-retention-project/venv/lib/python3.9/site-packages/airflow/example_dags/example_sla_dag.py for tasks to queue
[2025-06-05T13:47:07.998-0400] {logging_mixin.py:188} INFO - [2025-06-05T13:47:07.998-0400] {dagbag.py:538} INFO - Filling up the DagBag from /Users/vionasanda/Projects/netflix-retention-project/venv/lib/python3.9/site-packages/airflow/example_dags/example_sla_dag.py
[2025-06-05T13:47:08.025-0400] {processor.py:840} INFO - DAG(s) 'example_sla_dag' retrieved from /Users/vionasanda/Projects/netflix-retention-project/venv/lib/python3.9/site-packages/airflow/example_dags/example_sla_dag.py
[2025-06-05T13:47:08.123-0400] {logging_mixin.py:188} INFO - [2025-06-05T13:47:08.123-0400] {override.py:1769} INFO - Created Permission View: can delete on DAG:example_sla_dag
[2025-06-05T13:47:08.131-0400] {logging_mixin.py:188} INFO - [2025-06-05T13:47:08.131-0400] {override.py:1769} INFO - Created Permission View: can read on DAG:example_sla_dag
[2025-06-05T13:47:08.143-0400] {logging_mixin.py:188} INFO - [2025-06-05T13:47:08.143-0400] {override.py:1769} INFO - Created Permission View: can edit on DAG:example_sla_dag
[2025-06-05T13:47:08.143-0400] {logging_mixin.py:188} INFO - [2025-06-05T13:47:08.143-0400] {dag.py:3036} INFO - Sync 1 DAGs
[2025-06-05T13:47:08.148-0400] {logging_mixin.py:188} INFO - [2025-06-05T13:47:08.148-0400] {dag.py:3058} INFO - Creating ORM DAG for example_sla_dag
[2025-06-05T13:47:08.156-0400] {logging_mixin.py:188} INFO - [2025-06-05T13:47:08.156-0400] {dag.py:3823} INFO - Setting next_dagrun for example_sla_dag to 2025-06-05 17:44:00+00:00, run_after=2025-06-05 17:46:00+00:00
[2025-06-05T13:47:08.169-0400] {processor.py:183} INFO - Processing /Users/vionasanda/Projects/netflix-retention-project/venv/lib/python3.9/site-packages/airflow/example_dags/example_sla_dag.py took 0.173 seconds
[2025-06-05T13:48:33.660-0400] {processor.py:161} INFO - Started process (PID=46751) to work on /Users/vionasanda/Projects/netflix-retention-project/venv/lib/python3.9/site-packages/airflow/example_dags/example_sla_dag.py
[2025-06-05T13:48:33.661-0400] {processor.py:830} INFO - Processing file /Users/vionasanda/Projects/netflix-retention-project/venv/lib/python3.9/site-packages/airflow/example_dags/example_sla_dag.py for tasks to queue
[2025-06-05T13:48:33.661-0400] {logging_mixin.py:188} INFO - [2025-06-05T13:48:33.661-0400] {dagbag.py:538} INFO - Filling up the DagBag from /Users/vionasanda/Projects/netflix-retention-project/venv/lib/python3.9/site-packages/airflow/example_dags/example_sla_dag.py
[2025-06-05T13:48:33.677-0400] {processor.py:840} INFO - DAG(s) 'example_sla_dag' retrieved from /Users/vionasanda/Projects/netflix-retention-project/venv/lib/python3.9/site-packages/airflow/example_dags/example_sla_dag.py
[2025-06-05T13:48:33.719-0400] {logging_mixin.py:188} INFO - [2025-06-05T13:48:33.719-0400] {dag.py:3036} INFO - Sync 1 DAGs
[2025-06-05T13:48:33.728-0400] {logging_mixin.py:188} INFO - [2025-06-05T13:48:33.728-0400] {dag.py:3823} INFO - Setting next_dagrun for example_sla_dag to 2025-06-05 17:46:00+00:00, run_after=2025-06-05 17:48:00+00:00
[2025-06-05T13:48:33.735-0400] {processor.py:183} INFO - Processing /Users/vionasanda/Projects/netflix-retention-project/venv/lib/python3.9/site-packages/airflow/example_dags/example_sla_dag.py took 0.075 seconds
[2025-06-05T13:50:21.573-0400] {processor.py:161} INFO - Started process (PID=46867) to work on /Users/vionasanda/Projects/netflix-retention-project/venv/lib/python3.9/site-packages/airflow/example_dags/example_sla_dag.py
[2025-06-05T13:50:21.575-0400] {processor.py:830} INFO - Processing file /Users/vionasanda/Projects/netflix-retention-project/venv/lib/python3.9/site-packages/airflow/example_dags/example_sla_dag.py for tasks to queue
[2025-06-05T13:50:21.575-0400] {logging_mixin.py:188} INFO - [2025-06-05T13:50:21.575-0400] {dagbag.py:538} INFO - Filling up the DagBag from /Users/vionasanda/Projects/netflix-retention-project/venv/lib/python3.9/site-packages/airflow/example_dags/example_sla_dag.py
[2025-06-05T13:50:21.592-0400] {processor.py:840} INFO - DAG(s) 'example_sla_dag' retrieved from /Users/vionasanda/Projects/netflix-retention-project/venv/lib/python3.9/site-packages/airflow/example_dags/example_sla_dag.py
[2025-06-05T13:50:21.634-0400] {logging_mixin.py:188} INFO - [2025-06-05T13:50:21.634-0400] {dag.py:3036} INFO - Sync 1 DAGs
[2025-06-05T13:50:21.643-0400] {logging_mixin.py:188} INFO - [2025-06-05T13:50:21.643-0400] {dag.py:3823} INFO - Setting next_dagrun for example_sla_dag to 2025-06-05 17:48:00+00:00, run_after=2025-06-05 17:50:00+00:00
[2025-06-05T13:50:21.651-0400] {processor.py:183} INFO - Processing /Users/vionasanda/Projects/netflix-retention-project/venv/lib/python3.9/site-packages/airflow/example_dags/example_sla_dag.py took 0.078 seconds
[2025-06-05T14:03:16.877-0400] {processor.py:161} INFO - Started process (PID=49538) to work on /Users/vionasanda/Projects/netflix-retention-project/venv/lib/python3.9/site-packages/airflow/example_dags/example_sla_dag.py
[2025-06-05T14:03:16.878-0400] {processor.py:830} INFO - Processing file /Users/vionasanda/Projects/netflix-retention-project/venv/lib/python3.9/site-packages/airflow/example_dags/example_sla_dag.py for tasks to queue
[2025-06-05T14:03:16.879-0400] {logging_mixin.py:188} INFO - [2025-06-05T14:03:16.878-0400] {dagbag.py:538} INFO - Filling up the DagBag from /Users/vionasanda/Projects/netflix-retention-project/venv/lib/python3.9/site-packages/airflow/example_dags/example_sla_dag.py
[2025-06-05T14:03:16.898-0400] {processor.py:840} INFO - DAG(s) 'example_sla_dag' retrieved from /Users/vionasanda/Projects/netflix-retention-project/venv/lib/python3.9/site-packages/airflow/example_dags/example_sla_dag.py
[2025-06-05T14:03:16.980-0400] {logging_mixin.py:188} INFO - [2025-06-05T14:03:16.980-0400] {dag.py:3036} INFO - Sync 1 DAGs
[2025-06-05T14:03:16.989-0400] {logging_mixin.py:188} INFO - [2025-06-05T14:03:16.989-0400] {dag.py:3823} INFO - Setting next_dagrun for example_sla_dag to 2025-06-05 18:00:00+00:00, run_after=2025-06-05 18:02:00+00:00
[2025-06-05T14:03:16.996-0400] {processor.py:183} INFO - Processing /Users/vionasanda/Projects/netflix-retention-project/venv/lib/python3.9/site-packages/airflow/example_dags/example_sla_dag.py took 0.120 seconds
