[2025-06-05T13:47:00.077-0400] {processor.py:161} INFO - Started process (PID=46684) to work on /Users/vionasanda/Projects/netflix-retention-project/venv/lib/python3.9/site-packages/airflow/example_dags/example_time_delta_sensor_async.py
[2025-06-05T13:47:00.078-0400] {processor.py:830} INFO - Processing file /Users/vionasanda/Projects/netflix-retention-project/venv/lib/python3.9/site-packages/airflow/example_dags/example_time_delta_sensor_async.py for tasks to queue
[2025-06-05T13:47:00.078-0400] {logging_mixin.py:188} INFO - [2025-06-05T13:47:00.078-0400] {dagbag.py:538} INFO - Filling up the DagBag from /Users/vionasanda/Projects/netflix-retention-project/venv/lib/python3.9/site-packages/airflow/example_dags/example_time_delta_sensor_async.py
[2025-06-05T13:47:00.082-0400] {processor.py:840} INFO - DAG(s) 'example_time_delta_sensor_async' retrieved from /Users/vionasanda/Projects/netflix-retention-project/venv/lib/python3.9/site-packages/airflow/example_dags/example_time_delta_sensor_async.py
[2025-06-05T13:47:00.163-0400] {logging_mixin.py:188} INFO - [2025-06-05T13:47:00.163-0400] {override.py:1769} INFO - Created Permission View: can edit on DAG:example_time_delta_sensor_async
[2025-06-05T13:47:00.166-0400] {logging_mixin.py:188} INFO - [2025-06-05T13:47:00.166-0400] {override.py:1769} INFO - Created Permission View: can read on DAG:example_time_delta_sensor_async
[2025-06-05T13:47:00.168-0400] {logging_mixin.py:188} INFO - [2025-06-05T13:47:00.168-0400] {override.py:1769} INFO - Created Permission View: can delete on DAG:example_time_delta_sensor_async
[2025-06-05T13:47:00.169-0400] {logging_mixin.py:188} INFO - [2025-06-05T13:47:00.168-0400] {dag.py:3036} INFO - Sync 1 DAGs
[2025-06-05T13:47:00.173-0400] {logging_mixin.py:188} INFO - [2025-06-05T13:47:00.173-0400] {dag.py:3058} INFO - Creating ORM DAG for example_time_delta_sensor_async
[2025-06-05T13:47:00.173-0400] {logging_mixin.py:188} INFO - [2025-06-05T13:47:00.173-0400] {dag.py:3823} INFO - Setting next_dagrun for example_time_delta_sensor_async to None, run_after=None
[2025-06-05T13:47:00.179-0400] {processor.py:183} INFO - Processing /Users/vionasanda/Projects/netflix-retention-project/venv/lib/python3.9/site-packages/airflow/example_dags/example_time_delta_sensor_async.py took 0.102 seconds
[2025-06-05T13:48:26.245-0400] {processor.py:161} INFO - Started process (PID=46747) to work on /Users/vionasanda/Projects/netflix-retention-project/venv/lib/python3.9/site-packages/airflow/example_dags/example_time_delta_sensor_async.py
[2025-06-05T13:48:26.247-0400] {processor.py:830} INFO - Processing file /Users/vionasanda/Projects/netflix-retention-project/venv/lib/python3.9/site-packages/airflow/example_dags/example_time_delta_sensor_async.py for tasks to queue
[2025-06-05T13:48:26.247-0400] {logging_mixin.py:188} INFO - [2025-06-05T13:48:26.247-0400] {dagbag.py:538} INFO - Filling up the DagBag from /Users/vionasanda/Projects/netflix-retention-project/venv/lib/python3.9/site-packages/airflow/example_dags/example_time_delta_sensor_async.py
[2025-06-05T13:48:26.251-0400] {processor.py:840} INFO - DAG(s) 'example_time_delta_sensor_async' retrieved from /Users/vionasanda/Projects/netflix-retention-project/venv/lib/python3.9/site-packages/airflow/example_dags/example_time_delta_sensor_async.py
[2025-06-05T13:48:26.299-0400] {logging_mixin.py:188} INFO - [2025-06-05T13:48:26.299-0400] {dag.py:3036} INFO - Sync 1 DAGs
[2025-06-05T13:48:26.302-0400] {logging_mixin.py:188} INFO - [2025-06-05T13:48:26.302-0400] {dag.py:3823} INFO - Setting next_dagrun for example_time_delta_sensor_async to None, run_after=None
[2025-06-05T13:48:26.308-0400] {processor.py:183} INFO - Processing /Users/vionasanda/Projects/netflix-retention-project/venv/lib/python3.9/site-packages/airflow/example_dags/example_time_delta_sensor_async.py took 0.063 seconds
[2025-06-05T13:50:14.436-0400] {processor.py:161} INFO - Started process (PID=46861) to work on /Users/vionasanda/Projects/netflix-retention-project/venv/lib/python3.9/site-packages/airflow/example_dags/example_time_delta_sensor_async.py
[2025-06-05T13:50:14.439-0400] {processor.py:830} INFO - Processing file /Users/vionasanda/Projects/netflix-retention-project/venv/lib/python3.9/site-packages/airflow/example_dags/example_time_delta_sensor_async.py for tasks to queue
[2025-06-05T13:50:14.439-0400] {logging_mixin.py:188} INFO - [2025-06-05T13:50:14.439-0400] {dagbag.py:538} INFO - Filling up the DagBag from /Users/vionasanda/Projects/netflix-retention-project/venv/lib/python3.9/site-packages/airflow/example_dags/example_time_delta_sensor_async.py
[2025-06-05T13:50:14.444-0400] {processor.py:840} INFO - DAG(s) 'example_time_delta_sensor_async' retrieved from /Users/vionasanda/Projects/netflix-retention-project/venv/lib/python3.9/site-packages/airflow/example_dags/example_time_delta_sensor_async.py
[2025-06-05T13:50:14.494-0400] {logging_mixin.py:188} INFO - [2025-06-05T13:50:14.494-0400] {dag.py:3036} INFO - Sync 1 DAGs
[2025-06-05T13:50:14.498-0400] {logging_mixin.py:188} INFO - [2025-06-05T13:50:14.498-0400] {dag.py:3823} INFO - Setting next_dagrun for example_time_delta_sensor_async to None, run_after=None
[2025-06-05T13:50:14.504-0400] {processor.py:183} INFO - Processing /Users/vionasanda/Projects/netflix-retention-project/venv/lib/python3.9/site-packages/airflow/example_dags/example_time_delta_sensor_async.py took 0.068 seconds
[2025-06-05T14:03:09.443-0400] {processor.py:161} INFO - Started process (PID=49527) to work on /Users/vionasanda/Projects/netflix-retention-project/venv/lib/python3.9/site-packages/airflow/example_dags/example_time_delta_sensor_async.py
[2025-06-05T14:03:09.444-0400] {processor.py:830} INFO - Processing file /Users/vionasanda/Projects/netflix-retention-project/venv/lib/python3.9/site-packages/airflow/example_dags/example_time_delta_sensor_async.py for tasks to queue
[2025-06-05T14:03:09.444-0400] {logging_mixin.py:188} INFO - [2025-06-05T14:03:09.444-0400] {dagbag.py:538} INFO - Filling up the DagBag from /Users/vionasanda/Projects/netflix-retention-project/venv/lib/python3.9/site-packages/airflow/example_dags/example_time_delta_sensor_async.py
[2025-06-05T14:03:09.447-0400] {processor.py:840} INFO - DAG(s) 'example_time_delta_sensor_async' retrieved from /Users/vionasanda/Projects/netflix-retention-project/venv/lib/python3.9/site-packages/airflow/example_dags/example_time_delta_sensor_async.py
[2025-06-05T14:03:09.530-0400] {logging_mixin.py:188} INFO - [2025-06-05T14:03:09.530-0400] {dag.py:3036} INFO - Sync 1 DAGs
[2025-06-05T14:03:09.534-0400] {logging_mixin.py:188} INFO - [2025-06-05T14:03:09.534-0400] {dag.py:3823} INFO - Setting next_dagrun for example_time_delta_sensor_async to None, run_after=None
[2025-06-05T14:03:09.541-0400] {processor.py:183} INFO - Processing /Users/vionasanda/Projects/netflix-retention-project/venv/lib/python3.9/site-packages/airflow/example_dags/example_time_delta_sensor_async.py took 0.099 seconds
