[2025-06-05T13:47:11.150-0400] {processor.py:161} INFO - Started process (PID=46695) to work on /Users/vionasanda/Projects/netflix-retention-project/venv/lib/python3.9/site-packages/airflow/example_dags/example_short_circuit_operator.py
[2025-06-05T13:47:11.151-0400] {processor.py:830} INFO - Processing file /Users/vionasanda/Projects/netflix-retention-project/venv/lib/python3.9/site-packages/airflow/example_dags/example_short_circuit_operator.py for tasks to queue
[2025-06-05T13:47:11.152-0400] {logging_mixin.py:188} INFO - [2025-06-05T13:47:11.152-0400] {dagbag.py:538} INFO - Filling up the DagBag from /Users/vionasanda/Projects/netflix-retention-project/venv/lib/python3.9/site-packages/airflow/example_dags/example_short_circuit_operator.py
[2025-06-05T13:47:11.165-0400] {processor.py:840} INFO - DAG(s) 'example_short_circuit_operator' retrieved from /Users/vionasanda/Projects/netflix-retention-project/venv/lib/python3.9/site-packages/airflow/example_dags/example_short_circuit_operator.py
[2025-06-05T13:47:11.241-0400] {logging_mixin.py:188} INFO - [2025-06-05T13:47:11.241-0400] {override.py:1769} INFO - Created Permission View: can delete on DAG:example_short_circuit_operator
[2025-06-05T13:47:11.245-0400] {logging_mixin.py:188} INFO - [2025-06-05T13:47:11.244-0400] {override.py:1769} INFO - Created Permission View: can edit on DAG:example_short_circuit_operator
[2025-06-05T13:47:11.247-0400] {logging_mixin.py:188} INFO - [2025-06-05T13:47:11.247-0400] {override.py:1769} INFO - Created Permission View: can read on DAG:example_short_circuit_operator
[2025-06-05T13:47:11.247-0400] {logging_mixin.py:188} INFO - [2025-06-05T13:47:11.247-0400] {dag.py:3036} INFO - Sync 1 DAGs
[2025-06-05T13:47:11.251-0400] {logging_mixin.py:188} INFO - [2025-06-05T13:47:11.251-0400] {dag.py:3058} INFO - Creating ORM DAG for example_short_circuit_operator
[2025-06-05T13:47:11.255-0400] {logging_mixin.py:188} INFO - [2025-06-05T13:47:11.255-0400] {dag.py:3823} INFO - Setting next_dagrun for example_short_circuit_operator to 2025-06-04 00:00:00+00:00, run_after=2025-06-05 00:00:00+00:00
[2025-06-05T13:47:11.261-0400] {processor.py:183} INFO - Processing /Users/vionasanda/Projects/netflix-retention-project/venv/lib/python3.9/site-packages/airflow/example_dags/example_short_circuit_operator.py took 0.111 seconds
[2025-06-05T13:48:37.065-0400] {processor.py:161} INFO - Started process (PID=46753) to work on /Users/vionasanda/Projects/netflix-retention-project/venv/lib/python3.9/site-packages/airflow/example_dags/example_short_circuit_operator.py
[2025-06-05T13:48:37.066-0400] {processor.py:830} INFO - Processing file /Users/vionasanda/Projects/netflix-retention-project/venv/lib/python3.9/site-packages/airflow/example_dags/example_short_circuit_operator.py for tasks to queue
[2025-06-05T13:48:37.066-0400] {logging_mixin.py:188} INFO - [2025-06-05T13:48:37.066-0400] {dagbag.py:538} INFO - Filling up the DagBag from /Users/vionasanda/Projects/netflix-retention-project/venv/lib/python3.9/site-packages/airflow/example_dags/example_short_circuit_operator.py
[2025-06-05T13:48:37.079-0400] {processor.py:840} INFO - DAG(s) 'example_short_circuit_operator' retrieved from /Users/vionasanda/Projects/netflix-retention-project/venv/lib/python3.9/site-packages/airflow/example_dags/example_short_circuit_operator.py
[2025-06-05T13:48:37.122-0400] {logging_mixin.py:188} INFO - [2025-06-05T13:48:37.122-0400] {dag.py:3036} INFO - Sync 1 DAGs
[2025-06-05T13:48:37.130-0400] {logging_mixin.py:188} INFO - [2025-06-05T13:48:37.130-0400] {dag.py:3823} INFO - Setting next_dagrun for example_short_circuit_operator to 2025-06-04 00:00:00+00:00, run_after=2025-06-05 00:00:00+00:00
[2025-06-05T13:48:37.136-0400] {processor.py:183} INFO - Processing /Users/vionasanda/Projects/netflix-retention-project/venv/lib/python3.9/site-packages/airflow/example_dags/example_short_circuit_operator.py took 0.072 seconds
[2025-06-05T13:50:25.262-0400] {processor.py:161} INFO - Started process (PID=46870) to work on /Users/vionasanda/Projects/netflix-retention-project/venv/lib/python3.9/site-packages/airflow/example_dags/example_short_circuit_operator.py
[2025-06-05T13:50:25.263-0400] {processor.py:830} INFO - Processing file /Users/vionasanda/Projects/netflix-retention-project/venv/lib/python3.9/site-packages/airflow/example_dags/example_short_circuit_operator.py for tasks to queue
[2025-06-05T13:50:25.263-0400] {logging_mixin.py:188} INFO - [2025-06-05T13:50:25.263-0400] {dagbag.py:538} INFO - Filling up the DagBag from /Users/vionasanda/Projects/netflix-retention-project/venv/lib/python3.9/site-packages/airflow/example_dags/example_short_circuit_operator.py
[2025-06-05T13:50:25.276-0400] {processor.py:840} INFO - DAG(s) 'example_short_circuit_operator' retrieved from /Users/vionasanda/Projects/netflix-retention-project/venv/lib/python3.9/site-packages/airflow/example_dags/example_short_circuit_operator.py
[2025-06-05T13:50:25.320-0400] {logging_mixin.py:188} INFO - [2025-06-05T13:50:25.320-0400] {dag.py:3036} INFO - Sync 1 DAGs
[2025-06-05T13:50:25.328-0400] {logging_mixin.py:188} INFO - [2025-06-05T13:50:25.327-0400] {dag.py:3823} INFO - Setting next_dagrun for example_short_circuit_operator to 2025-06-04 00:00:00+00:00, run_after=2025-06-05 00:00:00+00:00
[2025-06-05T13:50:25.334-0400] {processor.py:183} INFO - Processing /Users/vionasanda/Projects/netflix-retention-project/venv/lib/python3.9/site-packages/airflow/example_dags/example_short_circuit_operator.py took 0.073 seconds
[2025-06-05T14:03:20.842-0400] {processor.py:161} INFO - Started process (PID=49546) to work on /Users/vionasanda/Projects/netflix-retention-project/venv/lib/python3.9/site-packages/airflow/example_dags/example_short_circuit_operator.py
[2025-06-05T14:03:20.843-0400] {processor.py:830} INFO - Processing file /Users/vionasanda/Projects/netflix-retention-project/venv/lib/python3.9/site-packages/airflow/example_dags/example_short_circuit_operator.py for tasks to queue
[2025-06-05T14:03:20.844-0400] {logging_mixin.py:188} INFO - [2025-06-05T14:03:20.843-0400] {dagbag.py:538} INFO - Filling up the DagBag from /Users/vionasanda/Projects/netflix-retention-project/venv/lib/python3.9/site-packages/airflow/example_dags/example_short_circuit_operator.py
[2025-06-05T14:03:20.858-0400] {processor.py:840} INFO - DAG(s) 'example_short_circuit_operator' retrieved from /Users/vionasanda/Projects/netflix-retention-project/venv/lib/python3.9/site-packages/airflow/example_dags/example_short_circuit_operator.py
[2025-06-05T14:03:20.943-0400] {logging_mixin.py:188} INFO - [2025-06-05T14:03:20.943-0400] {dag.py:3036} INFO - Sync 1 DAGs
[2025-06-05T14:03:20.950-0400] {logging_mixin.py:188} INFO - [2025-06-05T14:03:20.950-0400] {dag.py:3823} INFO - Setting next_dagrun for example_short_circuit_operator to 2025-06-04 00:00:00+00:00, run_after=2025-06-05 00:00:00+00:00
[2025-06-05T14:03:20.959-0400] {processor.py:183} INFO - Processing /Users/vionasanda/Projects/netflix-retention-project/venv/lib/python3.9/site-packages/airflow/example_dags/example_short_circuit_operator.py took 0.117 seconds
