[2025-06-05T13:46:54.192-0400] {processor.py:161} INFO - Started process (PID=46676) to work on /Users/vionasanda/Projects/netflix-retention-project/venv/lib/python3.9/site-packages/airflow/example_dags/example_xcomargs.py
[2025-06-05T13:46:54.193-0400] {processor.py:830} INFO - Processing file /Users/vionasanda/Projects/netflix-retention-project/venv/lib/python3.9/site-packages/airflow/example_dags/example_xcomargs.py for tasks to queue
[2025-06-05T13:46:54.193-0400] {logging_mixin.py:188} INFO - [2025-06-05T13:46:54.193-0400] {dagbag.py:538} INFO - Filling up the DagBag from /Users/vionasanda/Projects/netflix-retention-project/venv/lib/python3.9/site-packages/airflow/example_dags/example_xcomargs.py
[2025-06-05T13:46:54.210-0400] {processor.py:840} INFO - DAG(s) 'example_xcom_args_with_operators', 'example_xcom_args' retrieved from /Users/vionasanda/Projects/netflix-retention-project/venv/lib/python3.9/site-packages/airflow/example_dags/example_xcomargs.py
[2025-06-05T13:46:54.284-0400] {logging_mixin.py:188} INFO - [2025-06-05T13:46:54.284-0400] {override.py:1769} INFO - Created Permission View: can edit on DAG:example_xcom_args_with_operators
[2025-06-05T13:46:54.287-0400] {logging_mixin.py:188} INFO - [2025-06-05T13:46:54.287-0400] {override.py:1769} INFO - Created Permission View: can delete on DAG:example_xcom_args_with_operators
[2025-06-05T13:46:54.289-0400] {logging_mixin.py:188} INFO - [2025-06-05T13:46:54.289-0400] {override.py:1769} INFO - Created Permission View: can read on DAG:example_xcom_args_with_operators
[2025-06-05T13:46:54.293-0400] {logging_mixin.py:188} INFO - [2025-06-05T13:46:54.293-0400] {override.py:1769} INFO - Created Permission View: can edit on DAG:example_xcom_args
[2025-06-05T13:46:54.295-0400] {logging_mixin.py:188} INFO - [2025-06-05T13:46:54.295-0400] {override.py:1769} INFO - Created Permission View: can delete on DAG:example_xcom_args
[2025-06-05T13:46:54.297-0400] {logging_mixin.py:188} INFO - [2025-06-05T13:46:54.297-0400] {override.py:1769} INFO - Created Permission View: can read on DAG:example_xcom_args
[2025-06-05T13:46:54.297-0400] {logging_mixin.py:188} INFO - [2025-06-05T13:46:54.297-0400] {dag.py:3036} INFO - Sync 2 DAGs
[2025-06-05T13:46:54.301-0400] {logging_mixin.py:188} INFO - [2025-06-05T13:46:54.301-0400] {dag.py:3058} INFO - Creating ORM DAG for example_xcom_args
[2025-06-05T13:46:54.301-0400] {logging_mixin.py:188} INFO - [2025-06-05T13:46:54.301-0400] {dag.py:3058} INFO - Creating ORM DAG for example_xcom_args_with_operators
[2025-06-05T13:46:54.301-0400] {logging_mixin.py:188} INFO - [2025-06-05T13:46:54.301-0400] {dag.py:3823} INFO - Setting next_dagrun for example_xcom_args to None, run_after=None
[2025-06-05T13:46:54.301-0400] {logging_mixin.py:188} INFO - [2025-06-05T13:46:54.301-0400] {dag.py:3823} INFO - Setting next_dagrun for example_xcom_args_with_operators to None, run_after=None
[2025-06-05T13:46:54.307-0400] {processor.py:183} INFO - Processing /Users/vionasanda/Projects/netflix-retention-project/venv/lib/python3.9/site-packages/airflow/example_dags/example_xcomargs.py took 0.116 seconds
[2025-06-05T13:48:18.621-0400] {processor.py:161} INFO - Started process (PID=46742) to work on /Users/vionasanda/Projects/netflix-retention-project/venv/lib/python3.9/site-packages/airflow/example_dags/example_xcomargs.py
[2025-06-05T13:48:18.623-0400] {processor.py:830} INFO - Processing file /Users/vionasanda/Projects/netflix-retention-project/venv/lib/python3.9/site-packages/airflow/example_dags/example_xcomargs.py for tasks to queue
[2025-06-05T13:48:18.623-0400] {logging_mixin.py:188} INFO - [2025-06-05T13:48:18.623-0400] {dagbag.py:538} INFO - Filling up the DagBag from /Users/vionasanda/Projects/netflix-retention-project/venv/lib/python3.9/site-packages/airflow/example_dags/example_xcomargs.py
[2025-06-05T13:48:18.639-0400] {processor.py:840} INFO - DAG(s) 'example_xcom_args', 'example_xcom_args_with_operators' retrieved from /Users/vionasanda/Projects/netflix-retention-project/venv/lib/python3.9/site-packages/airflow/example_dags/example_xcomargs.py
[2025-06-05T13:48:18.684-0400] {logging_mixin.py:188} INFO - [2025-06-05T13:48:18.684-0400] {dag.py:3036} INFO - Sync 2 DAGs
[2025-06-05T13:48:18.688-0400] {logging_mixin.py:188} INFO - [2025-06-05T13:48:18.688-0400] {dag.py:3823} INFO - Setting next_dagrun for example_xcom_args to None, run_after=None
[2025-06-05T13:48:18.689-0400] {logging_mixin.py:188} INFO - [2025-06-05T13:48:18.689-0400] {dag.py:3823} INFO - Setting next_dagrun for example_xcom_args_with_operators to None, run_after=None
[2025-06-05T13:48:18.699-0400] {processor.py:183} INFO - Processing /Users/vionasanda/Projects/netflix-retention-project/venv/lib/python3.9/site-packages/airflow/example_dags/example_xcomargs.py took 0.079 seconds
[2025-06-05T13:49:14.739-0400] {processor.py:161} INFO - Started process (PID=46808) to work on /Users/vionasanda/Projects/netflix-retention-project/venv/lib/python3.9/site-packages/airflow/example_dags/example_xcomargs.py
[2025-06-05T13:49:14.741-0400] {processor.py:830} INFO - Processing file /Users/vionasanda/Projects/netflix-retention-project/venv/lib/python3.9/site-packages/airflow/example_dags/example_xcomargs.py for tasks to queue
[2025-06-05T13:49:14.741-0400] {logging_mixin.py:188} INFO - [2025-06-05T13:49:14.741-0400] {dagbag.py:538} INFO - Filling up the DagBag from /Users/vionasanda/Projects/netflix-retention-project/venv/lib/python3.9/site-packages/airflow/example_dags/example_xcomargs.py
[2025-06-05T13:49:14.759-0400] {processor.py:840} INFO - DAG(s) 'example_xcom_args', 'example_xcom_args_with_operators' retrieved from /Users/vionasanda/Projects/netflix-retention-project/venv/lib/python3.9/site-packages/airflow/example_dags/example_xcomargs.py
[2025-06-05T13:49:14.806-0400] {logging_mixin.py:188} INFO - [2025-06-05T13:49:14.806-0400] {dag.py:3036} INFO - Sync 2 DAGs
[2025-06-05T13:49:14.810-0400] {logging_mixin.py:188} INFO - [2025-06-05T13:49:14.810-0400] {dag.py:3823} INFO - Setting next_dagrun for example_xcom_args to None, run_after=None
[2025-06-05T13:49:14.811-0400] {logging_mixin.py:188} INFO - [2025-06-05T13:49:14.811-0400] {dag.py:3823} INFO - Setting next_dagrun for example_xcom_args_with_operators to None, run_after=None
[2025-06-05T13:49:14.817-0400] {processor.py:183} INFO - Processing /Users/vionasanda/Projects/netflix-retention-project/venv/lib/python3.9/site-packages/airflow/example_dags/example_xcomargs.py took 0.079 seconds
[2025-06-05T13:50:07.032-0400] {processor.py:161} INFO - Started process (PID=46857) to work on /Users/vionasanda/Projects/netflix-retention-project/venv/lib/python3.9/site-packages/airflow/example_dags/example_xcomargs.py
[2025-06-05T13:50:07.034-0400] {processor.py:830} INFO - Processing file /Users/vionasanda/Projects/netflix-retention-project/venv/lib/python3.9/site-packages/airflow/example_dags/example_xcomargs.py for tasks to queue
[2025-06-05T13:50:07.034-0400] {logging_mixin.py:188} INFO - [2025-06-05T13:50:07.034-0400] {dagbag.py:538} INFO - Filling up the DagBag from /Users/vionasanda/Projects/netflix-retention-project/venv/lib/python3.9/site-packages/airflow/example_dags/example_xcomargs.py
[2025-06-05T13:50:07.051-0400] {processor.py:840} INFO - DAG(s) 'example_xcom_args_with_operators', 'example_xcom_args' retrieved from /Users/vionasanda/Projects/netflix-retention-project/venv/lib/python3.9/site-packages/airflow/example_dags/example_xcomargs.py
[2025-06-05T13:50:07.095-0400] {logging_mixin.py:188} INFO - [2025-06-05T13:50:07.094-0400] {dag.py:3036} INFO - Sync 2 DAGs
[2025-06-05T13:50:07.098-0400] {logging_mixin.py:188} INFO - [2025-06-05T13:50:07.098-0400] {dag.py:3823} INFO - Setting next_dagrun for example_xcom_args to None, run_after=None
[2025-06-05T13:50:07.099-0400] {logging_mixin.py:188} INFO - [2025-06-05T13:50:07.099-0400] {dag.py:3823} INFO - Setting next_dagrun for example_xcom_args_with_operators to None, run_after=None
[2025-06-05T13:50:07.105-0400] {processor.py:183} INFO - Processing /Users/vionasanda/Projects/netflix-retention-project/venv/lib/python3.9/site-packages/airflow/example_dags/example_xcomargs.py took 0.074 seconds
[2025-06-05T14:03:01.783-0400] {processor.py:161} INFO - Started process (PID=49522) to work on /Users/vionasanda/Projects/netflix-retention-project/venv/lib/python3.9/site-packages/airflow/example_dags/example_xcomargs.py
[2025-06-05T14:03:01.785-0400] {processor.py:830} INFO - Processing file /Users/vionasanda/Projects/netflix-retention-project/venv/lib/python3.9/site-packages/airflow/example_dags/example_xcomargs.py for tasks to queue
[2025-06-05T14:03:01.785-0400] {logging_mixin.py:188} INFO - [2025-06-05T14:03:01.785-0400] {dagbag.py:538} INFO - Filling up the DagBag from /Users/vionasanda/Projects/netflix-retention-project/venv/lib/python3.9/site-packages/airflow/example_dags/example_xcomargs.py
[2025-06-05T14:03:01.801-0400] {processor.py:840} INFO - DAG(s) 'example_xcom_args', 'example_xcom_args_with_operators' retrieved from /Users/vionasanda/Projects/netflix-retention-project/venv/lib/python3.9/site-packages/airflow/example_dags/example_xcomargs.py
[2025-06-05T14:03:01.884-0400] {logging_mixin.py:188} INFO - [2025-06-05T14:03:01.884-0400] {dag.py:3036} INFO - Sync 2 DAGs
[2025-06-05T14:03:01.888-0400] {logging_mixin.py:188} INFO - [2025-06-05T14:03:01.888-0400] {dag.py:3823} INFO - Setting next_dagrun for example_xcom_args to None, run_after=None
[2025-06-05T14:03:01.889-0400] {logging_mixin.py:188} INFO - [2025-06-05T14:03:01.889-0400] {dag.py:3823} INFO - Setting next_dagrun for example_xcom_args_with_operators to None, run_after=None
[2025-06-05T14:03:01.895-0400] {processor.py:183} INFO - Processing /Users/vionasanda/Projects/netflix-retention-project/venv/lib/python3.9/site-packages/airflow/example_dags/example_xcomargs.py took 0.112 seconds
