[2025-06-05T13:46:56.118-0400] {processor.py:161} INFO - Started process (PID=46677) to work on /Users/vionasanda/Projects/netflix-retention-project/venv/lib/python3.9/site-packages/airflow/example_dags/example_xcom.py
[2025-06-05T13:46:56.119-0400] {processor.py:830} INFO - Processing file /Users/vionasanda/Projects/netflix-retention-project/venv/lib/python3.9/site-packages/airflow/example_dags/example_xcom.py for tasks to queue
[2025-06-05T13:46:56.119-0400] {logging_mixin.py:188} INFO - [2025-06-05T13:46:56.119-0400] {dagbag.py:538} INFO - Filling up the DagBag from /Users/vionasanda/Projects/netflix-retention-project/venv/lib/python3.9/site-packages/airflow/example_dags/example_xcom.py
[2025-06-05T13:46:56.135-0400] {processor.py:840} INFO - DAG(s) 'example_xcom' retrieved from /Users/vionasanda/Projects/netflix-retention-project/venv/lib/python3.9/site-packages/airflow/example_dags/example_xcom.py
[2025-06-05T13:46:56.212-0400] {logging_mixin.py:188} INFO - [2025-06-05T13:46:56.212-0400] {override.py:1769} INFO - Created Permission View: can delete on DAG:example_xcom
[2025-06-05T13:46:56.215-0400] {logging_mixin.py:188} INFO - [2025-06-05T13:46:56.215-0400] {override.py:1769} INFO - Created Permission View: can read on DAG:example_xcom
[2025-06-05T13:46:56.217-0400] {logging_mixin.py:188} INFO - [2025-06-05T13:46:56.217-0400] {override.py:1769} INFO - Created Permission View: can edit on DAG:example_xcom
[2025-06-05T13:46:56.217-0400] {logging_mixin.py:188} INFO - [2025-06-05T13:46:56.217-0400] {dag.py:3036} INFO - Sync 1 DAGs
[2025-06-05T13:46:56.221-0400] {logging_mixin.py:188} INFO - [2025-06-05T13:46:56.221-0400] {dag.py:3058} INFO - Creating ORM DAG for example_xcom
[2025-06-05T13:46:56.224-0400] {logging_mixin.py:188} INFO - [2025-06-05T13:46:56.224-0400] {dag.py:3823} INFO - Setting next_dagrun for example_xcom to 2021-01-01 00:00:00+00:00, run_after=2021-01-01 00:00:00+00:00
[2025-06-05T13:46:56.230-0400] {processor.py:183} INFO - Processing /Users/vionasanda/Projects/netflix-retention-project/venv/lib/python3.9/site-packages/airflow/example_dags/example_xcom.py took 0.113 seconds
[2025-06-05T13:48:20.508-0400] {processor.py:161} INFO - Started process (PID=46743) to work on /Users/vionasanda/Projects/netflix-retention-project/venv/lib/python3.9/site-packages/airflow/example_dags/example_xcom.py
[2025-06-05T13:48:20.510-0400] {processor.py:830} INFO - Processing file /Users/vionasanda/Projects/netflix-retention-project/venv/lib/python3.9/site-packages/airflow/example_dags/example_xcom.py for tasks to queue
[2025-06-05T13:48:20.511-0400] {logging_mixin.py:188} INFO - [2025-06-05T13:48:20.511-0400] {dagbag.py:538} INFO - Filling up the DagBag from /Users/vionasanda/Projects/netflix-retention-project/venv/lib/python3.9/site-packages/airflow/example_dags/example_xcom.py
[2025-06-05T13:48:20.528-0400] {processor.py:840} INFO - DAG(s) 'example_xcom' retrieved from /Users/vionasanda/Projects/netflix-retention-project/venv/lib/python3.9/site-packages/airflow/example_dags/example_xcom.py
[2025-06-05T13:48:20.573-0400] {logging_mixin.py:188} INFO - [2025-06-05T13:48:20.572-0400] {dag.py:3036} INFO - Sync 1 DAGs
[2025-06-05T13:48:20.579-0400] {logging_mixin.py:188} INFO - [2025-06-05T13:48:20.579-0400] {dag.py:3823} INFO - Setting next_dagrun for example_xcom to 2021-01-01 00:00:00+00:00, run_after=2021-01-01 00:00:00+00:00
[2025-06-05T13:48:20.587-0400] {processor.py:183} INFO - Processing /Users/vionasanda/Projects/netflix-retention-project/venv/lib/python3.9/site-packages/airflow/example_dags/example_xcom.py took 0.079 seconds
[2025-06-05T13:49:16.636-0400] {processor.py:161} INFO - Started process (PID=46815) to work on /Users/vionasanda/Projects/netflix-retention-project/venv/lib/python3.9/site-packages/airflow/example_dags/example_xcom.py
[2025-06-05T13:49:16.637-0400] {processor.py:830} INFO - Processing file /Users/vionasanda/Projects/netflix-retention-project/venv/lib/python3.9/site-packages/airflow/example_dags/example_xcom.py for tasks to queue
[2025-06-05T13:49:16.638-0400] {logging_mixin.py:188} INFO - [2025-06-05T13:49:16.638-0400] {dagbag.py:538} INFO - Filling up the DagBag from /Users/vionasanda/Projects/netflix-retention-project/venv/lib/python3.9/site-packages/airflow/example_dags/example_xcom.py
[2025-06-05T13:49:16.654-0400] {processor.py:840} INFO - DAG(s) 'example_xcom' retrieved from /Users/vionasanda/Projects/netflix-retention-project/venv/lib/python3.9/site-packages/airflow/example_dags/example_xcom.py
[2025-06-05T13:49:16.696-0400] {logging_mixin.py:188} INFO - [2025-06-05T13:49:16.696-0400] {dag.py:3036} INFO - Sync 1 DAGs
[2025-06-05T13:49:16.701-0400] {logging_mixin.py:188} INFO - [2025-06-05T13:49:16.701-0400] {dag.py:3823} INFO - Setting next_dagrun for example_xcom to 2021-01-01 00:00:00+00:00, run_after=2021-01-01 00:00:00+00:00
[2025-06-05T13:49:16.708-0400] {processor.py:183} INFO - Processing /Users/vionasanda/Projects/netflix-retention-project/venv/lib/python3.9/site-packages/airflow/example_dags/example_xcom.py took 0.073 seconds
[2025-06-05T13:50:08.883-0400] {processor.py:161} INFO - Started process (PID=46858) to work on /Users/vionasanda/Projects/netflix-retention-project/venv/lib/python3.9/site-packages/airflow/example_dags/example_xcom.py
[2025-06-05T13:50:08.885-0400] {processor.py:830} INFO - Processing file /Users/vionasanda/Projects/netflix-retention-project/venv/lib/python3.9/site-packages/airflow/example_dags/example_xcom.py for tasks to queue
[2025-06-05T13:50:08.885-0400] {logging_mixin.py:188} INFO - [2025-06-05T13:50:08.885-0400] {dagbag.py:538} INFO - Filling up the DagBag from /Users/vionasanda/Projects/netflix-retention-project/venv/lib/python3.9/site-packages/airflow/example_dags/example_xcom.py
[2025-06-05T13:50:08.900-0400] {processor.py:840} INFO - DAG(s) 'example_xcom' retrieved from /Users/vionasanda/Projects/netflix-retention-project/venv/lib/python3.9/site-packages/airflow/example_dags/example_xcom.py
[2025-06-05T13:50:08.943-0400] {logging_mixin.py:188} INFO - [2025-06-05T13:50:08.943-0400] {dag.py:3036} INFO - Sync 1 DAGs
[2025-06-05T13:50:08.949-0400] {logging_mixin.py:188} INFO - [2025-06-05T13:50:08.949-0400] {dag.py:3823} INFO - Setting next_dagrun for example_xcom to 2021-01-01 00:00:00+00:00, run_after=2021-01-01 00:00:00+00:00
[2025-06-05T13:50:08.956-0400] {processor.py:183} INFO - Processing /Users/vionasanda/Projects/netflix-retention-project/venv/lib/python3.9/site-packages/airflow/example_dags/example_xcom.py took 0.073 seconds
[2025-06-05T14:03:03.738-0400] {processor.py:161} INFO - Started process (PID=49523) to work on /Users/vionasanda/Projects/netflix-retention-project/venv/lib/python3.9/site-packages/airflow/example_dags/example_xcom.py
[2025-06-05T14:03:03.739-0400] {processor.py:830} INFO - Processing file /Users/vionasanda/Projects/netflix-retention-project/venv/lib/python3.9/site-packages/airflow/example_dags/example_xcom.py for tasks to queue
[2025-06-05T14:03:03.739-0400] {logging_mixin.py:188} INFO - [2025-06-05T14:03:03.739-0400] {dagbag.py:538} INFO - Filling up the DagBag from /Users/vionasanda/Projects/netflix-retention-project/venv/lib/python3.9/site-packages/airflow/example_dags/example_xcom.py
[2025-06-05T14:03:03.756-0400] {processor.py:840} INFO - DAG(s) 'example_xcom' retrieved from /Users/vionasanda/Projects/netflix-retention-project/venv/lib/python3.9/site-packages/airflow/example_dags/example_xcom.py
[2025-06-05T14:03:03.830-0400] {logging_mixin.py:188} INFO - [2025-06-05T14:03:03.830-0400] {dag.py:3036} INFO - Sync 1 DAGs
[2025-06-05T14:03:03.836-0400] {logging_mixin.py:188} INFO - [2025-06-05T14:03:03.836-0400] {dag.py:3823} INFO - Setting next_dagrun for example_xcom to 2021-01-01 00:00:00+00:00, run_after=2021-01-01 00:00:00+00:00
[2025-06-05T14:03:03.843-0400] {processor.py:183} INFO - Processing /Users/vionasanda/Projects/netflix-retention-project/venv/lib/python3.9/site-packages/airflow/example_dags/example_xcom.py took 0.106 seconds
