[2025-06-05T13:47:18.811-0400] {processor.py:161} INFO - Started process (PID=46703) to work on /Users/vionasanda/Projects/netflix-retention-project/venv/lib/python3.9/site-packages/airflow/example_dags/example_sensors.py
[2025-06-05T13:47:18.812-0400] {processor.py:830} INFO - Processing file /Users/vionasanda/Projects/netflix-retention-project/venv/lib/python3.9/site-packages/airflow/example_dags/example_sensors.py for tasks to queue
[2025-06-05T13:47:18.812-0400] {logging_mixin.py:188} INFO - [2025-06-05T13:47:18.812-0400] {dagbag.py:538} INFO - Filling up the DagBag from /Users/vionasanda/Projects/netflix-retention-project/venv/lib/python3.9/site-packages/airflow/example_dags/example_sensors.py
[2025-06-05T13:47:18.818-0400] {processor.py:840} INFO - DAG(s) 'example_sensors' retrieved from /Users/vionasanda/Projects/netflix-retention-project/venv/lib/python3.9/site-packages/airflow/example_dags/example_sensors.py
[2025-06-05T13:47:18.902-0400] {logging_mixin.py:188} INFO - [2025-06-05T13:47:18.902-0400] {override.py:1769} INFO - Created Permission View: can read on DAG:example_sensors
[2025-06-05T13:47:18.905-0400] {logging_mixin.py:188} INFO - [2025-06-05T13:47:18.905-0400] {override.py:1769} INFO - Created Permission View: can delete on DAG:example_sensors
[2025-06-05T13:47:18.907-0400] {logging_mixin.py:188} INFO - [2025-06-05T13:47:18.907-0400] {override.py:1769} INFO - Created Permission View: can edit on DAG:example_sensors
[2025-06-05T13:47:18.907-0400] {logging_mixin.py:188} INFO - [2025-06-05T13:47:18.907-0400] {dag.py:3036} INFO - Sync 1 DAGs
[2025-06-05T13:47:18.911-0400] {logging_mixin.py:188} INFO - [2025-06-05T13:47:18.911-0400] {dag.py:3058} INFO - Creating ORM DAG for example_sensors
[2025-06-05T13:47:18.912-0400] {logging_mixin.py:188} INFO - [2025-06-05T13:47:18.912-0400] {dag.py:3823} INFO - Setting next_dagrun for example_sensors to None, run_after=None
[2025-06-05T13:47:18.918-0400] {processor.py:183} INFO - Processing /Users/vionasanda/Projects/netflix-retention-project/venv/lib/python3.9/site-packages/airflow/example_dags/example_sensors.py took 0.107 seconds
[2025-06-05T13:48:43.154-0400] {processor.py:161} INFO - Started process (PID=46763) to work on /Users/vionasanda/Projects/netflix-retention-project/venv/lib/python3.9/site-packages/airflow/example_dags/example_sensors.py
[2025-06-05T13:48:43.155-0400] {processor.py:830} INFO - Processing file /Users/vionasanda/Projects/netflix-retention-project/venv/lib/python3.9/site-packages/airflow/example_dags/example_sensors.py for tasks to queue
[2025-06-05T13:48:43.155-0400] {logging_mixin.py:188} INFO - [2025-06-05T13:48:43.155-0400] {dagbag.py:538} INFO - Filling up the DagBag from /Users/vionasanda/Projects/netflix-retention-project/venv/lib/python3.9/site-packages/airflow/example_dags/example_sensors.py
[2025-06-05T13:48:43.162-0400] {processor.py:840} INFO - DAG(s) 'example_sensors' retrieved from /Users/vionasanda/Projects/netflix-retention-project/venv/lib/python3.9/site-packages/airflow/example_dags/example_sensors.py
[2025-06-05T13:48:43.212-0400] {logging_mixin.py:188} INFO - [2025-06-05T13:48:43.212-0400] {dag.py:3036} INFO - Sync 1 DAGs
[2025-06-05T13:48:43.216-0400] {logging_mixin.py:188} INFO - [2025-06-05T13:48:43.216-0400] {dag.py:3823} INFO - Setting next_dagrun for example_sensors to None, run_after=None
[2025-06-05T13:48:43.222-0400] {processor.py:183} INFO - Processing /Users/vionasanda/Projects/netflix-retention-project/venv/lib/python3.9/site-packages/airflow/example_dags/example_sensors.py took 0.069 seconds
[2025-06-05T13:50:32.062-0400] {processor.py:161} INFO - Started process (PID=46939) to work on /Users/vionasanda/Projects/netflix-retention-project/venv/lib/python3.9/site-packages/airflow/example_dags/example_sensors.py
[2025-06-05T13:50:32.064-0400] {processor.py:830} INFO - Processing file /Users/vionasanda/Projects/netflix-retention-project/venv/lib/python3.9/site-packages/airflow/example_dags/example_sensors.py for tasks to queue
[2025-06-05T13:50:32.064-0400] {logging_mixin.py:188} INFO - [2025-06-05T13:50:32.064-0400] {dagbag.py:538} INFO - Filling up the DagBag from /Users/vionasanda/Projects/netflix-retention-project/venv/lib/python3.9/site-packages/airflow/example_dags/example_sensors.py
[2025-06-05T13:50:32.070-0400] {processor.py:840} INFO - DAG(s) 'example_sensors' retrieved from /Users/vionasanda/Projects/netflix-retention-project/venv/lib/python3.9/site-packages/airflow/example_dags/example_sensors.py
[2025-06-05T13:50:32.120-0400] {logging_mixin.py:188} INFO - [2025-06-05T13:50:32.120-0400] {dag.py:3036} INFO - Sync 1 DAGs
[2025-06-05T13:50:32.124-0400] {logging_mixin.py:188} INFO - [2025-06-05T13:50:32.124-0400] {dag.py:3823} INFO - Setting next_dagrun for example_sensors to None, run_after=None
[2025-06-05T13:50:32.130-0400] {processor.py:183} INFO - Processing /Users/vionasanda/Projects/netflix-retention-project/venv/lib/python3.9/site-packages/airflow/example_dags/example_sensors.py took 0.068 seconds
[2025-06-05T14:03:28.795-0400] {processor.py:161} INFO - Started process (PID=49551) to work on /Users/vionasanda/Projects/netflix-retention-project/venv/lib/python3.9/site-packages/airflow/example_dags/example_sensors.py
[2025-06-05T14:03:28.796-0400] {processor.py:830} INFO - Processing file /Users/vionasanda/Projects/netflix-retention-project/venv/lib/python3.9/site-packages/airflow/example_dags/example_sensors.py for tasks to queue
[2025-06-05T14:03:28.797-0400] {logging_mixin.py:188} INFO - [2025-06-05T14:03:28.797-0400] {dagbag.py:538} INFO - Filling up the DagBag from /Users/vionasanda/Projects/netflix-retention-project/venv/lib/python3.9/site-packages/airflow/example_dags/example_sensors.py
[2025-06-05T14:03:28.802-0400] {processor.py:840} INFO - DAG(s) 'example_sensors' retrieved from /Users/vionasanda/Projects/netflix-retention-project/venv/lib/python3.9/site-packages/airflow/example_dags/example_sensors.py
[2025-06-05T14:03:28.884-0400] {logging_mixin.py:188} INFO - [2025-06-05T14:03:28.884-0400] {dag.py:3036} INFO - Sync 1 DAGs
[2025-06-05T14:03:28.888-0400] {logging_mixin.py:188} INFO - [2025-06-05T14:03:28.888-0400] {dag.py:3823} INFO - Setting next_dagrun for example_sensors to None, run_after=None
[2025-06-05T14:03:28.895-0400] {processor.py:183} INFO - Processing /Users/vionasanda/Projects/netflix-retention-project/venv/lib/python3.9/site-packages/airflow/example_dags/example_sensors.py took 0.101 seconds
