[2025-06-05T13:47:40.271-0400] {processor.py:161} INFO - Started process (PID=46717) to work on /Users/vionasanda/Projects/netflix-retention-project/venv/lib/python3.9/site-packages/airflow/example_dags/example_external_task_marker_dag.py
[2025-06-05T13:47:40.272-0400] {processor.py:830} INFO - Processing file /Users/vionasanda/Projects/netflix-retention-project/venv/lib/python3.9/site-packages/airflow/example_dags/example_external_task_marker_dag.py for tasks to queue
[2025-06-05T13:47:40.272-0400] {logging_mixin.py:188} INFO - [2025-06-05T13:47:40.272-0400] {dagbag.py:538} INFO - Filling up the DagBag from /Users/vionasanda/Projects/netflix-retention-project/venv/lib/python3.9/site-packages/airflow/example_dags/example_external_task_marker_dag.py
[2025-06-05T13:47:40.279-0400] {processor.py:840} INFO - DAG(s) 'example_external_task_marker_child', 'example_external_task_marker_parent' retrieved from /Users/vionasanda/Projects/netflix-retention-project/venv/lib/python3.9/site-packages/airflow/example_dags/example_external_task_marker_dag.py
[2025-06-05T13:47:40.369-0400] {logging_mixin.py:188} INFO - [2025-06-05T13:47:40.369-0400] {override.py:1769} INFO - Created Permission View: can delete on DAG:example_external_task_marker_child
[2025-06-05T13:47:40.373-0400] {logging_mixin.py:188} INFO - [2025-06-05T13:47:40.372-0400] {override.py:1769} INFO - Created Permission View: can edit on DAG:example_external_task_marker_child
[2025-06-05T13:47:40.375-0400] {logging_mixin.py:188} INFO - [2025-06-05T13:47:40.375-0400] {override.py:1769} INFO - Created Permission View: can read on DAG:example_external_task_marker_child
[2025-06-05T13:47:40.379-0400] {logging_mixin.py:188} INFO - [2025-06-05T13:47:40.379-0400] {override.py:1769} INFO - Created Permission View: can delete on DAG:example_external_task_marker_parent
[2025-06-05T13:47:40.381-0400] {logging_mixin.py:188} INFO - [2025-06-05T13:47:40.381-0400] {override.py:1769} INFO - Created Permission View: can edit on DAG:example_external_task_marker_parent
[2025-06-05T13:47:40.383-0400] {logging_mixin.py:188} INFO - [2025-06-05T13:47:40.383-0400] {override.py:1769} INFO - Created Permission View: can read on DAG:example_external_task_marker_parent
[2025-06-05T13:47:40.383-0400] {logging_mixin.py:188} INFO - [2025-06-05T13:47:40.383-0400] {dag.py:3036} INFO - Sync 2 DAGs
[2025-06-05T13:47:40.388-0400] {logging_mixin.py:188} INFO - [2025-06-05T13:47:40.388-0400] {dag.py:3058} INFO - Creating ORM DAG for example_external_task_marker_parent
[2025-06-05T13:47:40.388-0400] {logging_mixin.py:188} INFO - [2025-06-05T13:47:40.388-0400] {dag.py:3058} INFO - Creating ORM DAG for example_external_task_marker_child
[2025-06-05T13:47:40.388-0400] {logging_mixin.py:188} INFO - [2025-06-05T13:47:40.388-0400] {dag.py:3823} INFO - Setting next_dagrun for example_external_task_marker_child to None, run_after=None
[2025-06-05T13:47:40.388-0400] {logging_mixin.py:188} INFO - [2025-06-05T13:47:40.388-0400] {dag.py:3823} INFO - Setting next_dagrun for example_external_task_marker_parent to None, run_after=None
[2025-06-05T13:47:40.395-0400] {processor.py:183} INFO - Processing /Users/vionasanda/Projects/netflix-retention-project/venv/lib/python3.9/site-packages/airflow/example_dags/example_external_task_marker_dag.py took 0.125 seconds
[2025-06-05T13:49:28.619-0400] {processor.py:161} INFO - Started process (PID=46832) to work on /Users/vionasanda/Projects/netflix-retention-project/venv/lib/python3.9/site-packages/airflow/example_dags/example_external_task_marker_dag.py
[2025-06-05T13:49:28.621-0400] {processor.py:830} INFO - Processing file /Users/vionasanda/Projects/netflix-retention-project/venv/lib/python3.9/site-packages/airflow/example_dags/example_external_task_marker_dag.py for tasks to queue
[2025-06-05T13:49:28.621-0400] {logging_mixin.py:188} INFO - [2025-06-05T13:49:28.621-0400] {dagbag.py:538} INFO - Filling up the DagBag from /Users/vionasanda/Projects/netflix-retention-project/venv/lib/python3.9/site-packages/airflow/example_dags/example_external_task_marker_dag.py
[2025-06-05T13:49:28.626-0400] {processor.py:840} INFO - DAG(s) 'example_external_task_marker_parent', 'example_external_task_marker_child' retrieved from /Users/vionasanda/Projects/netflix-retention-project/venv/lib/python3.9/site-packages/airflow/example_dags/example_external_task_marker_dag.py
[2025-06-05T13:49:28.675-0400] {logging_mixin.py:188} INFO - [2025-06-05T13:49:28.674-0400] {dag.py:3036} INFO - Sync 2 DAGs
[2025-06-05T13:49:28.678-0400] {logging_mixin.py:188} INFO - [2025-06-05T13:49:28.678-0400] {dag.py:3823} INFO - Setting next_dagrun for example_external_task_marker_child to None, run_after=None
[2025-06-05T13:49:28.679-0400] {logging_mixin.py:188} INFO - [2025-06-05T13:49:28.679-0400] {dag.py:3823} INFO - Setting next_dagrun for example_external_task_marker_parent to None, run_after=None
[2025-06-05T13:49:28.685-0400] {processor.py:183} INFO - Processing /Users/vionasanda/Projects/netflix-retention-project/venv/lib/python3.9/site-packages/airflow/example_dags/example_external_task_marker_dag.py took 0.066 seconds
