[2025-06-05T13:47:28.969-0400] {processor.py:161} INFO - Started process (PID=46711) to work on /Users/vionasanda/Projects/netflix-retention-project/venv/lib/python3.9/site-packages/airflow/example_dags/example_params_trigger_ui.py
[2025-06-05T13:47:28.970-0400] {processor.py:830} INFO - Processing file /Users/vionasanda/Projects/netflix-retention-project/venv/lib/python3.9/site-packages/airflow/example_dags/example_params_trigger_ui.py for tasks to queue
[2025-06-05T13:47:28.970-0400] {logging_mixin.py:188} INFO - [2025-06-05T13:47:28.970-0400] {dagbag.py:538} INFO - Filling up the DagBag from /Users/vionasanda/Projects/netflix-retention-project/venv/lib/python3.9/site-packages/airflow/example_dags/example_params_trigger_ui.py
[2025-06-05T13:47:28.988-0400] {processor.py:840} INFO - DAG(s) 'example_params_trigger_ui' retrieved from /Users/vionasanda/Projects/netflix-retention-project/venv/lib/python3.9/site-packages/airflow/example_dags/example_params_trigger_ui.py
[2025-06-05T13:47:29.074-0400] {logging_mixin.py:188} INFO - [2025-06-05T13:47:29.073-0400] {override.py:1769} INFO - Created Permission View: can delete on DAG:example_params_trigger_ui
[2025-06-05T13:47:29.077-0400] {logging_mixin.py:188} INFO - [2025-06-05T13:47:29.077-0400] {override.py:1769} INFO - Created Permission View: can edit on DAG:example_params_trigger_ui
[2025-06-05T13:47:29.079-0400] {logging_mixin.py:188} INFO - [2025-06-05T13:47:29.079-0400] {override.py:1769} INFO - Created Permission View: can read on DAG:example_params_trigger_ui
[2025-06-05T13:47:29.079-0400] {logging_mixin.py:188} INFO - [2025-06-05T13:47:29.079-0400] {dag.py:3036} INFO - Sync 1 DAGs
[2025-06-05T13:47:29.082-0400] {logging_mixin.py:188} INFO - [2025-06-05T13:47:29.082-0400] {dag.py:3058} INFO - Creating ORM DAG for example_params_trigger_ui
[2025-06-05T13:47:29.083-0400] {logging_mixin.py:188} INFO - [2025-06-05T13:47:29.083-0400] {dag.py:3823} INFO - Setting next_dagrun for example_params_trigger_ui to None, run_after=None
[2025-06-05T13:47:29.089-0400] {processor.py:183} INFO - Processing /Users/vionasanda/Projects/netflix-retention-project/venv/lib/python3.9/site-packages/airflow/example_dags/example_params_trigger_ui.py took 0.120 seconds
[2025-06-05T13:48:52.911-0400] {processor.py:161} INFO - Started process (PID=46770) to work on /Users/vionasanda/Projects/netflix-retention-project/venv/lib/python3.9/site-packages/airflow/example_dags/example_params_trigger_ui.py
[2025-06-05T13:48:52.912-0400] {processor.py:830} INFO - Processing file /Users/vionasanda/Projects/netflix-retention-project/venv/lib/python3.9/site-packages/airflow/example_dags/example_params_trigger_ui.py for tasks to queue
[2025-06-05T13:48:52.913-0400] {logging_mixin.py:188} INFO - [2025-06-05T13:48:52.913-0400] {dagbag.py:538} INFO - Filling up the DagBag from /Users/vionasanda/Projects/netflix-retention-project/venv/lib/python3.9/site-packages/airflow/example_dags/example_params_trigger_ui.py
[2025-06-05T13:48:52.932-0400] {processor.py:840} INFO - DAG(s) 'example_params_trigger_ui' retrieved from /Users/vionasanda/Projects/netflix-retention-project/venv/lib/python3.9/site-packages/airflow/example_dags/example_params_trigger_ui.py
[2025-06-05T13:48:52.989-0400] {logging_mixin.py:188} INFO - [2025-06-05T13:48:52.989-0400] {dag.py:3036} INFO - Sync 1 DAGs
[2025-06-05T13:48:52.993-0400] {logging_mixin.py:188} INFO - [2025-06-05T13:48:52.993-0400] {dag.py:3823} INFO - Setting next_dagrun for example_params_trigger_ui to None, run_after=None
[2025-06-05T13:48:53.005-0400] {processor.py:183} INFO - Processing /Users/vionasanda/Projects/netflix-retention-project/venv/lib/python3.9/site-packages/airflow/example_dags/example_params_trigger_ui.py took 0.094 seconds
[2025-06-05T13:50:40.825-0400] {processor.py:161} INFO - Started process (PID=47047) to work on /Users/vionasanda/Projects/netflix-retention-project/venv/lib/python3.9/site-packages/airflow/example_dags/example_params_trigger_ui.py
[2025-06-05T13:50:40.826-0400] {processor.py:830} INFO - Processing file /Users/vionasanda/Projects/netflix-retention-project/venv/lib/python3.9/site-packages/airflow/example_dags/example_params_trigger_ui.py for tasks to queue
[2025-06-05T13:50:40.827-0400] {logging_mixin.py:188} INFO - [2025-06-05T13:50:40.827-0400] {dagbag.py:538} INFO - Filling up the DagBag from /Users/vionasanda/Projects/netflix-retention-project/venv/lib/python3.9/site-packages/airflow/example_dags/example_params_trigger_ui.py
[2025-06-05T13:50:40.847-0400] {processor.py:840} INFO - DAG(s) 'example_params_trigger_ui' retrieved from /Users/vionasanda/Projects/netflix-retention-project/venv/lib/python3.9/site-packages/airflow/example_dags/example_params_trigger_ui.py
[2025-06-05T13:50:40.902-0400] {logging_mixin.py:188} INFO - [2025-06-05T13:50:40.902-0400] {dag.py:3036} INFO - Sync 1 DAGs
[2025-06-05T13:50:40.905-0400] {logging_mixin.py:188} INFO - [2025-06-05T13:50:40.905-0400] {dag.py:3823} INFO - Setting next_dagrun for example_params_trigger_ui to None, run_after=None
[2025-06-05T13:50:40.912-0400] {processor.py:183} INFO - Processing /Users/vionasanda/Projects/netflix-retention-project/venv/lib/python3.9/site-packages/airflow/example_dags/example_params_trigger_ui.py took 0.088 seconds
