[2025-06-05T13:47:06.009-0400] {processor.py:161} INFO - Started process (PID=46690) to work on /Users/vionasanda/Projects/netflix-retention-project/venv/lib/python3.9/site-packages/airflow/example_dags/example_subdag_operator.py
[2025-06-05T13:47:06.010-0400] {processor.py:830} INFO - Processing file /Users/vionasanda/Projects/netflix-retention-project/venv/lib/python3.9/site-packages/airflow/example_dags/example_subdag_operator.py for tasks to queue
[2025-06-05T13:47:06.010-0400] {logging_mixin.py:188} INFO - [2025-06-05T13:47:06.010-0400] {dagbag.py:538} INFO - Filling up the DagBag from /Users/vionasanda/Projects/netflix-retention-project/venv/lib/python3.9/site-packages/airflow/example_dags/example_subdag_operator.py
[2025-06-05T13:47:06.049-0400] {processor.py:840} INFO - DAG(s) 'example_subdag_operator.section-1', 'example_subdag_operator.section-2', 'example_subdag_operator' retrieved from /Users/vionasanda/Projects/netflix-retention-project/venv/lib/python3.9/site-packages/airflow/example_dags/example_subdag_operator.py
[2025-06-05T13:47:06.103-0400] {logging_mixin.py:188} INFO - [2025-06-05T13:47:06.103-0400] {override.py:1769} INFO - Created Permission View: can edit on DAG:example_subdag_operator
[2025-06-05T13:47:06.107-0400] {logging_mixin.py:188} INFO - [2025-06-05T13:47:06.106-0400] {override.py:1769} INFO - Created Permission View: can delete on DAG:example_subdag_operator
[2025-06-05T13:47:06.109-0400] {logging_mixin.py:188} INFO - [2025-06-05T13:47:06.108-0400] {override.py:1769} INFO - Created Permission View: can read on DAG:example_subdag_operator
[2025-06-05T13:47:06.109-0400] {logging_mixin.py:188} INFO - [2025-06-05T13:47:06.109-0400] {dag.py:3036} INFO - Sync 3 DAGs
[2025-06-05T13:47:06.113-0400] {logging_mixin.py:188} INFO - [2025-06-05T13:47:06.113-0400] {dag.py:3058} INFO - Creating ORM DAG for example_subdag_operator.section-1
[2025-06-05T13:47:06.113-0400] {logging_mixin.py:188} INFO - [2025-06-05T13:47:06.113-0400] {dag.py:3058} INFO - Creating ORM DAG for example_subdag_operator
[2025-06-05T13:47:06.113-0400] {logging_mixin.py:188} INFO - [2025-06-05T13:47:06.113-0400] {dag.py:3058} INFO - Creating ORM DAG for example_subdag_operator.section-2
[2025-06-05T13:47:06.116-0400] {logging_mixin.py:188} INFO - [2025-06-05T13:47:06.116-0400] {dag.py:3823} INFO - Setting next_dagrun for example_subdag_operator to 2022-01-01 00:00:00+00:00, run_after=2022-01-01 00:00:00+00:00
[2025-06-05T13:47:06.116-0400] {logging_mixin.py:188} INFO - [2025-06-05T13:47:06.116-0400] {dag.py:3823} INFO - Setting next_dagrun for example_subdag_operator.section-1 to None, run_after=None
[2025-06-05T13:47:06.116-0400] {logging_mixin.py:188} INFO - [2025-06-05T13:47:06.116-0400] {dag.py:3823} INFO - Setting next_dagrun for example_subdag_operator.section-2 to None, run_after=None
[2025-06-05T13:47:06.119-0400] {logging_mixin.py:188} INFO - [2025-06-05T13:47:06.119-0400] {dag.py:3036} INFO - Sync 2 DAGs
[2025-06-05T13:47:06.120-0400] {logging_mixin.py:188} INFO - [2025-06-05T13:47:06.120-0400] {dag.py:3823} INFO - Setting next_dagrun for example_subdag_operator.section-1 to None, run_after=None
[2025-06-05T13:47:06.121-0400] {logging_mixin.py:188} INFO - [2025-06-05T13:47:06.121-0400] {dag.py:3823} INFO - Setting next_dagrun for example_subdag_operator.section-2 to None, run_after=None
[2025-06-05T13:47:06.125-0400] {processor.py:183} INFO - Processing /Users/vionasanda/Projects/netflix-retention-project/venv/lib/python3.9/site-packages/airflow/example_dags/example_subdag_operator.py took 0.117 seconds
[2025-06-05T13:48:31.796-0400] {processor.py:161} INFO - Started process (PID=46750) to work on /Users/vionasanda/Projects/netflix-retention-project/venv/lib/python3.9/site-packages/airflow/example_dags/example_subdag_operator.py
[2025-06-05T13:48:31.798-0400] {processor.py:830} INFO - Processing file /Users/vionasanda/Projects/netflix-retention-project/venv/lib/python3.9/site-packages/airflow/example_dags/example_subdag_operator.py for tasks to queue
[2025-06-05T13:48:31.798-0400] {logging_mixin.py:188} INFO - [2025-06-05T13:48:31.798-0400] {dagbag.py:538} INFO - Filling up the DagBag from /Users/vionasanda/Projects/netflix-retention-project/venv/lib/python3.9/site-packages/airflow/example_dags/example_subdag_operator.py
[2025-06-05T13:48:31.836-0400] {processor.py:840} INFO - DAG(s) 'example_subdag_operator.section-1', 'example_subdag_operator.section-2', 'example_subdag_operator' retrieved from /Users/vionasanda/Projects/netflix-retention-project/venv/lib/python3.9/site-packages/airflow/example_dags/example_subdag_operator.py
[2025-06-05T13:48:31.856-0400] {logging_mixin.py:188} INFO - [2025-06-05T13:48:31.856-0400] {dag.py:3036} INFO - Sync 3 DAGs
[2025-06-05T13:48:31.862-0400] {logging_mixin.py:188} INFO - [2025-06-05T13:48:31.862-0400] {dag.py:3823} INFO - Setting next_dagrun for example_subdag_operator to 2022-01-01 00:00:00+00:00, run_after=2022-01-01 00:00:00+00:00
[2025-06-05T13:48:31.863-0400] {logging_mixin.py:188} INFO - [2025-06-05T13:48:31.863-0400] {dag.py:3823} INFO - Setting next_dagrun for example_subdag_operator.section-1 to None, run_after=None
[2025-06-05T13:48:31.864-0400] {logging_mixin.py:188} INFO - [2025-06-05T13:48:31.864-0400] {dag.py:3823} INFO - Setting next_dagrun for example_subdag_operator.section-2 to None, run_after=None
[2025-06-05T13:48:31.866-0400] {logging_mixin.py:188} INFO - [2025-06-05T13:48:31.865-0400] {dag.py:3036} INFO - Sync 2 DAGs
[2025-06-05T13:48:31.867-0400] {logging_mixin.py:188} INFO - [2025-06-05T13:48:31.867-0400] {dag.py:3823} INFO - Setting next_dagrun for example_subdag_operator.section-1 to None, run_after=None
[2025-06-05T13:48:31.867-0400] {logging_mixin.py:188} INFO - [2025-06-05T13:48:31.867-0400] {dag.py:3823} INFO - Setting next_dagrun for example_subdag_operator.section-2 to None, run_after=None
[2025-06-05T13:48:31.871-0400] {processor.py:183} INFO - Processing /Users/vionasanda/Projects/netflix-retention-project/venv/lib/python3.9/site-packages/airflow/example_dags/example_subdag_operator.py took 0.076 seconds
[2025-06-05T13:50:19.930-0400] {processor.py:161} INFO - Started process (PID=46866) to work on /Users/vionasanda/Projects/netflix-retention-project/venv/lib/python3.9/site-packages/airflow/example_dags/example_subdag_operator.py
[2025-06-05T13:50:19.932-0400] {processor.py:830} INFO - Processing file /Users/vionasanda/Projects/netflix-retention-project/venv/lib/python3.9/site-packages/airflow/example_dags/example_subdag_operator.py for tasks to queue
[2025-06-05T13:50:19.932-0400] {logging_mixin.py:188} INFO - [2025-06-05T13:50:19.932-0400] {dagbag.py:538} INFO - Filling up the DagBag from /Users/vionasanda/Projects/netflix-retention-project/venv/lib/python3.9/site-packages/airflow/example_dags/example_subdag_operator.py
[2025-06-05T13:50:19.969-0400] {processor.py:840} INFO - DAG(s) 'example_subdag_operator.section-1', 'example_subdag_operator.section-2', 'example_subdag_operator' retrieved from /Users/vionasanda/Projects/netflix-retention-project/venv/lib/python3.9/site-packages/airflow/example_dags/example_subdag_operator.py
[2025-06-05T13:50:19.989-0400] {logging_mixin.py:188} INFO - [2025-06-05T13:50:19.989-0400] {dag.py:3036} INFO - Sync 3 DAGs
[2025-06-05T13:50:19.995-0400] {logging_mixin.py:188} INFO - [2025-06-05T13:50:19.995-0400] {dag.py:3823} INFO - Setting next_dagrun for example_subdag_operator to 2022-01-01 00:00:00+00:00, run_after=2022-01-01 00:00:00+00:00
[2025-06-05T13:50:19.996-0400] {logging_mixin.py:188} INFO - [2025-06-05T13:50:19.996-0400] {dag.py:3823} INFO - Setting next_dagrun for example_subdag_operator.section-1 to None, run_after=None
[2025-06-05T13:50:19.996-0400] {logging_mixin.py:188} INFO - [2025-06-05T13:50:19.996-0400] {dag.py:3823} INFO - Setting next_dagrun for example_subdag_operator.section-2 to None, run_after=None
[2025-06-05T13:50:19.998-0400] {logging_mixin.py:188} INFO - [2025-06-05T13:50:19.998-0400] {dag.py:3036} INFO - Sync 2 DAGs
[2025-06-05T13:50:20.000-0400] {logging_mixin.py:188} INFO - [2025-06-05T13:50:20.000-0400] {dag.py:3823} INFO - Setting next_dagrun for example_subdag_operator.section-1 to None, run_after=None
[2025-06-05T13:50:20.000-0400] {logging_mixin.py:188} INFO - [2025-06-05T13:50:20.000-0400] {dag.py:3823} INFO - Setting next_dagrun for example_subdag_operator.section-2 to None, run_after=None
[2025-06-05T13:50:20.005-0400] {processor.py:183} INFO - Processing /Users/vionasanda/Projects/netflix-retention-project/venv/lib/python3.9/site-packages/airflow/example_dags/example_subdag_operator.py took 0.076 seconds
[2025-06-05T14:03:14.848-0400] {processor.py:161} INFO - Started process (PID=49531) to work on /Users/vionasanda/Projects/netflix-retention-project/venv/lib/python3.9/site-packages/airflow/example_dags/example_subdag_operator.py
[2025-06-05T14:03:14.851-0400] {processor.py:830} INFO - Processing file /Users/vionasanda/Projects/netflix-retention-project/venv/lib/python3.9/site-packages/airflow/example_dags/example_subdag_operator.py for tasks to queue
[2025-06-05T14:03:14.851-0400] {logging_mixin.py:188} INFO - [2025-06-05T14:03:14.851-0400] {dagbag.py:538} INFO - Filling up the DagBag from /Users/vionasanda/Projects/netflix-retention-project/venv/lib/python3.9/site-packages/airflow/example_dags/example_subdag_operator.py
[2025-06-05T14:03:14.896-0400] {processor.py:840} INFO - DAG(s) 'example_subdag_operator.section-1', 'example_subdag_operator.section-2', 'example_subdag_operator' retrieved from /Users/vionasanda/Projects/netflix-retention-project/venv/lib/python3.9/site-packages/airflow/example_dags/example_subdag_operator.py
[2025-06-05T14:03:14.957-0400] {logging_mixin.py:188} INFO - [2025-06-05T14:03:14.957-0400] {dag.py:3036} INFO - Sync 3 DAGs
[2025-06-05T14:03:14.964-0400] {logging_mixin.py:188} INFO - [2025-06-05T14:03:14.964-0400] {dag.py:3823} INFO - Setting next_dagrun for example_subdag_operator to 2022-01-01 00:00:00+00:00, run_after=2022-01-01 00:00:00+00:00
[2025-06-05T14:03:14.965-0400] {logging_mixin.py:188} INFO - [2025-06-05T14:03:14.964-0400] {dag.py:3823} INFO - Setting next_dagrun for example_subdag_operator.section-1 to None, run_after=None
[2025-06-05T14:03:14.965-0400] {logging_mixin.py:188} INFO - [2025-06-05T14:03:14.965-0400] {dag.py:3823} INFO - Setting next_dagrun for example_subdag_operator.section-2 to None, run_after=None
[2025-06-05T14:03:14.967-0400] {logging_mixin.py:188} INFO - [2025-06-05T14:03:14.967-0400] {dag.py:3036} INFO - Sync 2 DAGs
[2025-06-05T14:03:14.969-0400] {logging_mixin.py:188} INFO - [2025-06-05T14:03:14.969-0400] {dag.py:3823} INFO - Setting next_dagrun for example_subdag_operator.section-1 to None, run_after=None
[2025-06-05T14:03:14.969-0400] {logging_mixin.py:188} INFO - [2025-06-05T14:03:14.969-0400] {dag.py:3823} INFO - Setting next_dagrun for example_subdag_operator.section-2 to None, run_after=None
[2025-06-05T14:03:14.974-0400] {processor.py:183} INFO - Processing /Users/vionasanda/Projects/netflix-retention-project/venv/lib/python3.9/site-packages/airflow/example_dags/example_subdag_operator.py took 0.126 seconds
