[2025-06-05T13:46:50.249-0400] {processor.py:161} INFO - Started process (PID=46663) to work on /Users/vionasanda/Projects/netflix-retention-project/venv/lib/python3.9/site-packages/airflow/example_dags/tutorial_objectstorage.py
[2025-06-05T13:46:50.251-0400] {processor.py:830} INFO - Processing file /Users/vionasanda/Projects/netflix-retention-project/venv/lib/python3.9/site-packages/airflow/example_dags/tutorial_objectstorage.py for tasks to queue
[2025-06-05T13:46:50.251-0400] {logging_mixin.py:188} INFO - [2025-06-05T13:46:50.251-0400] {dagbag.py:538} INFO - Filling up the DagBag from /Users/vionasanda/Projects/netflix-retention-project/venv/lib/python3.9/site-packages/airflow/example_dags/tutorial_objectstorage.py
[2025-06-05T13:46:50.282-0400] {processor.py:840} INFO - DAG(s) 'tutorial_objectstorage' retrieved from /Users/vionasanda/Projects/netflix-retention-project/venv/lib/python3.9/site-packages/airflow/example_dags/tutorial_objectstorage.py
[2025-06-05T13:46:50.357-0400] {logging_mixin.py:188} INFO - [2025-06-05T13:46:50.357-0400] {override.py:1769} INFO - Created Permission View: can read on DAG:tutorial_objectstorage
[2025-06-05T13:46:50.360-0400] {logging_mixin.py:188} INFO - [2025-06-05T13:46:50.360-0400] {override.py:1769} INFO - Created Permission View: can delete on DAG:tutorial_objectstorage
[2025-06-05T13:46:50.362-0400] {logging_mixin.py:188} INFO - [2025-06-05T13:46:50.362-0400] {override.py:1769} INFO - Created Permission View: can edit on DAG:tutorial_objectstorage
[2025-06-05T13:46:50.362-0400] {logging_mixin.py:188} INFO - [2025-06-05T13:46:50.362-0400] {dag.py:3036} INFO - Sync 1 DAGs
[2025-06-05T13:46:50.365-0400] {logging_mixin.py:188} INFO - [2025-06-05T13:46:50.365-0400] {dag.py:3058} INFO - Creating ORM DAG for tutorial_objectstorage
[2025-06-05T13:46:50.366-0400] {logging_mixin.py:188} INFO - [2025-06-05T13:46:50.366-0400] {dag.py:3823} INFO - Setting next_dagrun for tutorial_objectstorage to None, run_after=None
[2025-06-05T13:46:50.372-0400] {processor.py:183} INFO - Processing /Users/vionasanda/Projects/netflix-retention-project/venv/lib/python3.9/site-packages/airflow/example_dags/tutorial_objectstorage.py took 0.123 seconds
[2025-06-05T13:48:13.870-0400] {processor.py:161} INFO - Started process (PID=46737) to work on /Users/vionasanda/Projects/netflix-retention-project/venv/lib/python3.9/site-packages/airflow/example_dags/tutorial_objectstorage.py
[2025-06-05T13:48:13.872-0400] {processor.py:830} INFO - Processing file /Users/vionasanda/Projects/netflix-retention-project/venv/lib/python3.9/site-packages/airflow/example_dags/tutorial_objectstorage.py for tasks to queue
[2025-06-05T13:48:13.872-0400] {logging_mixin.py:188} INFO - [2025-06-05T13:48:13.872-0400] {dagbag.py:538} INFO - Filling up the DagBag from /Users/vionasanda/Projects/netflix-retention-project/venv/lib/python3.9/site-packages/airflow/example_dags/tutorial_objectstorage.py
[2025-06-05T13:48:13.909-0400] {processor.py:840} INFO - DAG(s) 'tutorial_objectstorage' retrieved from /Users/vionasanda/Projects/netflix-retention-project/venv/lib/python3.9/site-packages/airflow/example_dags/tutorial_objectstorage.py
[2025-06-05T13:48:13.950-0400] {logging_mixin.py:188} INFO - [2025-06-05T13:48:13.950-0400] {dag.py:3036} INFO - Sync 1 DAGs
[2025-06-05T13:48:13.954-0400] {logging_mixin.py:188} INFO - [2025-06-05T13:48:13.954-0400] {dag.py:3823} INFO - Setting next_dagrun for tutorial_objectstorage to None, run_after=None
[2025-06-05T13:48:13.960-0400] {processor.py:183} INFO - Processing /Users/vionasanda/Projects/netflix-retention-project/venv/lib/python3.9/site-packages/airflow/example_dags/tutorial_objectstorage.py took 0.091 seconds
[2025-06-05T13:49:09.032-0400] {processor.py:161} INFO - Started process (PID=46796) to work on /Users/vionasanda/Projects/netflix-retention-project/venv/lib/python3.9/site-packages/airflow/example_dags/tutorial_objectstorage.py
[2025-06-05T13:49:09.034-0400] {processor.py:830} INFO - Processing file /Users/vionasanda/Projects/netflix-retention-project/venv/lib/python3.9/site-packages/airflow/example_dags/tutorial_objectstorage.py for tasks to queue
[2025-06-05T13:49:09.034-0400] {logging_mixin.py:188} INFO - [2025-06-05T13:49:09.034-0400] {dagbag.py:538} INFO - Filling up the DagBag from /Users/vionasanda/Projects/netflix-retention-project/venv/lib/python3.9/site-packages/airflow/example_dags/tutorial_objectstorage.py
[2025-06-05T13:49:09.069-0400] {processor.py:840} INFO - DAG(s) 'tutorial_objectstorage' retrieved from /Users/vionasanda/Projects/netflix-retention-project/venv/lib/python3.9/site-packages/airflow/example_dags/tutorial_objectstorage.py
[2025-06-05T13:49:09.110-0400] {logging_mixin.py:188} INFO - [2025-06-05T13:49:09.110-0400] {dag.py:3036} INFO - Sync 1 DAGs
[2025-06-05T13:49:09.114-0400] {logging_mixin.py:188} INFO - [2025-06-05T13:49:09.114-0400] {dag.py:3823} INFO - Setting next_dagrun for tutorial_objectstorage to None, run_after=None
[2025-06-05T13:49:09.120-0400] {processor.py:183} INFO - Processing /Users/vionasanda/Projects/netflix-retention-project/venv/lib/python3.9/site-packages/airflow/example_dags/tutorial_objectstorage.py took 0.089 seconds
[2025-06-05T13:50:01.470-0400] {processor.py:161} INFO - Started process (PID=46854) to work on /Users/vionasanda/Projects/netflix-retention-project/venv/lib/python3.9/site-packages/airflow/example_dags/tutorial_objectstorage.py
[2025-06-05T13:50:01.472-0400] {processor.py:830} INFO - Processing file /Users/vionasanda/Projects/netflix-retention-project/venv/lib/python3.9/site-packages/airflow/example_dags/tutorial_objectstorage.py for tasks to queue
[2025-06-05T13:50:01.472-0400] {logging_mixin.py:188} INFO - [2025-06-05T13:50:01.472-0400] {dagbag.py:538} INFO - Filling up the DagBag from /Users/vionasanda/Projects/netflix-retention-project/venv/lib/python3.9/site-packages/airflow/example_dags/tutorial_objectstorage.py
[2025-06-05T13:50:01.507-0400] {processor.py:840} INFO - DAG(s) 'tutorial_objectstorage' retrieved from /Users/vionasanda/Projects/netflix-retention-project/venv/lib/python3.9/site-packages/airflow/example_dags/tutorial_objectstorage.py
[2025-06-05T13:50:01.548-0400] {logging_mixin.py:188} INFO - [2025-06-05T13:50:01.548-0400] {dag.py:3036} INFO - Sync 1 DAGs
[2025-06-05T13:50:01.552-0400] {logging_mixin.py:188} INFO - [2025-06-05T13:50:01.552-0400] {dag.py:3823} INFO - Setting next_dagrun for tutorial_objectstorage to None, run_after=None
[2025-06-05T13:50:01.558-0400] {processor.py:183} INFO - Processing /Users/vionasanda/Projects/netflix-retention-project/venv/lib/python3.9/site-packages/airflow/example_dags/tutorial_objectstorage.py took 0.089 seconds
[2025-06-05T14:02:56.803-0400] {processor.py:161} INFO - Started process (PID=49519) to work on /Users/vionasanda/Projects/netflix-retention-project/venv/lib/python3.9/site-packages/airflow/example_dags/tutorial_objectstorage.py
[2025-06-05T14:02:56.805-0400] {processor.py:830} INFO - Processing file /Users/vionasanda/Projects/netflix-retention-project/venv/lib/python3.9/site-packages/airflow/example_dags/tutorial_objectstorage.py for tasks to queue
[2025-06-05T14:02:56.805-0400] {logging_mixin.py:188} INFO - [2025-06-05T14:02:56.805-0400] {dagbag.py:538} INFO - Filling up the DagBag from /Users/vionasanda/Projects/netflix-retention-project/venv/lib/python3.9/site-packages/airflow/example_dags/tutorial_objectstorage.py
[2025-06-05T14:02:56.836-0400] {processor.py:840} INFO - DAG(s) 'tutorial_objectstorage' retrieved from /Users/vionasanda/Projects/netflix-retention-project/venv/lib/python3.9/site-packages/airflow/example_dags/tutorial_objectstorage.py
[2025-06-05T14:02:56.910-0400] {logging_mixin.py:188} INFO - [2025-06-05T14:02:56.909-0400] {dag.py:3036} INFO - Sync 1 DAGs
[2025-06-05T14:02:56.913-0400] {logging_mixin.py:188} INFO - [2025-06-05T14:02:56.913-0400] {dag.py:3823} INFO - Setting next_dagrun for tutorial_objectstorage to None, run_after=None
[2025-06-05T14:02:56.921-0400] {processor.py:183} INFO - Processing /Users/vionasanda/Projects/netflix-retention-project/venv/lib/python3.9/site-packages/airflow/example_dags/tutorial_objectstorage.py took 0.118 seconds
