[2025-06-05T13:46:48.301-0400] {processor.py:161} INFO - Started process (PID=46661) to work on /Users/vionasanda/Projects/netflix-retention-project/venv/lib/python3.9/site-packages/airflow/example_dags/tutorial_taskflow_api.py
[2025-06-05T13:46:48.302-0400] {processor.py:830} INFO - Processing file /Users/vionasanda/Projects/netflix-retention-project/venv/lib/python3.9/site-packages/airflow/example_dags/tutorial_taskflow_api.py for tasks to queue
[2025-06-05T13:46:48.302-0400] {logging_mixin.py:188} INFO - [2025-06-05T13:46:48.302-0400] {dagbag.py:538} INFO - Filling up the DagBag from /Users/vionasanda/Projects/netflix-retention-project/venv/lib/python3.9/site-packages/airflow/example_dags/tutorial_taskflow_api.py
[2025-06-05T13:46:48.320-0400] {processor.py:840} INFO - DAG(s) 'tutorial_taskflow_api' retrieved from /Users/vionasanda/Projects/netflix-retention-project/venv/lib/python3.9/site-packages/airflow/example_dags/tutorial_taskflow_api.py
[2025-06-05T13:46:48.412-0400] {logging_mixin.py:188} INFO - [2025-06-05T13:46:48.412-0400] {override.py:1769} INFO - Created Permission View: can read on DAG:tutorial_taskflow_api
[2025-06-05T13:46:48.415-0400] {logging_mixin.py:188} INFO - [2025-06-05T13:46:48.415-0400] {override.py:1769} INFO - Created Permission View: can delete on DAG:tutorial_taskflow_api
[2025-06-05T13:46:48.417-0400] {logging_mixin.py:188} INFO - [2025-06-05T13:46:48.417-0400] {override.py:1769} INFO - Created Permission View: can edit on DAG:tutorial_taskflow_api
[2025-06-05T13:46:48.417-0400] {logging_mixin.py:188} INFO - [2025-06-05T13:46:48.417-0400] {dag.py:3036} INFO - Sync 1 DAGs
[2025-06-05T13:46:48.421-0400] {logging_mixin.py:188} INFO - [2025-06-05T13:46:48.421-0400] {dag.py:3058} INFO - Creating ORM DAG for tutorial_taskflow_api
[2025-06-05T13:46:48.421-0400] {logging_mixin.py:188} INFO - [2025-06-05T13:46:48.421-0400] {dag.py:3823} INFO - Setting next_dagrun for tutorial_taskflow_api to None, run_after=None
[2025-06-05T13:46:48.427-0400] {processor.py:183} INFO - Processing /Users/vionasanda/Projects/netflix-retention-project/venv/lib/python3.9/site-packages/airflow/example_dags/tutorial_taskflow_api.py took 0.126 seconds
[2025-06-05T13:48:12.749-0400] {processor.py:161} INFO - Started process (PID=46736) to work on /Users/vionasanda/Projects/netflix-retention-project/venv/lib/python3.9/site-packages/airflow/example_dags/tutorial_taskflow_api.py
[2025-06-05T13:48:12.751-0400] {processor.py:830} INFO - Processing file /Users/vionasanda/Projects/netflix-retention-project/venv/lib/python3.9/site-packages/airflow/example_dags/tutorial_taskflow_api.py for tasks to queue
[2025-06-05T13:48:12.752-0400] {logging_mixin.py:188} INFO - [2025-06-05T13:48:12.752-0400] {dagbag.py:538} INFO - Filling up the DagBag from /Users/vionasanda/Projects/netflix-retention-project/venv/lib/python3.9/site-packages/airflow/example_dags/tutorial_taskflow_api.py
[2025-06-05T13:48:12.769-0400] {processor.py:840} INFO - DAG(s) 'tutorial_taskflow_api' retrieved from /Users/vionasanda/Projects/netflix-retention-project/venv/lib/python3.9/site-packages/airflow/example_dags/tutorial_taskflow_api.py
[2025-06-05T13:48:12.821-0400] {logging_mixin.py:188} INFO - [2025-06-05T13:48:12.821-0400] {dag.py:3036} INFO - Sync 1 DAGs
[2025-06-05T13:48:12.824-0400] {logging_mixin.py:188} INFO - [2025-06-05T13:48:12.824-0400] {dag.py:3823} INFO - Setting next_dagrun for tutorial_taskflow_api to None, run_after=None
[2025-06-05T13:48:12.831-0400] {processor.py:183} INFO - Processing /Users/vionasanda/Projects/netflix-retention-project/venv/lib/python3.9/site-packages/airflow/example_dags/tutorial_taskflow_api.py took 0.082 seconds
[2025-06-05T13:49:07.117-0400] {processor.py:161} INFO - Started process (PID=46792) to work on /Users/vionasanda/Projects/netflix-retention-project/venv/lib/python3.9/site-packages/airflow/example_dags/tutorial_taskflow_api.py
[2025-06-05T13:49:07.118-0400] {processor.py:830} INFO - Processing file /Users/vionasanda/Projects/netflix-retention-project/venv/lib/python3.9/site-packages/airflow/example_dags/tutorial_taskflow_api.py for tasks to queue
[2025-06-05T13:49:07.119-0400] {logging_mixin.py:188} INFO - [2025-06-05T13:49:07.119-0400] {dagbag.py:538} INFO - Filling up the DagBag from /Users/vionasanda/Projects/netflix-retention-project/venv/lib/python3.9/site-packages/airflow/example_dags/tutorial_taskflow_api.py
[2025-06-05T13:49:07.138-0400] {processor.py:840} INFO - DAG(s) 'tutorial_taskflow_api' retrieved from /Users/vionasanda/Projects/netflix-retention-project/venv/lib/python3.9/site-packages/airflow/example_dags/tutorial_taskflow_api.py
[2025-06-05T13:49:07.195-0400] {logging_mixin.py:188} INFO - [2025-06-05T13:49:07.195-0400] {dag.py:3036} INFO - Sync 1 DAGs
[2025-06-05T13:49:07.199-0400] {logging_mixin.py:188} INFO - [2025-06-05T13:49:07.199-0400] {dag.py:3823} INFO - Setting next_dagrun for tutorial_taskflow_api to None, run_after=None
[2025-06-05T13:49:07.208-0400] {processor.py:183} INFO - Processing /Users/vionasanda/Projects/netflix-retention-project/venv/lib/python3.9/site-packages/airflow/example_dags/tutorial_taskflow_api.py took 0.091 seconds
[2025-06-05T13:50:00.366-0400] {processor.py:161} INFO - Started process (PID=46852) to work on /Users/vionasanda/Projects/netflix-retention-project/venv/lib/python3.9/site-packages/airflow/example_dags/tutorial_taskflow_api.py
[2025-06-05T13:50:00.367-0400] {processor.py:830} INFO - Processing file /Users/vionasanda/Projects/netflix-retention-project/venv/lib/python3.9/site-packages/airflow/example_dags/tutorial_taskflow_api.py for tasks to queue
[2025-06-05T13:50:00.367-0400] {logging_mixin.py:188} INFO - [2025-06-05T13:50:00.367-0400] {dagbag.py:538} INFO - Filling up the DagBag from /Users/vionasanda/Projects/netflix-retention-project/venv/lib/python3.9/site-packages/airflow/example_dags/tutorial_taskflow_api.py
[2025-06-05T13:50:00.383-0400] {processor.py:840} INFO - DAG(s) 'tutorial_taskflow_api' retrieved from /Users/vionasanda/Projects/netflix-retention-project/venv/lib/python3.9/site-packages/airflow/example_dags/tutorial_taskflow_api.py
[2025-06-05T13:50:00.432-0400] {logging_mixin.py:188} INFO - [2025-06-05T13:50:00.432-0400] {dag.py:3036} INFO - Sync 1 DAGs
[2025-06-05T13:50:00.435-0400] {logging_mixin.py:188} INFO - [2025-06-05T13:50:00.435-0400] {dag.py:3823} INFO - Setting next_dagrun for tutorial_taskflow_api to None, run_after=None
[2025-06-05T13:50:00.442-0400] {processor.py:183} INFO - Processing /Users/vionasanda/Projects/netflix-retention-project/venv/lib/python3.9/site-packages/airflow/example_dags/tutorial_taskflow_api.py took 0.077 seconds
[2025-06-05T14:02:54.863-0400] {processor.py:161} INFO - Started process (PID=49514) to work on /Users/vionasanda/Projects/netflix-retention-project/venv/lib/python3.9/site-packages/airflow/example_dags/tutorial_taskflow_api.py
[2025-06-05T14:02:54.865-0400] {processor.py:830} INFO - Processing file /Users/vionasanda/Projects/netflix-retention-project/venv/lib/python3.9/site-packages/airflow/example_dags/tutorial_taskflow_api.py for tasks to queue
[2025-06-05T14:02:54.865-0400] {logging_mixin.py:188} INFO - [2025-06-05T14:02:54.865-0400] {dagbag.py:538} INFO - Filling up the DagBag from /Users/vionasanda/Projects/netflix-retention-project/venv/lib/python3.9/site-packages/airflow/example_dags/tutorial_taskflow_api.py
[2025-06-05T14:02:54.881-0400] {processor.py:840} INFO - DAG(s) 'tutorial_taskflow_api' retrieved from /Users/vionasanda/Projects/netflix-retention-project/venv/lib/python3.9/site-packages/airflow/example_dags/tutorial_taskflow_api.py
[2025-06-05T14:02:54.974-0400] {logging_mixin.py:188} INFO - [2025-06-05T14:02:54.974-0400] {dag.py:3036} INFO - Sync 1 DAGs
[2025-06-05T14:02:54.977-0400] {logging_mixin.py:188} INFO - [2025-06-05T14:02:54.977-0400] {dag.py:3823} INFO - Setting next_dagrun for tutorial_taskflow_api to None, run_after=None
[2025-06-05T14:02:54.984-0400] {processor.py:183} INFO - Processing /Users/vionasanda/Projects/netflix-retention-project/venv/lib/python3.9/site-packages/airflow/example_dags/tutorial_taskflow_api.py took 0.122 seconds
