[2025-06-05T13:46:44.973-0400] {processor.py:161} INFO - Started process (PID=46652) to work on /Users/vionasanda/Projects/netflix-retention-project/venv/lib/python3.9/site-packages/airflow/example_dags/plugins/event_listener.py
[2025-06-05T13:46:44.974-0400] {processor.py:830} INFO - Processing file /Users/vionasanda/Projects/netflix-retention-project/venv/lib/python3.9/site-packages/airflow/example_dags/plugins/event_listener.py for tasks to queue
[2025-06-05T13:46:44.974-0400] {logging_mixin.py:188} INFO - [2025-06-05T13:46:44.974-0400] {dagbag.py:538} INFO - Filling up the DagBag from /Users/vionasanda/Projects/netflix-retention-project/venv/lib/python3.9/site-packages/airflow/example_dags/plugins/event_listener.py
[2025-06-05T13:46:44.975-0400] {processor.py:842} WARNING - No viable dags retrieved from /Users/vionasanda/Projects/netflix-retention-project/venv/lib/python3.9/site-packages/airflow/example_dags/plugins/event_listener.py
[2025-06-05T13:46:45.013-0400] {processor.py:183} INFO - Processing /Users/vionasanda/Projects/netflix-retention-project/venv/lib/python3.9/site-packages/airflow/example_dags/plugins/event_listener.py took 0.041 seconds
[2025-06-05T13:48:08.944-0400] {processor.py:161} INFO - Started process (PID=46734) to work on /Users/vionasanda/Projects/netflix-retention-project/venv/lib/python3.9/site-packages/airflow/example_dags/plugins/event_listener.py
[2025-06-05T13:48:08.945-0400] {processor.py:830} INFO - Processing file /Users/vionasanda/Projects/netflix-retention-project/venv/lib/python3.9/site-packages/airflow/example_dags/plugins/event_listener.py for tasks to queue
[2025-06-05T13:48:08.946-0400] {logging_mixin.py:188} INFO - [2025-06-05T13:48:08.946-0400] {dagbag.py:538} INFO - Filling up the DagBag from /Users/vionasanda/Projects/netflix-retention-project/venv/lib/python3.9/site-packages/airflow/example_dags/plugins/event_listener.py
[2025-06-05T13:48:08.946-0400] {processor.py:842} WARNING - No viable dags retrieved from /Users/vionasanda/Projects/netflix-retention-project/venv/lib/python3.9/site-packages/airflow/example_dags/plugins/event_listener.py
[2025-06-05T13:48:08.981-0400] {processor.py:183} INFO - Processing /Users/vionasanda/Projects/netflix-retention-project/venv/lib/python3.9/site-packages/airflow/example_dags/plugins/event_listener.py took 0.038 seconds
[2025-06-05T13:49:03.187-0400] {processor.py:161} INFO - Started process (PID=46786) to work on /Users/vionasanda/Projects/netflix-retention-project/venv/lib/python3.9/site-packages/airflow/example_dags/plugins/event_listener.py
[2025-06-05T13:49:03.188-0400] {processor.py:830} INFO - Processing file /Users/vionasanda/Projects/netflix-retention-project/venv/lib/python3.9/site-packages/airflow/example_dags/plugins/event_listener.py for tasks to queue
[2025-06-05T13:49:03.188-0400] {logging_mixin.py:188} INFO - [2025-06-05T13:49:03.188-0400] {dagbag.py:538} INFO - Filling up the DagBag from /Users/vionasanda/Projects/netflix-retention-project/venv/lib/python3.9/site-packages/airflow/example_dags/plugins/event_listener.py
[2025-06-05T13:49:03.189-0400] {processor.py:842} WARNING - No viable dags retrieved from /Users/vionasanda/Projects/netflix-retention-project/venv/lib/python3.9/site-packages/airflow/example_dags/plugins/event_listener.py
[2025-06-05T13:49:03.223-0400] {processor.py:183} INFO - Processing /Users/vionasanda/Projects/netflix-retention-project/venv/lib/python3.9/site-packages/airflow/example_dags/plugins/event_listener.py took 0.037 seconds
[2025-06-05T13:49:57.469-0400] {processor.py:161} INFO - Started process (PID=46850) to work on /Users/vionasanda/Projects/netflix-retention-project/venv/lib/python3.9/site-packages/airflow/example_dags/plugins/event_listener.py
[2025-06-05T13:49:57.470-0400] {processor.py:830} INFO - Processing file /Users/vionasanda/Projects/netflix-retention-project/venv/lib/python3.9/site-packages/airflow/example_dags/plugins/event_listener.py for tasks to queue
[2025-06-05T13:49:57.471-0400] {logging_mixin.py:188} INFO - [2025-06-05T13:49:57.471-0400] {dagbag.py:538} INFO - Filling up the DagBag from /Users/vionasanda/Projects/netflix-retention-project/venv/lib/python3.9/site-packages/airflow/example_dags/plugins/event_listener.py
[2025-06-05T13:49:57.471-0400] {processor.py:842} WARNING - No viable dags retrieved from /Users/vionasanda/Projects/netflix-retention-project/venv/lib/python3.9/site-packages/airflow/example_dags/plugins/event_listener.py
[2025-06-05T13:49:57.504-0400] {processor.py:183} INFO - Processing /Users/vionasanda/Projects/netflix-retention-project/venv/lib/python3.9/site-packages/airflow/example_dags/plugins/event_listener.py took 0.035 seconds
[2025-06-05T14:02:51.523-0400] {processor.py:161} INFO - Started process (PID=49509) to work on /Users/vionasanda/Projects/netflix-retention-project/venv/lib/python3.9/site-packages/airflow/example_dags/plugins/event_listener.py
[2025-06-05T14:02:51.525-0400] {processor.py:830} INFO - Processing file /Users/vionasanda/Projects/netflix-retention-project/venv/lib/python3.9/site-packages/airflow/example_dags/plugins/event_listener.py for tasks to queue
[2025-06-05T14:02:51.525-0400] {logging_mixin.py:188} INFO - [2025-06-05T14:02:51.525-0400] {dagbag.py:538} INFO - Filling up the DagBag from /Users/vionasanda/Projects/netflix-retention-project/venv/lib/python3.9/site-packages/airflow/example_dags/plugins/event_listener.py
[2025-06-05T14:02:51.526-0400] {processor.py:842} WARNING - No viable dags retrieved from /Users/vionasanda/Projects/netflix-retention-project/venv/lib/python3.9/site-packages/airflow/example_dags/plugins/event_listener.py
[2025-06-05T14:02:51.559-0400] {processor.py:183} INFO - Processing /Users/vionasanda/Projects/netflix-retention-project/venv/lib/python3.9/site-packages/airflow/example_dags/plugins/event_listener.py took 0.036 seconds
