[2025-06-05T13:46:43.113-0400] {processor.py:161} INFO - Started process (PID=46650) to work on /Users/vionasanda/Projects/netflix-retention-project/venv/lib/python3.9/site-packages/airflow/example_dags/plugins/listener_plugin.py
[2025-06-05T13:46:43.115-0400] {processor.py:830} INFO - Processing file /Users/vionasanda/Projects/netflix-retention-project/venv/lib/python3.9/site-packages/airflow/example_dags/plugins/listener_plugin.py for tasks to queue
[2025-06-05T13:46:43.115-0400] {logging_mixin.py:188} INFO - [2025-06-05T13:46:43.115-0400] {dagbag.py:538} INFO - Filling up the DagBag from /Users/vionasanda/Projects/netflix-retention-project/venv/lib/python3.9/site-packages/airflow/example_dags/plugins/listener_plugin.py
[2025-06-05T13:46:43.116-0400] {processor.py:842} WARNING - No viable dags retrieved from /Users/vionasanda/Projects/netflix-retention-project/venv/lib/python3.9/site-packages/airflow/example_dags/plugins/listener_plugin.py
[2025-06-05T13:46:43.150-0400] {processor.py:183} INFO - Processing /Users/vionasanda/Projects/netflix-retention-project/venv/lib/python3.9/site-packages/airflow/example_dags/plugins/listener_plugin.py took 0.037 seconds
[2025-06-05T13:48:07.055-0400] {processor.py:161} INFO - Started process (PID=46733) to work on /Users/vionasanda/Projects/netflix-retention-project/venv/lib/python3.9/site-packages/airflow/example_dags/plugins/listener_plugin.py
[2025-06-05T13:48:07.057-0400] {processor.py:830} INFO - Processing file /Users/vionasanda/Projects/netflix-retention-project/venv/lib/python3.9/site-packages/airflow/example_dags/plugins/listener_plugin.py for tasks to queue
[2025-06-05T13:48:07.057-0400] {logging_mixin.py:188} INFO - [2025-06-05T13:48:07.057-0400] {dagbag.py:538} INFO - Filling up the DagBag from /Users/vionasanda/Projects/netflix-retention-project/venv/lib/python3.9/site-packages/airflow/example_dags/plugins/listener_plugin.py
[2025-06-05T13:48:07.058-0400] {processor.py:842} WARNING - No viable dags retrieved from /Users/vionasanda/Projects/netflix-retention-project/venv/lib/python3.9/site-packages/airflow/example_dags/plugins/listener_plugin.py
[2025-06-05T13:48:07.092-0400] {processor.py:183} INFO - Processing /Users/vionasanda/Projects/netflix-retention-project/venv/lib/python3.9/site-packages/airflow/example_dags/plugins/listener_plugin.py took 0.038 seconds
[2025-06-05T13:49:01.223-0400] {processor.py:161} INFO - Started process (PID=46781) to work on /Users/vionasanda/Projects/netflix-retention-project/venv/lib/python3.9/site-packages/airflow/example_dags/plugins/listener_plugin.py
[2025-06-05T13:49:01.224-0400] {processor.py:830} INFO - Processing file /Users/vionasanda/Projects/netflix-retention-project/venv/lib/python3.9/site-packages/airflow/example_dags/plugins/listener_plugin.py for tasks to queue
[2025-06-05T13:49:01.224-0400] {logging_mixin.py:188} INFO - [2025-06-05T13:49:01.224-0400] {dagbag.py:538} INFO - Filling up the DagBag from /Users/vionasanda/Projects/netflix-retention-project/venv/lib/python3.9/site-packages/airflow/example_dags/plugins/listener_plugin.py
[2025-06-05T13:49:01.226-0400] {processor.py:842} WARNING - No viable dags retrieved from /Users/vionasanda/Projects/netflix-retention-project/venv/lib/python3.9/site-packages/airflow/example_dags/plugins/listener_plugin.py
[2025-06-05T13:49:01.260-0400] {processor.py:183} INFO - Processing /Users/vionasanda/Projects/netflix-retention-project/venv/lib/python3.9/site-packages/airflow/example_dags/plugins/listener_plugin.py took 0.038 seconds
[2025-06-05T13:49:55.668-0400] {processor.py:161} INFO - Started process (PID=46849) to work on /Users/vionasanda/Projects/netflix-retention-project/venv/lib/python3.9/site-packages/airflow/example_dags/plugins/listener_plugin.py
[2025-06-05T13:49:55.670-0400] {processor.py:830} INFO - Processing file /Users/vionasanda/Projects/netflix-retention-project/venv/lib/python3.9/site-packages/airflow/example_dags/plugins/listener_plugin.py for tasks to queue
[2025-06-05T13:49:55.670-0400] {logging_mixin.py:188} INFO - [2025-06-05T13:49:55.670-0400] {dagbag.py:538} INFO - Filling up the DagBag from /Users/vionasanda/Projects/netflix-retention-project/venv/lib/python3.9/site-packages/airflow/example_dags/plugins/listener_plugin.py
[2025-06-05T13:49:55.672-0400] {processor.py:842} WARNING - No viable dags retrieved from /Users/vionasanda/Projects/netflix-retention-project/venv/lib/python3.9/site-packages/airflow/example_dags/plugins/listener_plugin.py
[2025-06-05T13:49:55.704-0400] {processor.py:183} INFO - Processing /Users/vionasanda/Projects/netflix-retention-project/venv/lib/python3.9/site-packages/airflow/example_dags/plugins/listener_plugin.py took 0.036 seconds
[2025-06-05T14:02:49.712-0400] {processor.py:161} INFO - Started process (PID=49508) to work on /Users/vionasanda/Projects/netflix-retention-project/venv/lib/python3.9/site-packages/airflow/example_dags/plugins/listener_plugin.py
[2025-06-05T14:02:49.713-0400] {processor.py:830} INFO - Processing file /Users/vionasanda/Projects/netflix-retention-project/venv/lib/python3.9/site-packages/airflow/example_dags/plugins/listener_plugin.py for tasks to queue
[2025-06-05T14:02:49.713-0400] {logging_mixin.py:188} INFO - [2025-06-05T14:02:49.713-0400] {dagbag.py:538} INFO - Filling up the DagBag from /Users/vionasanda/Projects/netflix-retention-project/venv/lib/python3.9/site-packages/airflow/example_dags/plugins/listener_plugin.py
[2025-06-05T14:02:49.714-0400] {processor.py:842} WARNING - No viable dags retrieved from /Users/vionasanda/Projects/netflix-retention-project/venv/lib/python3.9/site-packages/airflow/example_dags/plugins/listener_plugin.py
[2025-06-05T14:02:49.747-0400] {processor.py:183} INFO - Processing /Users/vionasanda/Projects/netflix-retention-project/venv/lib/python3.9/site-packages/airflow/example_dags/plugins/listener_plugin.py took 0.036 seconds
