[2025-06-05T13:46:40.856-0400] {processor.py:161} INFO - Started process (PID=46642) to work on /Users/vionasanda/Projects/netflix-retention-project/venv/lib/python3.9/site-packages/airflow/example_dags/plugins/workday.py
[2025-06-05T13:46:40.857-0400] {processor.py:830} INFO - Processing file /Users/vionasanda/Projects/netflix-retention-project/venv/lib/python3.9/site-packages/airflow/example_dags/plugins/workday.py for tasks to queue
[2025-06-05T13:46:40.857-0400] {logging_mixin.py:188} INFO - [2025-06-05T13:46:40.857-0400] {dagbag.py:538} INFO - Filling up the DagBag from /Users/vionasanda/Projects/netflix-retention-project/venv/lib/python3.9/site-packages/airflow/example_dags/plugins/workday.py
[2025-06-05T13:46:41.212-0400] {processor.py:842} WARNING - No viable dags retrieved from /Users/vionasanda/Projects/netflix-retention-project/venv/lib/python3.9/site-packages/airflow/example_dags/plugins/workday.py
[2025-06-05T13:46:41.275-0400] {processor.py:183} INFO - Processing /Users/vionasanda/Projects/netflix-retention-project/venv/lib/python3.9/site-packages/airflow/example_dags/plugins/workday.py took 0.419 seconds
[2025-06-05T13:48:04.872-0400] {processor.py:161} INFO - Started process (PID=46732) to work on /Users/vionasanda/Projects/netflix-retention-project/venv/lib/python3.9/site-packages/airflow/example_dags/plugins/workday.py
[2025-06-05T13:48:04.873-0400] {processor.py:830} INFO - Processing file /Users/vionasanda/Projects/netflix-retention-project/venv/lib/python3.9/site-packages/airflow/example_dags/plugins/workday.py for tasks to queue
[2025-06-05T13:48:04.874-0400] {logging_mixin.py:188} INFO - [2025-06-05T13:48:04.874-0400] {dagbag.py:538} INFO - Filling up the DagBag from /Users/vionasanda/Projects/netflix-retention-project/venv/lib/python3.9/site-packages/airflow/example_dags/plugins/workday.py
[2025-06-05T13:48:05.182-0400] {processor.py:842} WARNING - No viable dags retrieved from /Users/vionasanda/Projects/netflix-retention-project/venv/lib/python3.9/site-packages/airflow/example_dags/plugins/workday.py
[2025-06-05T13:48:05.241-0400] {processor.py:183} INFO - Processing /Users/vionasanda/Projects/netflix-retention-project/venv/lib/python3.9/site-packages/airflow/example_dags/plugins/workday.py took 0.369 seconds
[2025-06-05T13:48:58.883-0400] {processor.py:161} INFO - Started process (PID=46780) to work on /Users/vionasanda/Projects/netflix-retention-project/venv/lib/python3.9/site-packages/airflow/example_dags/plugins/workday.py
[2025-06-05T13:48:58.885-0400] {processor.py:830} INFO - Processing file /Users/vionasanda/Projects/netflix-retention-project/venv/lib/python3.9/site-packages/airflow/example_dags/plugins/workday.py for tasks to queue
[2025-06-05T13:48:58.885-0400] {logging_mixin.py:188} INFO - [2025-06-05T13:48:58.885-0400] {dagbag.py:538} INFO - Filling up the DagBag from /Users/vionasanda/Projects/netflix-retention-project/venv/lib/python3.9/site-packages/airflow/example_dags/plugins/workday.py
[2025-06-05T13:48:59.220-0400] {processor.py:842} WARNING - No viable dags retrieved from /Users/vionasanda/Projects/netflix-retention-project/venv/lib/python3.9/site-packages/airflow/example_dags/plugins/workday.py
[2025-06-05T13:48:59.288-0400] {processor.py:183} INFO - Processing /Users/vionasanda/Projects/netflix-retention-project/venv/lib/python3.9/site-packages/airflow/example_dags/plugins/workday.py took 0.405 seconds
[2025-06-05T13:49:53.523-0400] {processor.py:161} INFO - Started process (PID=46848) to work on /Users/vionasanda/Projects/netflix-retention-project/venv/lib/python3.9/site-packages/airflow/example_dags/plugins/workday.py
[2025-06-05T13:49:53.524-0400] {processor.py:830} INFO - Processing file /Users/vionasanda/Projects/netflix-retention-project/venv/lib/python3.9/site-packages/airflow/example_dags/plugins/workday.py for tasks to queue
[2025-06-05T13:49:53.524-0400] {logging_mixin.py:188} INFO - [2025-06-05T13:49:53.524-0400] {dagbag.py:538} INFO - Filling up the DagBag from /Users/vionasanda/Projects/netflix-retention-project/venv/lib/python3.9/site-packages/airflow/example_dags/plugins/workday.py
[2025-06-05T13:49:53.826-0400] {processor.py:842} WARNING - No viable dags retrieved from /Users/vionasanda/Projects/netflix-retention-project/venv/lib/python3.9/site-packages/airflow/example_dags/plugins/workday.py
[2025-06-05T13:49:53.883-0400] {processor.py:183} INFO - Processing /Users/vionasanda/Projects/netflix-retention-project/venv/lib/python3.9/site-packages/airflow/example_dags/plugins/workday.py took 0.361 seconds
[2025-06-05T14:02:47.477-0400] {processor.py:161} INFO - Started process (PID=49501) to work on /Users/vionasanda/Projects/netflix-retention-project/venv/lib/python3.9/site-packages/airflow/example_dags/plugins/workday.py
[2025-06-05T14:02:47.478-0400] {processor.py:830} INFO - Processing file /Users/vionasanda/Projects/netflix-retention-project/venv/lib/python3.9/site-packages/airflow/example_dags/plugins/workday.py for tasks to queue
[2025-06-05T14:02:47.479-0400] {logging_mixin.py:188} INFO - [2025-06-05T14:02:47.479-0400] {dagbag.py:538} INFO - Filling up the DagBag from /Users/vionasanda/Projects/netflix-retention-project/venv/lib/python3.9/site-packages/airflow/example_dags/plugins/workday.py
[2025-06-05T14:02:47.779-0400] {processor.py:842} WARNING - No viable dags retrieved from /Users/vionasanda/Projects/netflix-retention-project/venv/lib/python3.9/site-packages/airflow/example_dags/plugins/workday.py
[2025-06-05T14:02:47.837-0400] {processor.py:183} INFO - Processing /Users/vionasanda/Projects/netflix-retention-project/venv/lib/python3.9/site-packages/airflow/example_dags/plugins/workday.py took 0.361 seconds
