[2025-06-05T13:46:39.044-0400] {processor.py:161} INFO - Started process (PID=46640) to work on /Users/vionasanda/Projects/netflix-retention-project/venv/lib/python3.9/site-packages/airflow/example_dags/subdags/subdag.py
[2025-06-05T13:46:39.045-0400] {processor.py:830} INFO - Processing file /Users/vionasanda/Projects/netflix-retention-project/venv/lib/python3.9/site-packages/airflow/example_dags/subdags/subdag.py for tasks to queue
[2025-06-05T13:46:39.045-0400] {logging_mixin.py:188} INFO - [2025-06-05T13:46:39.045-0400] {dagbag.py:538} INFO - Filling up the DagBag from /Users/vionasanda/Projects/netflix-retention-project/venv/lib/python3.9/site-packages/airflow/example_dags/subdags/subdag.py
[2025-06-05T13:46:39.047-0400] {processor.py:842} WARNING - No viable dags retrieved from /Users/vionasanda/Projects/netflix-retention-project/venv/lib/python3.9/site-packages/airflow/example_dags/subdags/subdag.py
[2025-06-05T13:46:39.079-0400] {processor.py:183} INFO - Processing /Users/vionasanda/Projects/netflix-retention-project/venv/lib/python3.9/site-packages/airflow/example_dags/subdags/subdag.py took 0.036 seconds
[2025-06-05T13:48:03.054-0400] {processor.py:161} INFO - Started process (PID=46731) to work on /Users/vionasanda/Projects/netflix-retention-project/venv/lib/python3.9/site-packages/airflow/example_dags/subdags/subdag.py
[2025-06-05T13:48:03.056-0400] {processor.py:830} INFO - Processing file /Users/vionasanda/Projects/netflix-retention-project/venv/lib/python3.9/site-packages/airflow/example_dags/subdags/subdag.py for tasks to queue
[2025-06-05T13:48:03.056-0400] {logging_mixin.py:188} INFO - [2025-06-05T13:48:03.056-0400] {dagbag.py:538} INFO - Filling up the DagBag from /Users/vionasanda/Projects/netflix-retention-project/venv/lib/python3.9/site-packages/airflow/example_dags/subdags/subdag.py
[2025-06-05T13:48:03.057-0400] {processor.py:842} WARNING - No viable dags retrieved from /Users/vionasanda/Projects/netflix-retention-project/venv/lib/python3.9/site-packages/airflow/example_dags/subdags/subdag.py
[2025-06-05T13:48:03.089-0400] {processor.py:183} INFO - Processing /Users/vionasanda/Projects/netflix-retention-project/venv/lib/python3.9/site-packages/airflow/example_dags/subdags/subdag.py took 0.036 seconds
[2025-06-05T13:48:57.003-0400] {processor.py:161} INFO - Started process (PID=46778) to work on /Users/vionasanda/Projects/netflix-retention-project/venv/lib/python3.9/site-packages/airflow/example_dags/subdags/subdag.py
[2025-06-05T13:48:57.005-0400] {processor.py:830} INFO - Processing file /Users/vionasanda/Projects/netflix-retention-project/venv/lib/python3.9/site-packages/airflow/example_dags/subdags/subdag.py for tasks to queue
[2025-06-05T13:48:57.005-0400] {logging_mixin.py:188} INFO - [2025-06-05T13:48:57.005-0400] {dagbag.py:538} INFO - Filling up the DagBag from /Users/vionasanda/Projects/netflix-retention-project/venv/lib/python3.9/site-packages/airflow/example_dags/subdags/subdag.py
[2025-06-05T13:48:57.006-0400] {processor.py:842} WARNING - No viable dags retrieved from /Users/vionasanda/Projects/netflix-retention-project/venv/lib/python3.9/site-packages/airflow/example_dags/subdags/subdag.py
[2025-06-05T13:48:57.047-0400] {processor.py:183} INFO - Processing /Users/vionasanda/Projects/netflix-retention-project/venv/lib/python3.9/site-packages/airflow/example_dags/subdags/subdag.py took 0.044 seconds
[2025-06-05T13:49:51.709-0400] {processor.py:161} INFO - Started process (PID=46846) to work on /Users/vionasanda/Projects/netflix-retention-project/venv/lib/python3.9/site-packages/airflow/example_dags/subdags/subdag.py
[2025-06-05T13:49:51.711-0400] {processor.py:830} INFO - Processing file /Users/vionasanda/Projects/netflix-retention-project/venv/lib/python3.9/site-packages/airflow/example_dags/subdags/subdag.py for tasks to queue
[2025-06-05T13:49:51.711-0400] {logging_mixin.py:188} INFO - [2025-06-05T13:49:51.711-0400] {dagbag.py:538} INFO - Filling up the DagBag from /Users/vionasanda/Projects/netflix-retention-project/venv/lib/python3.9/site-packages/airflow/example_dags/subdags/subdag.py
[2025-06-05T13:49:51.712-0400] {processor.py:842} WARNING - No viable dags retrieved from /Users/vionasanda/Projects/netflix-retention-project/venv/lib/python3.9/site-packages/airflow/example_dags/subdags/subdag.py
[2025-06-05T13:49:51.746-0400] {processor.py:183} INFO - Processing /Users/vionasanda/Projects/netflix-retention-project/venv/lib/python3.9/site-packages/airflow/example_dags/subdags/subdag.py took 0.037 seconds
[2025-06-05T14:02:45.660-0400] {processor.py:161} INFO - Started process (PID=49499) to work on /Users/vionasanda/Projects/netflix-retention-project/venv/lib/python3.9/site-packages/airflow/example_dags/subdags/subdag.py
[2025-06-05T14:02:45.661-0400] {processor.py:830} INFO - Processing file /Users/vionasanda/Projects/netflix-retention-project/venv/lib/python3.9/site-packages/airflow/example_dags/subdags/subdag.py for tasks to queue
[2025-06-05T14:02:45.662-0400] {logging_mixin.py:188} INFO - [2025-06-05T14:02:45.662-0400] {dagbag.py:538} INFO - Filling up the DagBag from /Users/vionasanda/Projects/netflix-retention-project/venv/lib/python3.9/site-packages/airflow/example_dags/subdags/subdag.py
[2025-06-05T14:02:45.663-0400] {processor.py:842} WARNING - No viable dags retrieved from /Users/vionasanda/Projects/netflix-retention-project/venv/lib/python3.9/site-packages/airflow/example_dags/subdags/subdag.py
[2025-06-05T14:02:45.696-0400] {processor.py:183} INFO - Processing /Users/vionasanda/Projects/netflix-retention-project/venv/lib/python3.9/site-packages/airflow/example_dags/subdags/subdag.py took 0.036 seconds
